{"C:\\Users\\Usuario\\Documents\\dev\\road-trip\\src\\data\\models\\fuelStationModel.ts": {"path":"C:\\Users\\Usuario\\Documents\\dev\\road-trip\\src\\data\\models\\fuelStationModel.ts","statementMap":{"0":{"start":{"line":20,"column":4},"end":{"line":20,"column":38}},"1":{"start":{"line":21,"column":4},"end":{"line":21,"column":28}},"2":{"start":{"line":22,"column":4},"end":{"line":22,"column":30}},"3":{"start":{"line":23,"column":4},"end":{"line":23,"column":38}},"4":{"start":{"line":24,"column":4},"end":{"line":24,"column":36}},"5":{"start":{"line":29,"column":18},"end":{"line":29,"column":43}},"6":{"start":{"line":31,"column":6},"end":{"line":34,"column":15}},"7":{"start":{"line":35,"column":4},"end":{"line":35,"column":67}},"8":{"start":{"line":35,"column":55},"end":{"line":35,"column":67}},"9":{"start":{"line":37,"column":18},"end":{"line":39,"column":29}},"10":{"start":{"line":41,"column":4},"end":{"line":49,"column":7}},"11":{"start":{"line":59,"column":0},"end":{"line":73,"column":2}},"12":{"start":{"line":62,"column":2},"end":{"line":72,"column":5}}},"fnMap":{"0":{"name":"(anonymous_0)","decl":{"start":{"line":19,"column":2},"end":{"line":19,"column":3}},"loc":{"start":{"line":19,"column":57},"end":{"line":25,"column":3}},"line":19},"1":{"name":"(anonymous_1)","decl":{"start":{"line":28,"column":2},"end":{"line":28,"column":3}},"loc":{"start":{"line":28,"column":66},"end":{"line":50,"column":3}},"line":28},"2":{"name":"toDomain","decl":{"start":{"line":59,"column":47},"end":{"line":59,"column":55}},"loc":{"start":{"line":61,"column":15},"end":{"line":73,"column":1}},"line":61}},"branchMap":{"0":{"loc":{"start":{"line":29,"column":18},"end":{"line":29,"column":43}},"type":"binary-expr","locations":[{"start":{"line":29,"column":18},"end":{"line":29,"column":37}},{"start":{"line":29,"column":41},"end":{"line":29,"column":43}}],"line":29},"1":{"loc":{"start":{"line":31,"column":6},"end":{"line":34,"column":15}},"type":"binary-expr","locations":[{"start":{"line":31,"column":6},"end":{"line":31,"column":36}},{"start":{"line":32,"column":7},"end":{"line":34,"column":14}}],"line":31},"2":{"loc":{"start":{"line":32,"column":7},"end":{"line":34,"column":14}},"type":"cond-expr","locations":[{"start":{"line":33,"column":10},"end":{"line":33,"column":67}},{"start":{"line":34,"column":10},"end":{"line":34,"column":14}}],"line":32},"3":{"loc":{"start":{"line":35,"column":4},"end":{"line":35,"column":67}},"type":"if","locations":[{"start":{"line":35,"column":4},"end":{"line":35,"column":67}},{"start":{},"end":{}}],"line":35},"4":{"loc":{"start":{"line":35,"column":8},"end":{"line":35,"column":53}},"type":"binary-expr","locations":[{"start":{"line":35,"column":8},"end":{"line":35,"column":30}},{"start":{"line":35,"column":34},"end":{"line":35,"column":53}}],"line":35},"5":{"loc":{"start":{"line":37,"column":18},"end":{"line":39,"column":29}},"type":"cond-expr","locations":[{"start":{"line":38,"column":8},"end":{"line":38,"column":22}},{"start":{"line":39,"column":9},"end":{"line":39,"column":28}}],"line":37},"6":{"loc":{"start":{"line":39,"column":9},"end":{"line":39,"column":28}},"type":"binary-expr","locations":[{"start":{"line":39,"column":9},"end":{"line":39,"column":20}},{"start":{"line":39,"column":24},"end":{"line":39,"column":28}}],"line":39},"7":{"loc":{"start":{"line":43,"column":8},"end":{"line":43,"column":68}},"type":"binary-expr","locations":[{"start":{"line":43,"column":8},"end":{"line":43,"column":23}},{"start":{"line":43,"column":27},"end":{"line":43,"column":37}},{"start":{"line":43,"column":41},"end":{"line":43,"column":68}}],"line":43},"8":{"loc":{"start":{"line":45,"column":19},"end":{"line":45,"column":55}},"type":"binary-expr","locations":[{"start":{"line":45,"column":19},"end":{"line":45,"column":29}},{"start":{"line":45,"column":33},"end":{"line":45,"column":55}}],"line":45},"9":{"loc":{"start":{"line":46,"column":13},"end":{"line":46,"column":41}},"type":"cond-expr","locations":[{"start":{"line":46,"column":21},"end":{"line":46,"column":34}},{"start":{"line":46,"column":37},"end":{"line":46,"column":41}}],"line":46},"10":{"loc":{"start":{"line":71,"column":20},"end":{"line":71,"column":42}},"type":"binary-expr","locations":[{"start":{"line":71,"column":20},"end":{"line":71,"column":34}},{"start":{"line":71,"column":38},"end":{"line":71,"column":42}}],"line":71}},"s":{"0":2,"1":2,"2":2,"3":2,"4":2,"5":3,"6":3,"7":3,"8":1,"9":2,"10":2,"11":2,"12":2},"f":{"0":2,"1":3,"2":2},"b":{"0":[3,0],"1":[3,1],"2":[0,1],"3":[1,2],"4":[3,2],"5":[1,1],"6":[1,1],"7":[2,0,0],"8":[2,0],"9":[1,1],"10":[2,0]},"_coverageSchema":"1a1c01bbd47fc00a2c39e90264f33305004495a9","hash":"4c29d03d0224b4343a1cfa76dff8710bf2d6caf1"}
,"C:\\Users\\Usuario\\Documents\\dev\\road-trip\\src\\data\\models\\locationModel.ts": {"path":"C:\\Users\\Usuario\\Documents\\dev\\road-trip\\src\\data\\models\\locationModel.ts","statementMap":{"0":{"start":{"line":14,"column":15},"end":{"line":18,"column":1}},"1":{"start":{"line":15,"column":2},"end":{"line":15,"column":42}},"2":{"start":{"line":15,"column":29},"end":{"line":15,"column":42}},"3":{"start":{"line":16,"column":2},"end":{"line":16,"column":56}},"4":{"start":{"line":16,"column":33},"end":{"line":16,"column":56}},"5":{"start":{"line":17,"column":2},"end":{"line":17,"column":20}},"6":{"start":{"line":35,"column":4},"end":{"line":35,"column":36}},"7":{"start":{"line":36,"column":4},"end":{"line":36,"column":38}},"8":{"start":{"line":37,"column":4},"end":{"line":37,"column":36}},"9":{"start":{"line":38,"column":4},"end":{"line":38,"column":34}},"10":{"start":{"line":39,"column":4},"end":{"line":39,"column":30}},"11":{"start":{"line":40,"column":4},"end":{"line":40,"column":38}},"12":{"start":{"line":42,"column":4},"end":{"line":42,"column":32}},"13":{"start":{"line":46,"column":19},"end":{"line":46,"column":37}},"14":{"start":{"line":47,"column":4},"end":{"line":54,"column":7}},"15":{"start":{"line":58,"column":4},"end":{"line":65,"column":6}},"16":{"start":{"line":75,"column":0},"end":{"line":84,"column":2}},"17":{"start":{"line":76,"column":2},"end":{"line":83,"column":5}}},"fnMap":{"0":{"name":"(anonymous_0)","decl":{"start":{"line":14,"column":15},"end":{"line":14,"column":16}},"loc":{"start":{"line":14,"column":41},"end":{"line":18,"column":1}},"line":14},"1":{"name":"(anonymous_1)","decl":{"start":{"line":34,"column":2},"end":{"line":34,"column":3}},"loc":{"start":{"line":34,"column":54},"end":{"line":43,"column":3}},"line":34},"2":{"name":"(anonymous_2)","decl":{"start":{"line":45,"column":2},"end":{"line":45,"column":3}},"loc":{"start":{"line":45,"column":44},"end":{"line":55,"column":3}},"line":45},"3":{"name":"(anonymous_3)","decl":{"start":{"line":57,"column":2},"end":{"line":57,"column":3}},"loc":{"start":{"line":57,"column":36},"end":{"line":66,"column":3}},"line":57},"4":{"name":"toDomain","decl":{"start":{"line":75,"column":44},"end":{"line":75,"column":52}},"loc":{"start":{"line":75,"column":68},"end":{"line":84,"column":1}},"line":75}},"branchMap":{"0":{"loc":{"start":{"line":15,"column":2},"end":{"line":15,"column":42}},"type":"if","locations":[{"start":{"line":15,"column":2},"end":{"line":15,"column":42}},{"start":{},"end":{}}],"line":15},"1":{"loc":{"start":{"line":16,"column":2},"end":{"line":16,"column":56}},"type":"if","locations":[{"start":{"line":16,"column":2},"end":{"line":16,"column":56}},{"start":{},"end":{}}],"line":16},"2":{"loc":{"start":{"line":46,"column":19},"end":{"line":46,"column":37}},"type":"binary-expr","locations":[{"start":{"line":46,"column":19},"end":{"line":46,"column":31}},{"start":{"line":46,"column":35},"end":{"line":46,"column":37}}],"line":46},"3":{"loc":{"start":{"line":50,"column":16},"end":{"line":50,"column":39}},"type":"binary-expr","locations":[{"start":{"line":50,"column":16},"end":{"line":50,"column":31}},{"start":{"line":50,"column":35},"end":{"line":50,"column":39}}],"line":50},"4":{"loc":{"start":{"line":51,"column":15},"end":{"line":51,"column":37}},"type":"binary-expr","locations":[{"start":{"line":51,"column":15},"end":{"line":51,"column":29}},{"start":{"line":51,"column":33},"end":{"line":51,"column":37}}],"line":51},"5":{"loc":{"start":{"line":52,"column":13},"end":{"line":52,"column":33}},"type":"binary-expr","locations":[{"start":{"line":52,"column":13},"end":{"line":52,"column":25}},{"start":{"line":52,"column":29},"end":{"line":52,"column":33}}],"line":52},"6":{"loc":{"start":{"line":53,"column":17},"end":{"line":53,"column":46}},"type":"binary-expr","locations":[{"start":{"line":53,"column":17},"end":{"line":53,"column":32}},{"start":{"line":53,"column":36},"end":{"line":53,"column":46}}],"line":53}},"s":{"0":1,"1":3,"2":0,"3":3,"4":3,"5":0,"6":4,"7":4,"8":4,"9":4,"10":4,"11":4,"12":4,"13":4,"14":4,"15":1,"16":1,"17":3},"f":{"0":3,"1":4,"2":4,"3":1,"4":3},"b":{"0":[0,3],"1":[3,0],"2":[4,0],"3":[4,1],"4":[4,1],"5":[4,1],"6":[4,1]},"_coverageSchema":"1a1c01bbd47fc00a2c39e90264f33305004495a9","hash":"1671d337ae9738121eb3d0b469d31045f0103ad2"}
,"C:\\Users\\Usuario\\Documents\\dev\\road-trip\\src\\data\\models\\motorcycleModel.ts": {"path":"C:\\Users\\Usuario\\Documents\\dev\\road-trip\\src\\data\\models\\motorcycleModel.ts","statementMap":{"0":{"start":{"line":18,"column":2},"end":{"line":18,"column":42}},"1":{"start":{"line":18,"column":29},"end":{"line":18,"column":42}},"2":{"start":{"line":19,"column":2},"end":{"line":21,"column":3}},"3":{"start":{"line":20,"column":4},"end":{"line":20,"column":27}},"4":{"start":{"line":22,"column":2},"end":{"line":27,"column":3}},"5":{"start":{"line":26,"column":4},"end":{"line":26,"column":54}},"6":{"start":{"line":28,"column":2},"end":{"line":28,"column":20}},"7":{"start":{"line":32,"column":2},"end":{"line":32,"column":51}},"8":{"start":{"line":49,"column":4},"end":{"line":49,"column":24}},"9":{"start":{"line":50,"column":4},"end":{"line":50,"column":36}},"10":{"start":{"line":51,"column":4},"end":{"line":51,"column":30}},"11":{"start":{"line":52,"column":4},"end":{"line":52,"column":30}},"12":{"start":{"line":53,"column":4},"end":{"line":53,"column":28}},"13":{"start":{"line":54,"column":4},"end":{"line":54,"column":36}},"14":{"start":{"line":55,"column":4},"end":{"line":55,"column":38}},"15":{"start":{"line":56,"column":4},"end":{"line":56,"column":60}},"16":{"start":{"line":57,"column":4},"end":{"line":57,"column":78}},"17":{"start":{"line":58,"column":4},"end":{"line":58,"column":38}},"18":{"start":{"line":59,"column":4},"end":{"line":59,"column":40}},"19":{"start":{"line":63,"column":4},"end":{"line":77,"column":7}},"20":{"start":{"line":81,"column":4},"end":{"line":93,"column":6}},"21":{"start":{"line":103,"column":0},"end":{"line":117,"column":2}},"22":{"start":{"line":104,"column":2},"end":{"line":116,"column":5}}},"fnMap":{"0":{"name":"toDate","decl":{"start":{"line":17,"column":9},"end":{"line":17,"column":15}},"loc":{"start":{"line":17,"column":38},"end":{"line":29,"column":1}},"line":17},"1":{"name":"toFuelType","decl":{"start":{"line":31,"column":9},"end":{"line":31,"column":19}},"loc":{"start":{"line":31,"column":46},"end":{"line":33,"column":1}},"line":31},"2":{"name":"(anonymous_2)","decl":{"start":{"line":48,"column":2},"end":{"line":48,"column":3}},"loc":{"start":{"line":48,"column":56},"end":{"line":60,"column":3}},"line":48},"3":{"name":"(anonymous_3)","decl":{"start":{"line":62,"column":2},"end":{"line":62,"column":3}},"loc":{"start":{"line":62,"column":46},"end":{"line":78,"column":3}},"line":62},"4":{"name":"(anonymous_4)","decl":{"start":{"line":80,"column":2},"end":{"line":80,"column":3}},"loc":{"start":{"line":80,"column":36},"end":{"line":94,"column":3}},"line":80},"5":{"name":"toDomain","decl":{"start":{"line":103,"column":46},"end":{"line":103,"column":54}},"loc":{"start":{"line":103,"column":69},"end":{"line":117,"column":1}},"line":103}},"branchMap":{"0":{"loc":{"start":{"line":18,"column":2},"end":{"line":18,"column":42}},"type":"if","locations":[{"start":{"line":18,"column":2},"end":{"line":18,"column":42}},{"start":{},"end":{}}],"line":18},"1":{"loc":{"start":{"line":19,"column":2},"end":{"line":21,"column":3}},"type":"if","locations":[{"start":{"line":19,"column":2},"end":{"line":21,"column":3}},{"start":{},"end":{}}],"line":19},"2":{"loc":{"start":{"line":19,"column":6},"end":{"line":19,"column":60}},"type":"binary-expr","locations":[{"start":{"line":19,"column":6},"end":{"line":19,"column":31}},{"start":{"line":19,"column":35},"end":{"line":19,"column":60}}],"line":19},"3":{"loc":{"start":{"line":22,"column":2},"end":{"line":27,"column":3}},"type":"if","locations":[{"start":{"line":22,"column":2},"end":{"line":27,"column":3}},{"start":{},"end":{}}],"line":22},"4":{"loc":{"start":{"line":23,"column":4},"end":{"line":24,"column":67}},"type":"binary-expr","locations":[{"start":{"line":23,"column":4},"end":{"line":23,"column":9}},{"start":{"line":24,"column":4},"end":{"line":24,"column":67}}],"line":23},"5":{"loc":{"start":{"line":32,"column":9},"end":{"line":32,"column":50}},"type":"cond-expr","locations":[{"start":{"line":32,"column":29},"end":{"line":32,"column":36}},{"start":{"line":32,"column":39},"end":{"line":32,"column":50}}],"line":32},"6":{"loc":{"start":{"line":64,"column":17},"end":{"line":64,"column":30}},"type":"binary-expr","locations":[{"start":{"line":64,"column":17},"end":{"line":64,"column":24}},{"start":{"line":64,"column":28},"end":{"line":64,"column":30}}],"line":64},"7":{"loc":{"start":{"line":65,"column":23},"end":{"line":65,"column":42}},"type":"binary-expr","locations":[{"start":{"line":65,"column":23},"end":{"line":65,"column":36}},{"start":{"line":65,"column":40},"end":{"line":65,"column":42}}],"line":65},"8":{"loc":{"start":{"line":66,"column":20},"end":{"line":66,"column":36}},"type":"binary-expr","locations":[{"start":{"line":66,"column":20},"end":{"line":66,"column":30}},{"start":{"line":66,"column":34},"end":{"line":66,"column":36}}],"line":66},"9":{"loc":{"start":{"line":67,"column":20},"end":{"line":67,"column":36}},"type":"binary-expr","locations":[{"start":{"line":67,"column":20},"end":{"line":67,"column":30}},{"start":{"line":67,"column":34},"end":{"line":67,"column":36}}],"line":67},"10":{"loc":{"start":{"line":68,"column":19},"end":{"line":68,"column":33}},"type":"binary-expr","locations":[{"start":{"line":68,"column":19},"end":{"line":68,"column":28}},{"start":{"line":68,"column":32},"end":{"line":68,"column":33}}],"line":68},"11":{"loc":{"start":{"line":69,"column":16},"end":{"line":69,"column":37}},"type":"binary-expr","locations":[{"start":{"line":69,"column":16},"end":{"line":69,"column":29}},{"start":{"line":69,"column":33},"end":{"line":69,"column":37}}],"line":69},"12":{"loc":{"start":{"line":70,"column":24},"end":{"line":70,"column":53}},"type":"binary-expr","locations":[{"start":{"line":70,"column":24},"end":{"line":70,"column":38}},{"start":{"line":70,"column":42},"end":{"line":70,"column":53}}],"line":70},"13":{"loc":{"start":{"line":71,"column":35},"end":{"line":71,"column":65}},"type":"binary-expr","locations":[{"start":{"line":71,"column":35},"end":{"line":71,"column":60}},{"start":{"line":71,"column":64},"end":{"line":71,"column":65}}],"line":71},"14":{"loc":{"start":{"line":73,"column":8},"end":{"line":73,"column":47}},"type":"binary-expr","locations":[{"start":{"line":73,"column":8},"end":{"line":73,"column":42}},{"start":{"line":73,"column":46},"end":{"line":73,"column":47}}],"line":73},"15":{"loc":{"start":{"line":75,"column":17},"end":{"line":75,"column":71}},"type":"cond-expr","locations":[{"start":{"line":75,"column":42},"end":{"line":75,"column":64}},{"start":{"line":75,"column":67},"end":{"line":75,"column":71}}],"line":75},"16":{"loc":{"start":{"line":76,"column":18},"end":{"line":76,"column":61}},"type":"binary-expr","locations":[{"start":{"line":76,"column":18},"end":{"line":76,"column":33}},{"start":{"line":76,"column":37},"end":{"line":76,"column":61}}],"line":76}},"s":{"0":3,"1":0,"2":3,"3":3,"4":0,"5":0,"6":0,"7":3,"8":3,"9":3,"10":3,"11":3,"12":3,"13":3,"14":3,"15":3,"16":3,"17":3,"18":3,"19":3,"20":1,"21":2,"22":3},"f":{"0":3,"1":3,"2":3,"3":3,"4":1,"5":3},"b":{"0":[0,3],"1":[3,0],"2":[3,0],"3":[0,0],"4":[0,0],"5":[0,3],"6":[3,0],"7":[3,0],"8":[3,0],"9":[3,0],"10":[3,0],"11":[3,3],"12":[3,0],"13":[3,0],"14":[3,0],"15":[0,3],"16":[3,3]},"_coverageSchema":"1a1c01bbd47fc00a2c39e90264f33305004495a9","hash":"48a7ad528666ec39d9396254822121b77d5fe68b"}
,"C:\\Users\\Usuario\\Documents\\dev\\road-trip\\src\\data\\models\\motorcycleSpecsModel.ts": {"path":"C:\\Users\\Usuario\\Documents\\dev\\road-trip\\src\\data\\models\\motorcycleSpecsModel.ts","statementMap":{"0":{"start":{"line":17,"column":2},"end":{"line":17,"column":40}},"1":{"start":{"line":17,"column":25},"end":{"line":17,"column":40}},"2":{"start":{"line":18,"column":2},"end":{"line":18,"column":48}},"3":{"start":{"line":18,"column":29},"end":{"line":18,"column":48}},"4":{"start":{"line":19,"column":2},"end":{"line":19,"column":14}},"5":{"start":{"line":23,"column":2},"end":{"line":23,"column":56}},"6":{"start":{"line":23,"column":43},"end":{"line":23,"column":56}},"7":{"start":{"line":24,"column":2},"end":{"line":24,"column":18}},"8":{"start":{"line":39,"column":4},"end":{"line":39,"column":30}},"9":{"start":{"line":40,"column":4},"end":{"line":40,"column":30}},"10":{"start":{"line":41,"column":4},"end":{"line":41,"column":28}},"11":{"start":{"line":42,"column":4},"end":{"line":42,"column":60}},"12":{"start":{"line":43,"column":4},"end":{"line":43,"column":78}},"13":{"start":{"line":44,"column":4},"end":{"line":44,"column":38}},"14":{"start":{"line":45,"column":4},"end":{"line":45,"column":62}},"15":{"start":{"line":46,"column":4},"end":{"line":46,"column":32}},"16":{"start":{"line":47,"column":4},"end":{"line":47,"column":40}},"17":{"start":{"line":51,"column":4},"end":{"line":63,"column":7}},"18":{"start":{"line":67,"column":4},"end":{"line":77,"column":6}},"19":{"start":{"line":87,"column":0},"end":{"line":99,"column":2}},"20":{"start":{"line":88,"column":2},"end":{"line":98,"column":5}}},"fnMap":{"0":{"name":"toFuelType","decl":{"start":{"line":16,"column":9},"end":{"line":16,"column":19}},"loc":{"start":{"line":16,"column":53},"end":{"line":20,"column":1}},"line":16},"1":{"name":"toConfidence","decl":{"start":{"line":22,"column":9},"end":{"line":22,"column":21}},"loc":{"start":{"line":22,"column":65},"end":{"line":25,"column":1}},"line":22},"2":{"name":"(anonymous_2)","decl":{"start":{"line":38,"column":2},"end":{"line":38,"column":3}},"loc":{"start":{"line":38,"column":61},"end":{"line":48,"column":3}},"line":38},"3":{"name":"(anonymous_3)","decl":{"start":{"line":50,"column":2},"end":{"line":50,"column":3}},"loc":{"start":{"line":50,"column":51},"end":{"line":64,"column":3}},"line":50},"4":{"name":"(anonymous_4)","decl":{"start":{"line":66,"column":2},"end":{"line":66,"column":3}},"loc":{"start":{"line":66,"column":36},"end":{"line":78,"column":3}},"line":66},"5":{"name":"toDomain","decl":{"start":{"line":87,"column":51},"end":{"line":87,"column":59}},"loc":{"start":{"line":87,"column":79},"end":{"line":99,"column":1}},"line":87}},"branchMap":{"0":{"loc":{"start":{"line":17,"column":2},"end":{"line":17,"column":40}},"type":"if","locations":[{"start":{"line":17,"column":2},"end":{"line":17,"column":40}},{"start":{},"end":{}}],"line":17},"1":{"loc":{"start":{"line":18,"column":2},"end":{"line":18,"column":48}},"type":"if","locations":[{"start":{"line":18,"column":2},"end":{"line":18,"column":48}},{"start":{},"end":{}}],"line":18},"2":{"loc":{"start":{"line":23,"column":2},"end":{"line":23,"column":56}},"type":"if","locations":[{"start":{"line":23,"column":2},"end":{"line":23,"column":56}},{"start":{},"end":{}}],"line":23},"3":{"loc":{"start":{"line":23,"column":6},"end":{"line":23,"column":41}},"type":"binary-expr","locations":[{"start":{"line":23,"column":6},"end":{"line":23,"column":22}},{"start":{"line":23,"column":26},"end":{"line":23,"column":41}}],"line":23},"4":{"loc":{"start":{"line":52,"column":20},"end":{"line":52,"column":36}},"type":"binary-expr","locations":[{"start":{"line":52,"column":20},"end":{"line":52,"column":30}},{"start":{"line":52,"column":34},"end":{"line":52,"column":36}}],"line":52},"5":{"loc":{"start":{"line":53,"column":20},"end":{"line":53,"column":36}},"type":"binary-expr","locations":[{"start":{"line":53,"column":20},"end":{"line":53,"column":30}},{"start":{"line":53,"column":34},"end":{"line":53,"column":36}}],"line":53},"6":{"loc":{"start":{"line":54,"column":19},"end":{"line":54,"column":33}},"type":"binary-expr","locations":[{"start":{"line":54,"column":19},"end":{"line":54,"column":28}},{"start":{"line":54,"column":32},"end":{"line":54,"column":33}}],"line":54},"7":{"loc":{"start":{"line":55,"column":35},"end":{"line":55,"column":65}},"type":"binary-expr","locations":[{"start":{"line":55,"column":35},"end":{"line":55,"column":60}},{"start":{"line":55,"column":64},"end":{"line":55,"column":65}}],"line":55},"8":{"loc":{"start":{"line":57,"column":8},"end":{"line":57,"column":47}},"type":"binary-expr","locations":[{"start":{"line":57,"column":8},"end":{"line":57,"column":42}},{"start":{"line":57,"column":46},"end":{"line":57,"column":47}}],"line":57},"9":{"loc":{"start":{"line":59,"column":17},"end":{"line":59,"column":71}},"type":"cond-expr","locations":[{"start":{"line":59,"column":42},"end":{"line":59,"column":64}},{"start":{"line":59,"column":67},"end":{"line":59,"column":71}}],"line":59},"10":{"loc":{"start":{"line":60,"column":29},"end":{"line":60,"column":63}},"type":"binary-expr","locations":[{"start":{"line":60,"column":29},"end":{"line":60,"column":55}},{"start":{"line":60,"column":59},"end":{"line":60,"column":63}}],"line":60},"11":{"loc":{"start":{"line":61,"column":21},"end":{"line":61,"column":49}},"type":"binary-expr","locations":[{"start":{"line":61,"column":21},"end":{"line":61,"column":32}},{"start":{"line":61,"column":36},"end":{"line":61,"column":49}}],"line":61},"12":{"loc":{"start":{"line":62,"column":25},"end":{"line":62,"column":52}},"type":"binary-expr","locations":[{"start":{"line":62,"column":25},"end":{"line":62,"column":40}},{"start":{"line":62,"column":44},"end":{"line":62,"column":52}}],"line":62}},"s":{"0":1,"1":0,"2":1,"3":1,"4":0,"5":1,"6":0,"7":1,"8":1,"9":1,"10":1,"11":1,"12":1,"13":1,"14":1,"15":1,"16":1,"17":1,"18":0,"19":1,"20":1},"f":{"0":1,"1":1,"2":1,"3":1,"4":0,"5":1},"b":{"0":[0,1],"1":[1,0],"2":[0,1],"3":[1,1],"4":[1,0],"5":[1,0],"6":[1,0],"7":[1,0],"8":[1,0],"9":[0,1],"10":[1,0],"11":[1,0],"12":[1,0]},"_coverageSchema":"1a1c01bbd47fc00a2c39e90264f33305004495a9","hash":"cab3da8182b04b4d87103ceca7d3a9756991f365"}
,"C:\\Users\\Usuario\\Documents\\dev\\road-trip\\src\\data\\models\\riderModel.ts": {"path":"C:\\Users\\Usuario\\Documents\\dev\\road-trip\\src\\data\\models\\riderModel.ts","statementMap":{"0":{"start":{"line":12,"column":2},"end":{"line":12,"column":42}},"1":{"start":{"line":12,"column":29},"end":{"line":12,"column":42}},"2":{"start":{"line":13,"column":2},"end":{"line":15,"column":3}},"3":{"start":{"line":14,"column":4},"end":{"line":14,"column":27}},"4":{"start":{"line":17,"column":2},"end":{"line":22,"column":3}},"5":{"start":{"line":21,"column":4},"end":{"line":21,"column":54}},"6":{"start":{"line":23,"column":2},"end":{"line":23,"column":20}},"7":{"start":{"line":34,"column":4},"end":{"line":34,"column":26}},"8":{"start":{"line":35,"column":4},"end":{"line":35,"column":30}},"9":{"start":{"line":36,"column":4},"end":{"line":36,"column":44}},"10":{"start":{"line":37,"column":4},"end":{"line":37,"column":38}},"11":{"start":{"line":38,"column":4},"end":{"line":38,"column":40}},"12":{"start":{"line":42,"column":4},"end":{"line":48,"column":7}},"13":{"start":{"line":52,"column":4},"end":{"line":58,"column":6}},"14":{"start":{"line":68,"column":0},"end":{"line":76,"column":2}},"15":{"start":{"line":69,"column":2},"end":{"line":75,"column":5}}},"fnMap":{"0":{"name":"toDate","decl":{"start":{"line":11,"column":9},"end":{"line":11,"column":15}},"loc":{"start":{"line":11,"column":38},"end":{"line":24,"column":1}},"line":11},"1":{"name":"(anonymous_1)","decl":{"start":{"line":33,"column":2},"end":{"line":33,"column":3}},"loc":{"start":{"line":33,"column":51},"end":{"line":39,"column":3}},"line":33},"2":{"name":"(anonymous_2)","decl":{"start":{"line":41,"column":2},"end":{"line":41,"column":3}},"loc":{"start":{"line":41,"column":41},"end":{"line":49,"column":3}},"line":41},"3":{"name":"(anonymous_3)","decl":{"start":{"line":51,"column":2},"end":{"line":51,"column":3}},"loc":{"start":{"line":51,"column":36},"end":{"line":59,"column":3}},"line":51},"4":{"name":"toDomain","decl":{"start":{"line":68,"column":41},"end":{"line":68,"column":49}},"loc":{"start":{"line":68,"column":59},"end":{"line":76,"column":1}},"line":68}},"branchMap":{"0":{"loc":{"start":{"line":12,"column":2},"end":{"line":12,"column":42}},"type":"if","locations":[{"start":{"line":12,"column":2},"end":{"line":12,"column":42}},{"start":{},"end":{}}],"line":12},"1":{"loc":{"start":{"line":13,"column":2},"end":{"line":15,"column":3}},"type":"if","locations":[{"start":{"line":13,"column":2},"end":{"line":15,"column":3}},{"start":{},"end":{}}],"line":13},"2":{"loc":{"start":{"line":13,"column":6},"end":{"line":13,"column":60}},"type":"binary-expr","locations":[{"start":{"line":13,"column":6},"end":{"line":13,"column":31}},{"start":{"line":13,"column":35},"end":{"line":13,"column":60}}],"line":13},"3":{"loc":{"start":{"line":17,"column":2},"end":{"line":22,"column":3}},"type":"if","locations":[{"start":{"line":17,"column":2},"end":{"line":22,"column":3}},{"start":{},"end":{}}],"line":17},"4":{"loc":{"start":{"line":18,"column":4},"end":{"line":19,"column":67}},"type":"binary-expr","locations":[{"start":{"line":18,"column":4},"end":{"line":18,"column":9}},{"start":{"line":19,"column":4},"end":{"line":19,"column":67}}],"line":18},"5":{"loc":{"start":{"line":43,"column":18},"end":{"line":43,"column":43}},"type":"binary-expr","locations":[{"start":{"line":43,"column":18},"end":{"line":43,"column":26}},{"start":{"line":43,"column":30},"end":{"line":43,"column":37}},{"start":{"line":43,"column":41},"end":{"line":43,"column":43}}],"line":43},"6":{"loc":{"start":{"line":44,"column":20},"end":{"line":44,"column":36}},"type":"binary-expr","locations":[{"start":{"line":44,"column":20},"end":{"line":44,"column":30}},{"start":{"line":44,"column":34},"end":{"line":44,"column":36}}],"line":44},"7":{"loc":{"start":{"line":45,"column":27},"end":{"line":45,"column":70}},"type":"binary-expr","locations":[{"start":{"line":45,"column":27},"end":{"line":45,"column":44}},{"start":{"line":45,"column":48},"end":{"line":45,"column":64}},{"start":{"line":45,"column":68},"end":{"line":45,"column":70}}],"line":45},"8":{"loc":{"start":{"line":46,"column":17},"end":{"line":46,"column":56}},"type":"binary-expr","locations":[{"start":{"line":46,"column":17},"end":{"line":46,"column":31}},{"start":{"line":46,"column":35},"end":{"line":46,"column":48}},{"start":{"line":46,"column":52},"end":{"line":46,"column":56}}],"line":46},"9":{"loc":{"start":{"line":47,"column":18},"end":{"line":47,"column":61}},"type":"binary-expr","locations":[{"start":{"line":47,"column":18},"end":{"line":47,"column":33}},{"start":{"line":47,"column":37},"end":{"line":47,"column":61}}],"line":47}},"s":{"0":4,"1":0,"2":4,"3":3,"4":1,"5":1,"6":0,"7":4,"8":4,"9":4,"10":4,"11":4,"12":4,"13":0,"14":2,"15":4},"f":{"0":4,"1":4,"2":4,"3":0,"4":4},"b":{"0":[0,4],"1":[3,1],"2":[4,1],"3":[1,0],"4":[1,1],"5":[4,0,0],"6":[4,0],"7":[4,0,0],"8":[4,4,4],"9":[4,2]},"_coverageSchema":"1a1c01bbd47fc00a2c39e90264f33305004495a9","hash":"029fa4351a1db0a6c55ac1317b4eb30e3fea1c06"}
,"C:\\Users\\Usuario\\Documents\\dev\\road-trip\\src\\data\\models\\routeDirectionsModel.ts": {"path":"C:\\Users\\Usuario\\Documents\\dev\\road-trip\\src\\data\\models\\routeDirectionsModel.ts","statementMap":{"0":{"start":{"line":16,"column":4},"end":{"line":16,"column":50}},"1":{"start":{"line":17,"column":4},"end":{"line":17,"column":52}},"2":{"start":{"line":18,"column":4},"end":{"line":18,"column":42}},"3":{"start":{"line":26,"column":18},"end":{"line":26,"column":35}},"4":{"start":{"line":27,"column":39},"end":{"line":31,"column":10}},"5":{"start":{"line":32,"column":4},"end":{"line":36,"column":7}},"6":{"start":{"line":46,"column":0},"end":{"line":57,"column":2}},"7":{"start":{"line":48,"column":31},"end":{"line":51,"column":5}},"8":{"start":{"line":48,"column":69},"end":{"line":51,"column":3}},"9":{"start":{"line":52,"column":2},"end":{"line":56,"column":5}}},"fnMap":{"0":{"name":"(anonymous_0)","decl":{"start":{"line":15,"column":2},"end":{"line":15,"column":3}},"loc":{"start":{"line":15,"column":61},"end":{"line":19,"column":3}},"line":15},"1":{"name":"(anonymous_1)","decl":{"start":{"line":25,"column":2},"end":{"line":25,"column":3}},"loc":{"start":{"line":25,"column":57},"end":{"line":37,"column":3}},"line":25},"2":{"name":"toDomain","decl":{"start":{"line":46,"column":51},"end":{"line":46,"column":59}},"loc":{"start":{"line":46,"column":79},"end":{"line":57,"column":1}},"line":46},"3":{"name":"(anonymous_3)","decl":{"start":{"line":48,"column":52},"end":{"line":48,"column":53}},"loc":{"start":{"line":48,"column":69},"end":{"line":51,"column":3}},"line":48}},"branchMap":{"0":{"loc":{"start":{"line":27,"column":39},"end":{"line":31,"column":10}},"type":"cond-expr","locations":[{"start":{"line":30,"column":8},"end":{"line":30,"column":34}},{"start":{"line":31,"column":8},"end":{"line":31,"column":10}}],"line":27},"1":{"loc":{"start":{"line":33,"column":30},"end":{"line":33,"column":50}},"type":"binary-expr","locations":[{"start":{"line":33,"column":30},"end":{"line":33,"column":45}},{"start":{"line":33,"column":49},"end":{"line":33,"column":50}}],"line":33},"2":{"loc":{"start":{"line":34,"column":31},"end":{"line":34,"column":51}},"type":"binary-expr","locations":[{"start":{"line":34,"column":31},"end":{"line":34,"column":46}},{"start":{"line":34,"column":50},"end":{"line":34,"column":51}}],"line":34}},"s":{"0":2,"1":2,"2":2,"3":2,"4":2,"5":2,"6":2,"7":2,"8":2,"9":2},"f":{"0":2,"1":2,"2":2,"3":2},"b":{"0":[2,0],"1":[2,0],"2":[2,0]},"_coverageSchema":"1a1c01bbd47fc00a2c39e90264f33305004495a9","hash":"8703270120f6cde41228d00a224c0f3a5a6dd404"}
,"C:\\Users\\Usuario\\Documents\\dev\\road-trip\\src\\data\\models\\routeModel.ts": {"path":"C:\\Users\\Usuario\\Documents\\dev\\road-trip\\src\\data\\models\\routeModel.ts","statementMap":{"0":{"start":{"line":28,"column":2},"end":{"line":28,"column":42}},"1":{"start":{"line":28,"column":29},"end":{"line":28,"column":42}},"2":{"start":{"line":29,"column":2},"end":{"line":31,"column":3}},"3":{"start":{"line":30,"column":4},"end":{"line":30,"column":27}},"4":{"start":{"line":32,"column":2},"end":{"line":37,"column":3}},"5":{"start":{"line":36,"column":4},"end":{"line":36,"column":54}},"6":{"start":{"line":38,"column":2},"end":{"line":38,"column":20}},"7":{"start":{"line":42,"column":2},"end":{"line":49,"column":3}},"8":{"start":{"line":48,"column":4},"end":{"line":48,"column":17}},"9":{"start":{"line":50,"column":2},"end":{"line":50,"column":19}},"10":{"start":{"line":54,"column":2},"end":{"line":54,"column":65}},"11":{"start":{"line":54,"column":52},"end":{"line":54,"column":65}},"12":{"start":{"line":55,"column":2},"end":{"line":55,"column":16}},"13":{"start":{"line":70,"column":4},"end":{"line":70,"column":24}},"14":{"start":{"line":71,"column":4},"end":{"line":71,"column":36}},"15":{"start":{"line":72,"column":4},"end":{"line":72,"column":28}},"16":{"start":{"line":73,"column":4},"end":{"line":73,"column":38}},"17":{"start":{"line":74,"column":4},"end":{"line":74,"column":38}},"18":{"start":{"line":75,"column":4},"end":{"line":75,"column":36}},"19":{"start":{"line":76,"column":4},"end":{"line":76,"column":42}},"20":{"start":{"line":77,"column":4},"end":{"line":77,"column":64}},"21":{"start":{"line":78,"column":4},"end":{"line":78,"column":40}},"22":{"start":{"line":82,"column":4},"end":{"line":106,"column":7}},"23":{"start":{"line":88,"column":57},"end":{"line":95,"column":11}},"24":{"start":{"line":98,"column":41},"end":{"line":101,"column":11}},"25":{"start":{"line":110,"column":4},"end":{"line":120,"column":6}},"26":{"start":{"line":130,"column":0},"end":{"line":161,"column":2}},"27":{"start":{"line":131,"column":32},"end":{"line":143,"column":38}},"28":{"start":{"line":134,"column":8},"end":{"line":141,"column":10}},"29":{"start":{"line":143,"column":20},"end":{"line":143,"column":37}},"30":{"start":{"line":145,"column":31},"end":{"line":148,"column":5}},"31":{"start":{"line":145,"column":57},"end":{"line":148,"column":3}},"32":{"start":{"line":150,"column":2},"end":{"line":160,"column":5}}},"fnMap":{"0":{"name":"toDate","decl":{"start":{"line":27,"column":9},"end":{"line":27,"column":15}},"loc":{"start":{"line":27,"column":38},"end":{"line":39,"column":1}},"line":27},"1":{"name":"toRideType","decl":{"start":{"line":41,"column":9},"end":{"line":41,"column":19}},"loc":{"start":{"line":41,"column":46},"end":{"line":51,"column":1}},"line":41},"2":{"name":"toWaypointKind","decl":{"start":{"line":53,"column":9},"end":{"line":53,"column":23}},"loc":{"start":{"line":53,"column":54},"end":{"line":56,"column":1}},"line":53},"3":{"name":"(anonymous_3)","decl":{"start":{"line":69,"column":2},"end":{"line":69,"column":3}},"loc":{"start":{"line":69,"column":51},"end":{"line":79,"column":3}},"line":69},"4":{"name":"(anonymous_4)","decl":{"start":{"line":81,"column":2},"end":{"line":81,"column":3}},"loc":{"start":{"line":81,"column":41},"end":{"line":107,"column":3}},"line":81},"5":{"name":"(anonymous_5)","decl":{"start":{"line":88,"column":29},"end":{"line":88,"column":30}},"loc":{"start":{"line":88,"column":57},"end":{"line":95,"column":11}},"line":88},"6":{"name":"(anonymous_6)","decl":{"start":{"line":98,"column":28},"end":{"line":98,"column":29}},"loc":{"start":{"line":98,"column":41},"end":{"line":101,"column":11}},"line":98},"7":{"name":"(anonymous_7)","decl":{"start":{"line":109,"column":2},"end":{"line":109,"column":3}},"loc":{"start":{"line":109,"column":36},"end":{"line":121,"column":3}},"line":109},"8":{"name":"toDomain","decl":{"start":{"line":130,"column":41},"end":{"line":130,"column":49}},"loc":{"start":{"line":130,"column":59},"end":{"line":161,"column":1}},"line":130},"9":{"name":"(anonymous_9)","decl":{"start":{"line":133,"column":6},"end":{"line":133,"column":7}},"loc":{"start":{"line":134,"column":8},"end":{"line":141,"column":10}},"line":134},"10":{"name":"(anonymous_10)","decl":{"start":{"line":143,"column":10},"end":{"line":143,"column":11}},"loc":{"start":{"line":143,"column":20},"end":{"line":143,"column":37}},"line":143},"11":{"name":"(anonymous_11)","decl":{"start":{"line":145,"column":49},"end":{"line":145,"column":50}},"loc":{"start":{"line":145,"column":57},"end":{"line":148,"column":3}},"line":145}},"branchMap":{"0":{"loc":{"start":{"line":28,"column":2},"end":{"line":28,"column":42}},"type":"if","locations":[{"start":{"line":28,"column":2},"end":{"line":28,"column":42}},{"start":{},"end":{}}],"line":28},"1":{"loc":{"start":{"line":29,"column":2},"end":{"line":31,"column":3}},"type":"if","locations":[{"start":{"line":29,"column":2},"end":{"line":31,"column":3}},{"start":{},"end":{}}],"line":29},"2":{"loc":{"start":{"line":29,"column":6},"end":{"line":29,"column":60}},"type":"binary-expr","locations":[{"start":{"line":29,"column":6},"end":{"line":29,"column":31}},{"start":{"line":29,"column":35},"end":{"line":29,"column":60}}],"line":29},"3":{"loc":{"start":{"line":32,"column":2},"end":{"line":37,"column":3}},"type":"if","locations":[{"start":{"line":32,"column":2},"end":{"line":37,"column":3}},{"start":{},"end":{}}],"line":32},"4":{"loc":{"start":{"line":33,"column":4},"end":{"line":34,"column":67}},"type":"binary-expr","locations":[{"start":{"line":33,"column":4},"end":{"line":33,"column":9}},{"start":{"line":34,"column":4},"end":{"line":34,"column":67}}],"line":33},"5":{"loc":{"start":{"line":42,"column":2},"end":{"line":49,"column":3}},"type":"if","locations":[{"start":{"line":42,"column":2},"end":{"line":49,"column":3}},{"start":{},"end":{}}],"line":42},"6":{"loc":{"start":{"line":43,"column":4},"end":{"line":46,"column":24}},"type":"binary-expr","locations":[{"start":{"line":43,"column":4},"end":{"line":43,"column":21}},{"start":{"line":44,"column":4},"end":{"line":44,"column":23}},{"start":{"line":45,"column":4},"end":{"line":45,"column":23}},{"start":{"line":46,"column":4},"end":{"line":46,"column":24}}],"line":43},"7":{"loc":{"start":{"line":54,"column":2},"end":{"line":54,"column":65}},"type":"if","locations":[{"start":{"line":54,"column":2},"end":{"line":54,"column":65}},{"start":{},"end":{}}],"line":54},"8":{"loc":{"start":{"line":54,"column":6},"end":{"line":54,"column":50}},"type":"binary-expr","locations":[{"start":{"line":54,"column":6},"end":{"line":54,"column":23}},{"start":{"line":54,"column":27},"end":{"line":54,"column":50}}],"line":54},"9":{"loc":{"start":{"line":83,"column":17},"end":{"line":83,"column":30}},"type":"binary-expr","locations":[{"start":{"line":83,"column":17},"end":{"line":83,"column":24}},{"start":{"line":83,"column":28},"end":{"line":83,"column":30}}],"line":83},"10":{"loc":{"start":{"line":84,"column":23},"end":{"line":84,"column":42}},"type":"binary-expr","locations":[{"start":{"line":84,"column":23},"end":{"line":84,"column":36}},{"start":{"line":84,"column":40},"end":{"line":84,"column":42}}],"line":84},"11":{"loc":{"start":{"line":85,"column":19},"end":{"line":85,"column":34}},"type":"binary-expr","locations":[{"start":{"line":85,"column":19},"end":{"line":85,"column":28}},{"start":{"line":85,"column":32},"end":{"line":85,"column":34}}],"line":85},"12":{"loc":{"start":{"line":86,"column":24},"end":{"line":86,"column":51}},"type":"binary-expr","locations":[{"start":{"line":86,"column":24},"end":{"line":86,"column":38}},{"start":{"line":86,"column":42},"end":{"line":86,"column":51}}],"line":86},"13":{"loc":{"start":{"line":87,"column":17},"end":{"line":96,"column":12}},"type":"cond-expr","locations":[{"start":{"line":88,"column":10},"end":{"line":95,"column":13}},{"start":{"line":96,"column":10},"end":{"line":96,"column":12}}],"line":87},"14":{"loc":{"start":{"line":89,"column":23},"end":{"line":89,"column":44}},"type":"binary-expr","locations":[{"start":{"line":89,"column":23},"end":{"line":89,"column":27}},{"start":{"line":89,"column":31},"end":{"line":89,"column":44}}],"line":89},"15":{"loc":{"start":{"line":90,"column":25},"end":{"line":90,"column":37}},"type":"binary-expr","locations":[{"start":{"line":90,"column":25},"end":{"line":90,"column":31}},{"start":{"line":90,"column":35},"end":{"line":90,"column":37}}],"line":90},"16":{"loc":{"start":{"line":91,"column":29},"end":{"line":91,"column":44}},"type":"binary-expr","locations":[{"start":{"line":91,"column":29},"end":{"line":91,"column":39}},{"start":{"line":91,"column":43},"end":{"line":91,"column":44}}],"line":91},"17":{"loc":{"start":{"line":92,"column":30},"end":{"line":92,"column":46}},"type":"binary-expr","locations":[{"start":{"line":92,"column":30},"end":{"line":92,"column":41}},{"start":{"line":92,"column":45},"end":{"line":92,"column":46}}],"line":92},"18":{"loc":{"start":{"line":93,"column":25},"end":{"line":93,"column":41}},"type":"binary-expr","locations":[{"start":{"line":93,"column":25},"end":{"line":93,"column":31}},{"start":{"line":93,"column":35},"end":{"line":93,"column":41}}],"line":93},"19":{"loc":{"start":{"line":94,"column":26},"end":{"line":94,"column":42}},"type":"binary-expr","locations":[{"start":{"line":94,"column":26},"end":{"line":94,"column":33}},{"start":{"line":94,"column":37},"end":{"line":94,"column":42}}],"line":94},"20":{"loc":{"start":{"line":97,"column":16},"end":{"line":102,"column":12}},"type":"cond-expr","locations":[{"start":{"line":98,"column":10},"end":{"line":101,"column":13}},{"start":{"line":102,"column":10},"end":{"line":102,"column":12}}],"line":97},"21":{"loc":{"start":{"line":99,"column":29},"end":{"line":99,"column":44}},"type":"binary-expr","locations":[{"start":{"line":99,"column":29},"end":{"line":99,"column":39}},{"start":{"line":99,"column":43},"end":{"line":99,"column":44}}],"line":99},"22":{"loc":{"start":{"line":100,"column":30},"end":{"line":100,"column":46}},"type":"binary-expr","locations":[{"start":{"line":100,"column":30},"end":{"line":100,"column":41}},{"start":{"line":100,"column":45},"end":{"line":100,"column":46}}],"line":100},"23":{"loc":{"start":{"line":103,"column":26},"end":{"line":103,"column":47}},"type":"binary-expr","locations":[{"start":{"line":103,"column":26},"end":{"line":103,"column":42}},{"start":{"line":103,"column":46},"end":{"line":103,"column":47}}],"line":103},"24":{"loc":{"start":{"line":104,"column":37},"end":{"line":104,"column":69}},"type":"binary-expr","locations":[{"start":{"line":104,"column":37},"end":{"line":104,"column":64}},{"start":{"line":104,"column":68},"end":{"line":104,"column":69}}],"line":104},"25":{"loc":{"start":{"line":105,"column":18},"end":{"line":105,"column":61}},"type":"binary-expr","locations":[{"start":{"line":105,"column":18},"end":{"line":105,"column":33}},{"start":{"line":105,"column":37},"end":{"line":105,"column":61}}],"line":105}},"s":{"0":2,"1":0,"2":2,"3":2,"4":0,"5":0,"6":0,"7":2,"8":2,"9":0,"10":2,"11":2,"12":0,"13":2,"14":2,"15":2,"16":2,"17":2,"18":2,"19":2,"20":2,"21":2,"22":2,"23":2,"24":1,"25":0,"26":2,"27":2,"28":2,"29":1,"30":2,"31":1,"32":2},"f":{"0":2,"1":2,"2":2,"3":2,"4":2,"5":2,"6":1,"7":0,"8":2,"9":2,"10":1,"11":1},"b":{"0":[0,2],"1":[2,0],"2":[2,0],"3":[0,0],"4":[0,0],"5":[2,0],"6":[2,2,1,0],"7":[2,0],"8":[2,1],"9":[2,0],"10":[2,0],"11":[2,0],"12":[2,0],"13":[2,0],"14":[2,0],"15":[2,0],"16":[2,0],"17":[2,0],"18":[2,0],"19":[2,0],"20":[2,0],"21":[1,0],"22":[1,0],"23":[2,0],"24":[2,0],"25":[2,2]},"_coverageSchema":"1a1c01bbd47fc00a2c39e90264f33305004495a9","hash":"8c431f9d5be7b3af3a70bdf93ad07fcddffe0f64"}
,"C:\\Users\\Usuario\\Documents\\dev\\road-trip\\src\\data\\repositories\\AuthRepositoryImpl.ts": {"path":"C:\\Users\\Usuario\\Documents\\dev\\road-trip\\src\\data\\repositories\\AuthRepositoryImpl.ts","statementMap":{"0":{"start":{"line":21,"column":18},"end":{"line":25,"column":5}},"1":{"start":{"line":26,"column":4},"end":{"line":26,"column":28}},"2":{"start":{"line":30,"column":18},"end":{"line":30,"column":72}},"3":{"start":{"line":31,"column":4},"end":{"line":31,"column":28}},"4":{"start":{"line":35,"column":4},"end":{"line":35,"column":33}},"5":{"start":{"line":39,"column":4},"end":{"line":39,"column":52}},"6":{"start":{"line":39,"column":30},"end":{"line":39,"column":52}},"7":{"start":{"line":40,"column":18},"end":{"line":40,"column":54}},"8":{"start":{"line":41,"column":4},"end":{"line":41,"column":43}},"9":{"start":{"line":45,"column":4},"end":{"line":48,"column":5}},"10":{"start":{"line":46,"column":6},"end":{"line":46,"column":31}},"11":{"start":{"line":47,"column":6},"end":{"line":47,"column":29}},"12":{"start":{"line":47,"column":19},"end":{"line":47,"column":28}},"13":{"start":{"line":49,"column":4},"end":{"line":51,"column":7}},"14":{"start":{"line":50,"column":6},"end":{"line":50,"column":48}}},"fnMap":{"0":{"name":"(anonymous_0)","decl":{"start":{"line":15,"column":2},"end":{"line":15,"column":3}},"loc":{"start":{"line":18,"column":4},"end":{"line":18,"column":6}},"line":18},"1":{"name":"(anonymous_1)","decl":{"start":{"line":20,"column":2},"end":{"line":20,"column":3}},"loc":{"start":{"line":20,"column":51},"end":{"line":27,"column":3}},"line":20},"2":{"name":"(anonymous_2)","decl":{"start":{"line":29,"column":2},"end":{"line":29,"column":3}},"loc":{"start":{"line":29,"column":51},"end":{"line":32,"column":3}},"line":29},"3":{"name":"(anonymous_3)","decl":{"start":{"line":34,"column":2},"end":{"line":34,"column":3}},"loc":{"start":{"line":34,"column":33},"end":{"line":36,"column":3}},"line":34},"4":{"name":"(anonymous_4)","decl":{"start":{"line":38,"column":2},"end":{"line":38,"column":3}},"loc":{"start":{"line":38,"column":49},"end":{"line":42,"column":3}},"line":38},"5":{"name":"(anonymous_5)","decl":{"start":{"line":44,"column":2},"end":{"line":44,"column":3}},"loc":{"start":{"line":44,"column":72},"end":{"line":52,"column":3}},"line":44},"6":{"name":"(anonymous_6)","decl":{"start":{"line":47,"column":13},"end":{"line":47,"column":14}},"loc":{"start":{"line":47,"column":19},"end":{"line":47,"column":28}},"line":47},"7":{"name":"(anonymous_7)","decl":{"start":{"line":49,"column":43},"end":{"line":49,"column":44}},"loc":{"start":{"line":49,"column":54},"end":{"line":51,"column":5}},"line":49}},"branchMap":{"0":{"loc":{"start":{"line":39,"column":4},"end":{"line":39,"column":52}},"type":"if","locations":[{"start":{"line":39,"column":4},"end":{"line":39,"column":52}},{"start":{},"end":{}}],"line":39},"1":{"loc":{"start":{"line":41,"column":11},"end":{"line":41,"column":42}},"type":"cond-expr","locations":[{"start":{"line":41,"column":19},"end":{"line":41,"column":35}},{"start":{"line":41,"column":38},"end":{"line":41,"column":42}}],"line":41},"2":{"loc":{"start":{"line":45,"column":4},"end":{"line":48,"column":5}},"type":"if","locations":[{"start":{"line":45,"column":4},"end":{"line":48,"column":5}},{"start":{},"end":{}}],"line":45},"3":{"loc":{"start":{"line":50,"column":15},"end":{"line":50,"column":46}},"type":"cond-expr","locations":[{"start":{"line":50,"column":23},"end":{"line":50,"column":39}},{"start":{"line":50,"column":42},"end":{"line":50,"column":46}}],"line":50}},"s":{"0":0,"1":0,"2":1,"3":1,"4":0,"5":0,"6":0,"7":0,"8":0,"9":1,"10":0,"11":0,"12":0,"13":1,"14":2},"f":{"0":2,"1":0,"2":1,"3":0,"4":0,"5":1,"6":0,"7":2},"b":{"0":[0,0],"1":[0,0],"2":[0,1],"3":[1,1]},"_coverageSchema":"1a1c01bbd47fc00a2c39e90264f33305004495a9","hash":"e3963adbfefc689ed9e14bc46d058bad746d0fce"}
,"C:\\Users\\Usuario\\Documents\\dev\\road-trip\\src\\data\\repositories\\DirectionsRepositoryImpl.ts": {"path":"C:\\Users\\Usuario\\Documents\\dev\\road-trip\\src\\data\\repositories\\DirectionsRepositoryImpl.ts","statementMap":{"0":{"start":{"line":21,"column":20},"end":{"line":21,"column":68}},"1":{"start":{"line":21,"column":50},"end":{"line":21,"column":67}},"2":{"start":{"line":22,"column":24},"end":{"line":22,"column":56}},"3":{"start":{"line":22,"column":43},"end":{"line":22,"column":55}},"4":{"start":{"line":23,"column":18},"end":{"line":23,"column":75}},"5":{"start":{"line":24,"column":4},"end":{"line":24,"column":28}}},"fnMap":{"0":{"name":"(anonymous_0)","decl":{"start":{"line":12,"column":2},"end":{"line":12,"column":3}},"loc":{"start":{"line":15,"column":4},"end":{"line":15,"column":6}},"line":15},"1":{"name":"(anonymous_1)","decl":{"start":{"line":17,"column":2},"end":{"line":17,"column":3}},"loc":{"start":{"line":20,"column":30},"end":{"line":25,"column":3}},"line":20},"2":{"name":"(anonymous_2)","decl":{"start":{"line":21,"column":40},"end":{"line":21,"column":41}},"loc":{"start":{"line":21,"column":50},"end":{"line":21,"column":67}},"line":21},"3":{"name":"(anonymous_3)","decl":{"start":{"line":22,"column":36},"end":{"line":22,"column":37}},"loc":{"start":{"line":22,"column":43},"end":{"line":22,"column":55}},"line":22}},"branchMap":{},"s":{"0":1,"1":1,"2":1,"3":2,"4":1,"5":1},"f":{"0":1,"1":1,"2":1,"3":2},"b":{},"_coverageSchema":"1a1c01bbd47fc00a2c39e90264f33305004495a9","hash":"4eeaa551f9a677c54ce2aa6d36e87e3418e2b3d0"}
,"C:\\Users\\Usuario\\Documents\\dev\\road-trip\\src\\data\\repositories\\FuelStationRepositoryImpl.ts": {"path":"C:\\Users\\Usuario\\Documents\\dev\\road-trip\\src\\data\\repositories\\FuelStationRepositoryImpl.ts","statementMap":{"0":{"start":{"line":9,"column":26},"end":{"line":9,"column":27}},"1":{"start":{"line":19,"column":19},"end":{"line":28,"column":5}},"2":{"start":{"line":21,"column":23},"end":{"line":25,"column":9}},"3":{"start":{"line":26,"column":8},"end":{"line":26,"column":62}},"4":{"start":{"line":26,"column":37},"end":{"line":26,"column":60}},"5":{"start":{"line":29,"column":4},"end":{"line":29,"column":25}}},"fnMap":{"0":{"name":"(anonymous_0)","decl":{"start":{"line":13,"column":2},"end":{"line":13,"column":3}},"loc":{"start":{"line":16,"column":4},"end":{"line":16,"column":6}},"line":16},"1":{"name":"(anonymous_1)","decl":{"start":{"line":18,"column":2},"end":{"line":18,"column":3}},"loc":{"start":{"line":18,"column":73},"end":{"line":30,"column":3}},"line":18},"2":{"name":"(anonymous_2)","decl":{"start":{"line":20,"column":20},"end":{"line":20,"column":21}},"loc":{"start":{"line":20,"column":36},"end":{"line":27,"column":7}},"line":20},"3":{"name":"(anonymous_3)","decl":{"start":{"line":26,"column":26},"end":{"line":26,"column":27}},"loc":{"start":{"line":26,"column":37},"end":{"line":26,"column":60}},"line":26}},"branchMap":{},"s":{"0":1,"1":1,"2":1,"3":1,"4":1,"5":1},"f":{"0":1,"1":1,"2":1,"3":1},"b":{},"_coverageSchema":"1a1c01bbd47fc00a2c39e90264f33305004495a9","hash":"83f2f0aaabeb363453174adfc19ae33ddebc16d0"}
,"C:\\Users\\Usuario\\Documents\\dev\\road-trip\\src\\data\\repositories\\LocationRepositoryImpl.ts": {"path":"C:\\Users\\Usuario\\Documents\\dev\\road-trip\\src\\data\\repositories\\LocationRepositoryImpl.ts","statementMap":{"0":{"start":{"line":21,"column":19},"end":{"line":21,"column":57}},"1":{"start":{"line":22,"column":4},"end":{"line":22,"column":34}},"2":{"start":{"line":26,"column":21},"end":{"line":26,"column":60}},"3":{"start":{"line":27,"column":4},"end":{"line":27,"column":55}},"4":{"start":{"line":31,"column":25},"end":{"line":33,"column":6}},"5":{"start":{"line":32,"column":6},"end":{"line":32,"column":60}},"6":{"start":{"line":34,"column":4},"end":{"line":34,"column":39}},"7":{"start":{"line":34,"column":17},"end":{"line":34,"column":38}},"8":{"start":{"line":39,"column":4},"end":{"line":39,"column":47}},"9":{"start":{"line":39,"column":30},"end":{"line":39,"column":47}},"10":{"start":{"line":40,"column":4},"end":{"line":40,"column":45}},"11":{"start":{"line":40,"column":29},"end":{"line":40,"column":45}},"12":{"start":{"line":41,"column":4},"end":{"line":41,"column":26}}},"fnMap":{"0":{"name":"(anonymous_0)","decl":{"start":{"line":15,"column":2},"end":{"line":15,"column":3}},"loc":{"start":{"line":18,"column":4},"end":{"line":18,"column":6}},"line":18},"1":{"name":"(anonymous_1)","decl":{"start":{"line":20,"column":2},"end":{"line":20,"column":3}},"loc":{"start":{"line":20,"column":63},"end":{"line":23,"column":3}},"line":20},"2":{"name":"(anonymous_2)","decl":{"start":{"line":25,"column":2},"end":{"line":25,"column":3}},"loc":{"start":{"line":25,"column":51},"end":{"line":28,"column":3}},"line":25},"3":{"name":"(anonymous_3)","decl":{"start":{"line":30,"column":2},"end":{"line":30,"column":3}},"loc":{"start":{"line":30,"column":71},"end":{"line":35,"column":3}},"line":30},"4":{"name":"(anonymous_4)","decl":{"start":{"line":31,"column":58},"end":{"line":31,"column":59}},"loc":{"start":{"line":31,"column":72},"end":{"line":33,"column":5}},"line":31},"5":{"name":"(anonymous_5)","decl":{"start":{"line":34,"column":11},"end":{"line":34,"column":12}},"loc":{"start":{"line":34,"column":17},"end":{"line":34,"column":38}},"line":34},"6":{"name":"(anonymous_6)","decl":{"start":{"line":38,"column":2},"end":{"line":38,"column":3}},"loc":{"start":{"line":38,"column":62},"end":{"line":42,"column":3}},"line":38}},"branchMap":{"0":{"loc":{"start":{"line":39,"column":4},"end":{"line":39,"column":47}},"type":"if","locations":[{"start":{"line":39,"column":4},"end":{"line":39,"column":47}},{"start":{},"end":{}}],"line":39},"1":{"loc":{"start":{"line":40,"column":4},"end":{"line":40,"column":45}},"type":"if","locations":[{"start":{"line":40,"column":4},"end":{"line":40,"column":45}},{"start":{},"end":{}}],"line":40}},"s":{"0":3,"1":3,"2":1,"3":1,"4":1,"5":1,"6":1,"7":1,"8":3,"9":1,"10":2,"11":1,"12":1},"f":{"0":3,"1":3,"2":1,"3":1,"4":1,"5":1,"6":3},"b":{"0":[1,2],"1":[1,1]},"_coverageSchema":"1a1c01bbd47fc00a2c39e90264f33305004495a9","hash":"5309c395bc7591995f1f6ae1d584648cd466e6f6"}
,"C:\\Users\\Usuario\\Documents\\dev\\road-trip\\src\\data\\repositories\\MotoStatsRepositoryImpl.ts": {"path":"C:\\Users\\Usuario\\Documents\\dev\\road-trip\\src\\data\\repositories\\MotoStatsRepositoryImpl.ts","statementMap":{"0":{"start":{"line":19,"column":18},"end":{"line":19,"column":53}},"1":{"start":{"line":20,"column":4},"end":{"line":20,"column":43}}},"fnMap":{"0":{"name":"(anonymous_0)","decl":{"start":{"line":13,"column":2},"end":{"line":13,"column":3}},"loc":{"start":{"line":16,"column":4},"end":{"line":16,"column":6}},"line":16},"1":{"name":"(anonymous_1)","decl":{"start":{"line":18,"column":2},"end":{"line":18,"column":3}},"loc":{"start":{"line":18,"column":74},"end":{"line":21,"column":3}},"line":18}},"branchMap":{"0":{"loc":{"start":{"line":20,"column":11},"end":{"line":20,"column":42}},"type":"cond-expr","locations":[{"start":{"line":20,"column":19},"end":{"line":20,"column":35}},{"start":{"line":20,"column":38},"end":{"line":20,"column":42}}],"line":20}},"s":{"0":0,"1":0},"f":{"0":0,"1":0},"b":{"0":[0,0]}}
,"C:\\Users\\Usuario\\Documents\\dev\\road-trip\\src\\data\\repositories\\MotorcycleRepositoryImpl.ts": {"path":"C:\\Users\\Usuario\\Documents\\dev\\road-trip\\src\\data\\repositories\\MotorcycleRepositoryImpl.ts","statementMap":{"0":{"start":{"line":16,"column":19},"end":{"line":16,"column":62}},"1":{"start":{"line":17,"column":4},"end":{"line":17,"column":43}},"2":{"start":{"line":17,"column":29},"end":{"line":17,"column":41}},"3":{"start":{"line":21,"column":18},"end":{"line":21,"column":50}},"4":{"start":{"line":22,"column":4},"end":{"line":22,"column":43}},"5":{"start":{"line":26,"column":18},"end":{"line":26,"column":71}},"6":{"start":{"line":27,"column":4},"end":{"line":27,"column":28}},"7":{"start":{"line":31,"column":18},"end":{"line":34,"column":5}},"8":{"start":{"line":35,"column":4},"end":{"line":35,"column":28}},"9":{"start":{"line":39,"column":4},"end":{"line":39,"column":34}},"10":{"start":{"line":43,"column":4},"end":{"line":53,"column":6}}},"fnMap":{"0":{"name":"(anonymous_0)","decl":{"start":{"line":10,"column":2},"end":{"line":10,"column":3}},"loc":{"start":{"line":13,"column":4},"end":{"line":13,"column":6}},"line":13},"1":{"name":"(anonymous_1)","decl":{"start":{"line":15,"column":2},"end":{"line":15,"column":3}},"loc":{"start":{"line":15,"column":62},"end":{"line":18,"column":3}},"line":15},"2":{"name":"(anonymous_2)","decl":{"start":{"line":17,"column":22},"end":{"line":17,"column":23}},"loc":{"start":{"line":17,"column":29},"end":{"line":17,"column":41}},"line":17},"3":{"name":"(anonymous_3)","decl":{"start":{"line":20,"column":2},"end":{"line":20,"column":3}},"loc":{"start":{"line":20,"column":56},"end":{"line":23,"column":3}},"line":20},"4":{"name":"(anonymous_4)","decl":{"start":{"line":25,"column":2},"end":{"line":25,"column":3}},"loc":{"start":{"line":25,"column":60},"end":{"line":28,"column":3}},"line":25},"5":{"name":"(anonymous_5)","decl":{"start":{"line":30,"column":2},"end":{"line":30,"column":3}},"loc":{"start":{"line":30,"column":60},"end":{"line":36,"column":3}},"line":30},"6":{"name":"(anonymous_6)","decl":{"start":{"line":38,"column":2},"end":{"line":38,"column":3}},"loc":{"start":{"line":38,"column":42},"end":{"line":40,"column":3}},"line":38},"7":{"name":"(anonymous_7)","decl":{"start":{"line":42,"column":2},"end":{"line":42,"column":3}},"loc":{"start":{"line":42,"column":69},"end":{"line":54,"column":3}},"line":42}},"branchMap":{"0":{"loc":{"start":{"line":22,"column":11},"end":{"line":22,"column":42}},"type":"cond-expr","locations":[{"start":{"line":22,"column":19},"end":{"line":22,"column":35}},{"start":{"line":22,"column":38},"end":{"line":22,"column":42}}],"line":22}},"s":{"0":1,"1":1,"2":1,"3":0,"4":0,"5":1,"6":1,"7":0,"8":0,"9":0,"10":1},"f":{"0":1,"1":1,"2":1,"3":0,"4":1,"5":0,"6":0,"7":1},"b":{"0":[0,0]},"_coverageSchema":"1a1c01bbd47fc00a2c39e90264f33305004495a9","hash":"893010e41a30135a268e67073ad40a4fa172d736"}
,"C:\\Users\\Usuario\\Documents\\dev\\road-trip\\src\\data\\repositories\\RouteRepositoryImpl.ts": {"path":"C:\\Users\\Usuario\\Documents\\dev\\road-trip\\src\\data\\repositories\\RouteRepositoryImpl.ts","statementMap":{"0":{"start":{"line":16,"column":19},"end":{"line":16,"column":62}},"1":{"start":{"line":17,"column":4},"end":{"line":17,"column":43}},"2":{"start":{"line":17,"column":29},"end":{"line":17,"column":41}},"3":{"start":{"line":21,"column":18},"end":{"line":21,"column":50}},"4":{"start":{"line":22,"column":4},"end":{"line":22,"column":43}},"5":{"start":{"line":26,"column":18},"end":{"line":26,"column":66}},"6":{"start":{"line":27,"column":4},"end":{"line":27,"column":28}},"7":{"start":{"line":31,"column":18},"end":{"line":31,"column":76}},"8":{"start":{"line":32,"column":4},"end":{"line":32,"column":28}},"9":{"start":{"line":36,"column":4},"end":{"line":36,"column":34}},"10":{"start":{"line":40,"column":4},"end":{"line":58,"column":6}},"11":{"start":{"line":44,"column":45},"end":{"line":51,"column":7}},"12":{"start":{"line":52,"column":43},"end":{"line":55,"column":7}}},"fnMap":{"0":{"name":"(anonymous_0)","decl":{"start":{"line":10,"column":2},"end":{"line":10,"column":3}},"loc":{"start":{"line":13,"column":4},"end":{"line":13,"column":6}},"line":13},"1":{"name":"(anonymous_1)","decl":{"start":{"line":15,"column":2},"end":{"line":15,"column":3}},"loc":{"start":{"line":15,"column":57},"end":{"line":18,"column":3}},"line":15},"2":{"name":"(anonymous_2)","decl":{"start":{"line":17,"column":22},"end":{"line":17,"column":23}},"loc":{"start":{"line":17,"column":29},"end":{"line":17,"column":41}},"line":17},"3":{"name":"(anonymous_3)","decl":{"start":{"line":20,"column":2},"end":{"line":20,"column":3}},"loc":{"start":{"line":20,"column":51},"end":{"line":23,"column":3}},"line":20},"4":{"name":"(anonymous_4)","decl":{"start":{"line":25,"column":2},"end":{"line":25,"column":3}},"loc":{"start":{"line":25,"column":45},"end":{"line":28,"column":3}},"line":25},"5":{"name":"(anonymous_5)","decl":{"start":{"line":30,"column":2},"end":{"line":30,"column":3}},"loc":{"start":{"line":30,"column":45},"end":{"line":33,"column":3}},"line":30},"6":{"name":"(anonymous_6)","decl":{"start":{"line":35,"column":2},"end":{"line":35,"column":3}},"loc":{"start":{"line":35,"column":42},"end":{"line":37,"column":3}},"line":35},"7":{"name":"(anonymous_7)","decl":{"start":{"line":39,"column":2},"end":{"line":39,"column":3}},"loc":{"start":{"line":39,"column":59},"end":{"line":59,"column":3}},"line":39},"8":{"name":"(anonymous_8)","decl":{"start":{"line":44,"column":37},"end":{"line":44,"column":38}},"loc":{"start":{"line":44,"column":45},"end":{"line":51,"column":7}},"line":44},"9":{"name":"(anonymous_9)","decl":{"start":{"line":52,"column":35},"end":{"line":52,"column":36}},"loc":{"start":{"line":52,"column":43},"end":{"line":55,"column":7}},"line":52}},"branchMap":{"0":{"loc":{"start":{"line":22,"column":11},"end":{"line":22,"column":42}},"type":"cond-expr","locations":[{"start":{"line":22,"column":19},"end":{"line":22,"column":35}},{"start":{"line":22,"column":38},"end":{"line":22,"column":42}}],"line":22}},"s":{"0":0,"1":0,"2":0,"3":0,"4":0,"5":1,"6":1,"7":0,"8":0,"9":0,"10":1,"11":2,"12":3},"f":{"0":1,"1":0,"2":0,"3":0,"4":1,"5":0,"6":0,"7":1,"8":2,"9":3},"b":{"0":[0,0]},"_coverageSchema":"1a1c01bbd47fc00a2c39e90264f33305004495a9","hash":"ef0acd919555fa77df00e036901a20d3672ad822"}
,"C:\\Users\\Usuario\\Documents\\dev\\road-trip\\src\\domain\\entities\\AutonomyEstimate.ts": {"path":"C:\\Users\\Usuario\\Documents\\dev\\road-trip\\src\\domain\\entities\\AutonomyEstimate.ts","statementMap":{"0":{"start":{"line":32,"column":4},"end":{"line":32,"column":50}},"1":{"start":{"line":33,"column":4},"end":{"line":33,"column":50}},"2":{"start":{"line":34,"column":4},"end":{"line":34,"column":52}},"3":{"start":{"line":35,"column":4},"end":{"line":35,"column":50}},"4":{"start":{"line":36,"column":4},"end":{"line":36,"column":50}},"5":{"start":{"line":37,"column":4},"end":{"line":37,"column":60}},"6":{"start":{"line":38,"column":4},"end":{"line":38,"column":38}},"7":{"start":{"line":39,"column":4},"end":{"line":39,"column":54}},"8":{"start":{"line":41,"column":4},"end":{"line":41,"column":32}},"9":{"start":{"line":45,"column":4},"end":{"line":45,"column":33}}},"fnMap":{"0":{"name":"(anonymous_0)","decl":{"start":{"line":31,"column":2},"end":{"line":31,"column":3}},"loc":{"start":{"line":31,"column":57},"end":{"line":42,"column":3}},"line":31},"1":{"name":"(anonymous_1)","decl":{"start":{"line":44,"column":2},"end":{"line":44,"column":3}},"loc":{"start":{"line":44,"column":32},"end":{"line":46,"column":3}},"line":44}},"branchMap":{},"s":{"0":10,"1":10,"2":10,"3":10,"4":10,"5":10,"6":10,"7":10,"8":10,"9":3},"f":{"0":10,"1":3},"b":{},"_coverageSchema":"1a1c01bbd47fc00a2c39e90264f33305004495a9","hash":"9e2f8e2f1f46775ab3f267b731abc8c71127f8f0"}
,"C:\\Users\\Usuario\\Documents\\dev\\road-trip\\src\\domain\\entities\\FuelStation.ts": {"path":"C:\\Users\\Usuario\\Documents\\dev\\road-trip\\src\\domain\\entities\\FuelStation.ts","statementMap":{"0":{"start":{"line":35,"column":4},"end":{"line":35,"column":24}},"1":{"start":{"line":36,"column":4},"end":{"line":36,"column":28}},"2":{"start":{"line":37,"column":4},"end":{"line":37,"column":30}},"3":{"start":{"line":38,"column":4},"end":{"line":38,"column":36}},"4":{"start":{"line":39,"column":4},"end":{"line":39,"column":38}},"5":{"start":{"line":40,"column":4},"end":{"line":40,"column":38}},"6":{"start":{"line":41,"column":4},"end":{"line":41,"column":74}},"7":{"start":{"line":42,"column":4},"end":{"line":42,"column":66}},"8":{"start":{"line":43,"column":4},"end":{"line":43,"column":56}},"9":{"start":{"line":45,"column":4},"end":{"line":45,"column":32}},"10":{"start":{"line":49,"column":4},"end":{"line":51,"column":37}}},"fnMap":{"0":{"name":"(anonymous_0)","decl":{"start":{"line":34,"column":2},"end":{"line":34,"column":3}},"loc":{"start":{"line":34,"column":52},"end":{"line":46,"column":3}},"line":34},"1":{"name":"(anonymous_1)","decl":{"start":{"line":48,"column":2},"end":{"line":48,"column":3}},"loc":{"start":{"line":48,"column":46},"end":{"line":52,"column":3}},"line":48}},"branchMap":{"0":{"loc":{"start":{"line":41,"column":35},"end":{"line":41,"column":73}},"type":"binary-expr","locations":[{"start":{"line":41,"column":35},"end":{"line":41,"column":65}},{"start":{"line":41,"column":69},"end":{"line":41,"column":73}}],"line":41},"1":{"loc":{"start":{"line":42,"column":31},"end":{"line":42,"column":65}},"type":"binary-expr","locations":[{"start":{"line":42,"column":31},"end":{"line":42,"column":57}},{"start":{"line":42,"column":61},"end":{"line":42,"column":65}}],"line":42},"2":{"loc":{"start":{"line":43,"column":26},"end":{"line":43,"column":55}},"type":"binary-expr","locations":[{"start":{"line":43,"column":26},"end":{"line":43,"column":47}},{"start":{"line":43,"column":51},"end":{"line":43,"column":55}}],"line":43},"3":{"loc":{"start":{"line":49,"column":11},"end":{"line":51,"column":36}},"type":"cond-expr","locations":[{"start":{"line":50,"column":8},"end":{"line":50,"column":32}},{"start":{"line":51,"column":8},"end":{"line":51,"column":36}}],"line":49}},"s":{"0":3,"1":3,"2":3,"3":3,"4":3,"5":3,"6":3,"7":3,"8":3,"9":3,"10":2},"f":{"0":3,"1":2},"b":{"0":[3,0],"1":[3,0],"2":[3,1],"3":[1,1]},"_coverageSchema":"1a1c01bbd47fc00a2c39e90264f33305004495a9","hash":"0b07e4f8d3309d0b50f887b7a71f8dd457f416cf"}
,"C:\\Users\\Usuario\\Documents\\dev\\road-trip\\src\\domain\\entities\\FuelStop.ts": {"path":"C:\\Users\\Usuario\\Documents\\dev\\road-trip\\src\\domain\\entities\\FuelStop.ts","statementMap":{"0":{"start":{"line":23,"column":4},"end":{"line":23,"column":24}},"1":{"start":{"line":24,"column":4},"end":{"line":24,"column":30}},"2":{"start":{"line":25,"column":4},"end":{"line":25,"column":58}},"3":{"start":{"line":26,"column":4},"end":{"line":26,"column":36}},"4":{"start":{"line":27,"column":4},"end":{"line":27,"column":30}},"5":{"start":{"line":29,"column":4},"end":{"line":29,"column":32}}},"fnMap":{"0":{"name":"(anonymous_0)","decl":{"start":{"line":22,"column":2},"end":{"line":22,"column":3}},"loc":{"start":{"line":22,"column":49},"end":{"line":30,"column":3}},"line":22}},"branchMap":{},"s":{"0":9,"1":9,"2":9,"3":9,"4":9,"5":9},"f":{"0":9},"b":{},"_coverageSchema":"1a1c01bbd47fc00a2c39e90264f33305004495a9","hash":"b3e071cfb0099c717b9a00f155a6a3188fa630b9"}
,"C:\\Users\\Usuario\\Documents\\dev\\road-trip\\src\\domain\\entities\\GeoLocation.ts": {"path":"C:\\Users\\Usuario\\Documents\\dev\\road-trip\\src\\domain\\entities\\GeoLocation.ts","statementMap":{"0":{"start":{"line":26,"column":4},"end":{"line":26,"column":36}},"1":{"start":{"line":27,"column":4},"end":{"line":27,"column":38}},"2":{"start":{"line":28,"column":4},"end":{"line":28,"column":44}},"3":{"start":{"line":29,"column":4},"end":{"line":29,"column":42}},"4":{"start":{"line":30,"column":4},"end":{"line":30,"column":38}},"5":{"start":{"line":31,"column":4},"end":{"line":31,"column":52}},"6":{"start":{"line":33,"column":4},"end":{"line":33,"column":32}},"7":{"start":{"line":38,"column":4},"end":{"line":38,"column":43}}},"fnMap":{"0":{"name":"(anonymous_0)","decl":{"start":{"line":25,"column":2},"end":{"line":25,"column":3}},"loc":{"start":{"line":25,"column":52},"end":{"line":34,"column":3}},"line":25},"1":{"name":"(anonymous_1)","decl":{"start":{"line":37,"column":2},"end":{"line":37,"column":3}},"loc":{"start":{"line":37,"column":31},"end":{"line":39,"column":3}},"line":37}},"branchMap":{"0":{"loc":{"start":{"line":28,"column":20},"end":{"line":28,"column":43}},"type":"binary-expr","locations":[{"start":{"line":28,"column":20},"end":{"line":28,"column":35}},{"start":{"line":28,"column":39},"end":{"line":28,"column":43}}],"line":28},"1":{"loc":{"start":{"line":29,"column":19},"end":{"line":29,"column":41}},"type":"binary-expr","locations":[{"start":{"line":29,"column":19},"end":{"line":29,"column":33}},{"start":{"line":29,"column":37},"end":{"line":29,"column":41}}],"line":29},"2":{"loc":{"start":{"line":30,"column":17},"end":{"line":30,"column":37}},"type":"binary-expr","locations":[{"start":{"line":30,"column":17},"end":{"line":30,"column":29}},{"start":{"line":30,"column":33},"end":{"line":30,"column":37}}],"line":30},"3":{"loc":{"start":{"line":31,"column":21},"end":{"line":31,"column":51}},"type":"binary-expr","locations":[{"start":{"line":31,"column":21},"end":{"line":31,"column":37}},{"start":{"line":31,"column":41},"end":{"line":31,"column":51}}],"line":31}},"s":{"0":10,"1":10,"2":10,"3":10,"4":10,"5":10,"6":10,"7":3},"f":{"0":10,"1":3},"b":{"0":[10,0],"1":[10,0],"2":[10,0],"3":[10,0]},"_coverageSchema":"1a1c01bbd47fc00a2c39e90264f33305004495a9","hash":"fd19e8639905dad51a4aeb288e87d1dd01ca93e4"}
,"C:\\Users\\Usuario\\Documents\\dev\\road-trip\\src\\domain\\entities\\Motorcycle.ts": {"path":"C:\\Users\\Usuario\\Documents\\dev\\road-trip\\src\\domain\\entities\\Motorcycle.ts","statementMap":{"0":{"start":{"line":38,"column":4},"end":{"line":38,"column":24}},"1":{"start":{"line":39,"column":4},"end":{"line":39,"column":34}},"2":{"start":{"line":40,"column":4},"end":{"line":40,"column":30}},"3":{"start":{"line":41,"column":4},"end":{"line":41,"column":30}},"4":{"start":{"line":42,"column":4},"end":{"line":42,"column":28}},"5":{"start":{"line":43,"column":4},"end":{"line":43,"column":44}},"6":{"start":{"line":44,"column":4},"end":{"line":44,"column":36}},"7":{"start":{"line":45,"column":4},"end":{"line":45,"column":56}},"8":{"start":{"line":46,"column":4},"end":{"line":46,"column":70}},"9":{"start":{"line":47,"column":4},"end":{"line":47,"column":44}},"10":{"start":{"line":48,"column":4},"end":{"line":48,"column":52}},"11":{"start":{"line":50,"column":4},"end":{"line":50,"column":32}},"12":{"start":{"line":55,"column":4},"end":{"line":55,"column":68}},"13":{"start":{"line":59,"column":4},"end":{"line":59,"column":75}},"14":{"start":{"line":59,"column":47},"end":{"line":59,"column":75}},"15":{"start":{"line":60,"column":4},"end":{"line":60,"column":61}}},"fnMap":{"0":{"name":"(anonymous_0)","decl":{"start":{"line":37,"column":2},"end":{"line":37,"column":3}},"loc":{"start":{"line":37,"column":51},"end":{"line":51,"column":3}},"line":37},"1":{"name":"(anonymous_1)","decl":{"start":{"line":54,"column":2},"end":{"line":54,"column":3}},"loc":{"start":{"line":54,"column":28},"end":{"line":56,"column":3}},"line":54},"2":{"name":"(anonymous_2)","decl":{"start":{"line":58,"column":2},"end":{"line":58,"column":3}},"loc":{"start":{"line":58,"column":24},"end":{"line":61,"column":3}},"line":58}},"branchMap":{"0":{"loc":{"start":{"line":43,"column":20},"end":{"line":43,"column":43}},"type":"binary-expr","locations":[{"start":{"line":43,"column":20},"end":{"line":43,"column":35}},{"start":{"line":43,"column":39},"end":{"line":43,"column":43}}],"line":43},"1":{"loc":{"start":{"line":47,"column":20},"end":{"line":47,"column":43}},"type":"binary-expr","locations":[{"start":{"line":47,"column":20},"end":{"line":47,"column":35}},{"start":{"line":47,"column":39},"end":{"line":47,"column":43}}],"line":47},"2":{"loc":{"start":{"line":48,"column":21},"end":{"line":48,"column":51}},"type":"binary-expr","locations":[{"start":{"line":48,"column":21},"end":{"line":48,"column":37}},{"start":{"line":48,"column":41},"end":{"line":48,"column":51}}],"line":48},"3":{"loc":{"start":{"line":59,"column":4},"end":{"line":59,"column":75}},"type":"if","locations":[{"start":{"line":59,"column":4},"end":{"line":59,"column":75}},{"start":{},"end":{}}],"line":59},"4":{"loc":{"start":{"line":59,"column":8},"end":{"line":59,"column":45}},"type":"binary-expr","locations":[{"start":{"line":59,"column":8},"end":{"line":59,"column":21}},{"start":{"line":59,"column":25},"end":{"line":59,"column":45}}],"line":59}},"s":{"0":39,"1":39,"2":39,"3":39,"4":39,"5":39,"6":39,"7":39,"8":39,"9":39,"10":39,"11":39,"12":8,"13":2,"14":1,"15":1},"f":{"0":39,"1":8,"2":2},"b":{"0":[39,38],"1":[39,4],"2":[39,2],"3":[1,1],"4":[2,1]},"_coverageSchema":"1a1c01bbd47fc00a2c39e90264f33305004495a9","hash":"828a1f7c11d6ce6bfebb5dec15806c9e53cedee5"}
,"C:\\Users\\Usuario\\Documents\\dev\\road-trip\\src\\domain\\entities\\MotorcycleSpecs.ts": {"path":"C:\\Users\\Usuario\\Documents\\dev\\road-trip\\src\\domain\\entities\\MotorcycleSpecs.ts","statementMap":{"0":{"start":{"line":34,"column":4},"end":{"line":34,"column":30}},"1":{"start":{"line":35,"column":4},"end":{"line":35,"column":30}},"2":{"start":{"line":36,"column":4},"end":{"line":36,"column":28}},"3":{"start":{"line":37,"column":4},"end":{"line":37,"column":56}},"4":{"start":{"line":38,"column":4},"end":{"line":38,"column":70}},"5":{"start":{"line":39,"column":4},"end":{"line":39,"column":44}},"6":{"start":{"line":40,"column":4},"end":{"line":40,"column":66}},"7":{"start":{"line":41,"column":4},"end":{"line":41,"column":32}},"8":{"start":{"line":42,"column":4},"end":{"line":42,"column":40}},"9":{"start":{"line":44,"column":4},"end":{"line":44,"column":32}}},"fnMap":{"0":{"name":"(anonymous_0)","decl":{"start":{"line":33,"column":2},"end":{"line":33,"column":3}},"loc":{"start":{"line":33,"column":56},"end":{"line":45,"column":3}},"line":33}},"branchMap":{"0":{"loc":{"start":{"line":39,"column":20},"end":{"line":39,"column":43}},"type":"binary-expr","locations":[{"start":{"line":39,"column":20},"end":{"line":39,"column":35}},{"start":{"line":39,"column":39},"end":{"line":39,"column":43}}],"line":39},"1":{"loc":{"start":{"line":40,"column":31},"end":{"line":40,"column":65}},"type":"binary-expr","locations":[{"start":{"line":40,"column":31},"end":{"line":40,"column":57}},{"start":{"line":40,"column":61},"end":{"line":40,"column":65}}],"line":40}},"s":{"0":3,"1":3,"2":3,"3":3,"4":3,"5":3,"6":3,"7":3,"8":3,"9":3},"f":{"0":3},"b":{"0":[3,1],"1":[3,0]},"_coverageSchema":"1a1c01bbd47fc00a2c39e90264f33305004495a9","hash":"b87fdcacb70ea28358312daeec30503cc9d379d6"}
,"C:\\Users\\Usuario\\Documents\\dev\\road-trip\\src\\domain\\entities\\Rider.ts": {"path":"C:\\Users\\Usuario\\Documents\\dev\\road-trip\\src\\domain\\entities\\Rider.ts","statementMap":{"0":{"start":{"line":23,"column":4},"end":{"line":23,"column":24}},"1":{"start":{"line":24,"column":4},"end":{"line":24,"column":30}},"2":{"start":{"line":25,"column":4},"end":{"line":25,"column":42}},"3":{"start":{"line":26,"column":4},"end":{"line":26,"column":44}},"4":{"start":{"line":27,"column":4},"end":{"line":27,"column":52}},"5":{"start":{"line":29,"column":4},"end":{"line":29,"column":32}},"6":{"start":{"line":33,"column":19},"end":{"line":33,"column":56}},"7":{"start":{"line":34,"column":4},"end":{"line":34,"column":44}}},"fnMap":{"0":{"name":"(anonymous_0)","decl":{"start":{"line":22,"column":2},"end":{"line":22,"column":3}},"loc":{"start":{"line":22,"column":46},"end":{"line":30,"column":3}},"line":22},"1":{"name":"(anonymous_1)","decl":{"start":{"line":32,"column":2},"end":{"line":32,"column":3}},"loc":{"start":{"line":32,"column":21},"end":{"line":35,"column":3}},"line":32}},"branchMap":{"0":{"loc":{"start":{"line":26,"column":20},"end":{"line":26,"column":43}},"type":"binary-expr","locations":[{"start":{"line":26,"column":20},"end":{"line":26,"column":35}},{"start":{"line":26,"column":39},"end":{"line":26,"column":43}}],"line":26},"1":{"loc":{"start":{"line":27,"column":21},"end":{"line":27,"column":51}},"type":"binary-expr","locations":[{"start":{"line":27,"column":21},"end":{"line":27,"column":37}},{"start":{"line":27,"column":41},"end":{"line":27,"column":51}}],"line":27},"2":{"loc":{"start":{"line":33,"column":19},"end":{"line":33,"column":56}},"type":"binary-expr","locations":[{"start":{"line":33,"column":19},"end":{"line":33,"column":42}},{"start":{"line":33,"column":46},"end":{"line":33,"column":56}}],"line":33}},"s":{"0":31,"1":31,"2":31,"3":31,"4":31,"5":31,"6":2,"7":2},"f":{"0":31,"1":2},"b":{"0":[31,31],"1":[31,1],"2":[2,1]},"_coverageSchema":"1a1c01bbd47fc00a2c39e90264f33305004495a9","hash":"c2c9ea1b0f19d755e04ab9169f9b5000925186cb"}
,"C:\\Users\\Usuario\\Documents\\dev\\road-trip\\src\\domain\\entities\\RidingConditions.ts": {"path":"C:\\Users\\Usuario\\Documents\\dev\\road-trip\\src\\domain\\entities\\RidingConditions.ts","statementMap":{"0":{"start":{"line":21,"column":4},"end":{"line":21,"column":44}},"1":{"start":{"line":22,"column":4},"end":{"line":22,"column":40}},"2":{"start":{"line":23,"column":4},"end":{"line":23,"column":52}},"3":{"start":{"line":25,"column":4},"end":{"line":25,"column":32}},"4":{"start":{"line":29,"column":4},"end":{"line":33,"column":7}}},"fnMap":{"0":{"name":"(anonymous_0)","decl":{"start":{"line":20,"column":2},"end":{"line":20,"column":3}},"loc":{"start":{"line":20,"column":57},"end":{"line":26,"column":3}},"line":20},"1":{"name":"(anonymous_1)","decl":{"start":{"line":28,"column":2},"end":{"line":28,"column":3}},"loc":{"start":{"line":28,"column":37},"end":{"line":34,"column":3}},"line":28}},"branchMap":{},"s":{"0":9,"1":9,"2":9,"3":9,"4":5},"f":{"0":9,"1":5},"b":{},"_coverageSchema":"1a1c01bbd47fc00a2c39e90264f33305004495a9","hash":"1d8de038b2b13216448fc44d6cef95dc3a94d3ee"}
,"C:\\Users\\Usuario\\Documents\\dev\\road-trip\\src\\domain\\entities\\Route.ts": {"path":"C:\\Users\\Usuario\\Documents\\dev\\road-trip\\src\\domain\\entities\\Route.ts","statementMap":{"0":{"start":{"line":38,"column":4},"end":{"line":38,"column":24}},"1":{"start":{"line":39,"column":4},"end":{"line":39,"column":34}},"2":{"start":{"line":40,"column":4},"end":{"line":40,"column":28}},"3":{"start":{"line":41,"column":4},"end":{"line":41,"column":36}},"4":{"start":{"line":42,"column":4},"end":{"line":42,"column":38}},"5":{"start":{"line":43,"column":4},"end":{"line":43,"column":42}},"6":{"start":{"line":44,"column":4},"end":{"line":44,"column":45}},"7":{"start":{"line":45,"column":4},"end":{"line":45,"column":65}},"8":{"start":{"line":46,"column":4},"end":{"line":46,"column":52}},"9":{"start":{"line":48,"column":4},"end":{"line":48,"column":32}},"10":{"start":{"line":53,"column":4},"end":{"line":53,"column":59}},"11":{"start":{"line":53,"column":40},"end":{"line":53,"column":57}},"12":{"start":{"line":57,"column":18},"end":{"line":57,"column":60}},"13":{"start":{"line":58,"column":20},"end":{"line":58,"column":62}},"14":{"start":{"line":59,"column":4},"end":{"line":59,"column":44}},"15":{"start":{"line":59,"column":20},"end":{"line":59,"column":44}},"16":{"start":{"line":60,"column":4},"end":{"line":60,"column":39}}},"fnMap":{"0":{"name":"(anonymous_0)","decl":{"start":{"line":37,"column":2},"end":{"line":37,"column":3}},"loc":{"start":{"line":37,"column":46},"end":{"line":49,"column":3}},"line":37},"1":{"name":"(anonymous_1)","decl":{"start":{"line":52,"column":2},"end":{"line":52,"column":3}},"loc":{"start":{"line":52,"column":22},"end":{"line":54,"column":3}},"line":52},"2":{"name":"(anonymous_2)","decl":{"start":{"line":53,"column":33},"end":{"line":53,"column":34}},"loc":{"start":{"line":53,"column":40},"end":{"line":53,"column":57}},"line":53},"3":{"name":"(anonymous_3)","decl":{"start":{"line":56,"column":2},"end":{"line":56,"column":3}},"loc":{"start":{"line":56,"column":26},"end":{"line":61,"column":3}},"line":56}},"branchMap":{"0":{"loc":{"start":{"line":43,"column":20},"end":{"line":43,"column":41}},"type":"binary-expr","locations":[{"start":{"line":43,"column":20},"end":{"line":43,"column":35}},{"start":{"line":43,"column":39},"end":{"line":43,"column":41}}],"line":43},"1":{"loc":{"start":{"line":44,"column":22},"end":{"line":44,"column":44}},"type":"binary-expr","locations":[{"start":{"line":44,"column":22},"end":{"line":44,"column":39}},{"start":{"line":44,"column":43},"end":{"line":44,"column":44}}],"line":44},"2":{"loc":{"start":{"line":45,"column":32},"end":{"line":45,"column":64}},"type":"binary-expr","locations":[{"start":{"line":45,"column":32},"end":{"line":45,"column":59}},{"start":{"line":45,"column":63},"end":{"line":45,"column":64}}],"line":45},"3":{"loc":{"start":{"line":46,"column":21},"end":{"line":46,"column":51}},"type":"binary-expr","locations":[{"start":{"line":46,"column":21},"end":{"line":46,"column":37}},{"start":{"line":46,"column":41},"end":{"line":46,"column":51}}],"line":46},"4":{"loc":{"start":{"line":59,"column":4},"end":{"line":59,"column":44}},"type":"if","locations":[{"start":{"line":59,"column":4},"end":{"line":59,"column":44}},{"start":{},"end":{}}],"line":59}},"s":{"0":36,"1":36,"2":36,"3":36,"4":36,"5":36,"6":36,"7":36,"8":36,"9":36,"10":1,"11":3,"12":2,"13":2,"14":2,"15":1,"16":1},"f":{"0":36,"1":1,"2":3,"3":2},"b":{"0":[36,0],"1":[36,0],"2":[36,0],"3":[36,1],"4":[1,1]},"_coverageSchema":"1a1c01bbd47fc00a2c39e90264f33305004495a9","hash":"f3a682bed9de9b39f4e8bbb2279e9a4ac10d242e"}
,"C:\\Users\\Usuario\\Documents\\dev\\road-trip\\src\\domain\\entities\\RouteDirections.ts": {"path":"C:\\Users\\Usuario\\Documents\\dev\\road-trip\\src\\domain\\entities\\RouteDirections.ts","statementMap":{"0":{"start":{"line":19,"column":4},"end":{"line":19,"column":40}},"1":{"start":{"line":20,"column":4},"end":{"line":20,"column":42}},"2":{"start":{"line":21,"column":4},"end":{"line":21,"column":36}},"3":{"start":{"line":23,"column":4},"end":{"line":23,"column":32}}},"fnMap":{"0":{"name":"(anonymous_0)","decl":{"start":{"line":18,"column":2},"end":{"line":18,"column":3}},"loc":{"start":{"line":18,"column":56},"end":{"line":24,"column":3}},"line":18}},"branchMap":{},"s":{"0":7,"1":7,"2":7,"3":7},"f":{"0":7},"b":{},"_coverageSchema":"1a1c01bbd47fc00a2c39e90264f33305004495a9","hash":"e39a42671991a40c4fcd82d007895fd7282938d1"}
[...]
,"column":26},"end":{"line":37,"column":3}},"line":35},"2":{"name":"(anonymous_2)","decl":{"start":{"line":39,"column":2},"end":{"line":39,"column":3}},"loc":{"start":{"line":39,"column":25},"end":{"line":41,"column":3}},"line":39},"3":{"name":"(anonymous_3)","decl":{"start":{"line":43,"column":2},"end":{"line":43,"column":3}},"loc":{"start":{"line":43,"column":36},"end":{"line":60,"column":3}},"line":43},"4":{"name":"(anonymous_4)","decl":{"start":{"line":51,"column":18},"end":{"line":51,"column":19}},"loc":{"start":{"line":51,"column":24},"end":{"line":55,"column":7}},"line":51},"5":{"name":"(anonymous_5)","decl":{"start":{"line":53,"column":10},"end":{"line":53,"column":11}},"loc":{"start":{"line":53,"column":20},"end":{"line":53,"column":65}},"line":53},"6":{"name":"(anonymous_6)","decl":{"start":{"line":62,"column":2},"end":{"line":62,"column":3}},"loc":{"start":{"line":62,"column":45},"end":{"line":76,"column":3}},"line":62},"7":{"name":"(anonymous_7)","decl":{"start":{"line":66,"column":18},"end":{"line":66,"column":19}},"loc":{"start":{"line":66,"column":24},"end":{"line":69,"column":7}},"line":66},"8":{"name":"(anonymous_8)","decl":{"start":{"line":68,"column":40},"end":{"line":68,"column":41}},"loc":{"start":{"line":68,"column":47},"end":{"line":68,"column":58}},"line":68},"9":{"name":"(anonymous_9)","decl":{"start":{"line":78,"column":2},"end":{"line":78,"column":3}},"loc":{"start":{"line":78,"column":16},"end":{"line":86,"column":3}},"line":78},"10":{"name":"(anonymous_10)","decl":{"start":{"line":79,"column":16},"end":{"line":79,"column":17}},"loc":{"start":{"line":79,"column":22},"end":{"line":85,"column":5}},"line":79},"11":{"name":"(anonymous_11)","decl":{"start":{"line":88,"column":2},"end":{"line":88,"column":3}},"loc":{"start":{"line":92,"column":4},"end":{"line":105,"column":3}},"line":92},"12":{"name":"(anonymous_12)","decl":{"start":{"line":93,"column":16},"end":{"line":93,"column":17}},"loc":{"start":{"line":93,"column":22},"end":{"line":104,"column":5}},"line":93},"13":{"name":"(anonymous_13)","decl":{"start":{"line":107,"column":2},"end":{"line":107,"column":3}},"loc":{"start":{"line":107,"column":52},"end":{"line":113,"column":3}},"line":107}},"branchMap":{"0":{"loc":{"start":{"line":36,"column":11},"end":{"line":36,"column":66}},"type":"binary-expr","locations":[{"start":{"line":36,"column":11},"end":{"line":36,"column":32}},{"start":{"line":36,"column":36},"end":{"line":36,"column":66}}],"line":36},"1":{"loc":{"start":{"line":40,"column":11},"end":{"line":40,"column":70}},"type":"binary-expr","locations":[{"start":{"line":40,"column":11},"end":{"line":40,"column":24}},{"start":{"line":40,"column":28},"end":{"line":40,"column":70}}],"line":40},"2":{"loc":{"start":{"line":40,"column":29},"end":{"line":40,"column":63}},"type":"binary-expr","locations":[{"start":{"line":40,"column":29},"end":{"line":40,"column":58}},{"start":{"line":40,"column":62},"end":{"line":40,"column":63}}],"line":40},"3":{"loc":{"start":{"line":47,"column":6},"end":{"line":49,"column":7}},"type":"if","locations":[{"start":{"line":47,"column":6},"end":{"line":49,"column":7}},{"start":{},"end":{}}],"line":47},"4":{"loc":{"start":{"line":68,"column":10},"end":{"line":68,"column":67}},"type":"binary-expr","locations":[{"start":{"line":68,"column":10},"end":{"line":68,"column":59}},{"start":{"line":68,"column":63},"end":{"line":68,"column":67}}],"line":68},"5":{"loc":{"start":{"line":94,"column":6},"end":{"line":103,"column":7}},"type":"switch","locations":[{"start":{"line":95,"column":8},"end":{"line":98,"column":16}},{"start":{"line":99,"column":8},"end":{"line":102,"column":16}}],"line":94},"6":{"loc":{"start":{"line":109,"column":6},"end":{"line":109,"column":60}},"type":"cond-expr","locations":[{"start":{"line":109,"column":31},"end":{"line":109,"column":44}},{"start":{"line":109,"column":47},"end":{"line":109,"column":60}}],"line":109}},"s":{"0":2,"1":2,"2":2,"3":2,"4":2,"5":2,"6":2,"7":2,"8":1,"9":2,"10":2,"11":2,"12":2,"13":0,"14":2,"15":2,"16":2,"17":0,"18":2,"19":0,"20":1,"21":1,"22":1,"23":1,"24":1,"25":1,"26":1,"27":1,"28":0,"29":0,"30":0,"31":0,"32":0,"33":0,"34":0,"35":0,"36":6,"37":6,"38":4,"39":4,"40":4,"41":2,"42":2,"43":2,"44":0,"45":0,"46":0},"f":{"0":2,"1":2,"2":1,"3":2,"4":2,"5":0,"6":1,"7":1,"8":1,"9":0,"10":0,"11":6,"12":6,"13":0},"b":{"0":[2,2],"1":[1,1],"2":[1,0],"3":[0,2],"4":[1,0],"5":[4,2],"6":[0,0]},"_coverageSchema":"1a1c01bbd47fc00a2c39e90264f33305004495a9","hash":"0eab9bea896b99c8b98baeda4840cefc46e8ea5c"}
,"C:\\Users\\Usuario\\Documents\\dev\\road-trip\\src\\ui\\viewModels\\LocationStore.ts": {"path":"C:\\Users\\Usuario\\Documents\\dev\\road-trip\\src\\ui\\viewModels\\LocationStore.ts","statementMap":{"0":{"start":{"line":22,"column":33},"end":{"line":22,"column":38}},"1":{"start":{"line":23,"column":37},"end":{"line":23,"column":41}},"2":{"start":{"line":24,"column":58},"end":{"line":24,"column":62}},"3":{"start":{"line":27,"column":31},"end":{"line":27,"column":36}},"4":{"start":{"line":28,"column":35},"end":{"line":28,"column":39}},"5":{"start":{"line":29,"column":43},"end":{"line":29,"column":47}},"6":{"start":{"line":31,"column":45},"end":{"line":31,"column":49}},"7":{"start":{"line":32,"column":19},"end":{"line":32,"column":46}},"8":{"start":{"line":42,"column":4},"end":{"line":42,"column":29}},"9":{"start":{"line":48,"column":4},"end":{"line":48,"column":51}},"10":{"start":{"line":52,"column":4},"end":{"line":52,"column":44}},"11":{"start":{"line":57,"column":4},"end":{"line":57,"column":79}},"12":{"start":{"line":64,"column":4},"end":{"line":64,"column":33}},"13":{"start":{"line":64,"column":26},"end":{"line":64,"column":33}},"14":{"start":{"line":65,"column":20},"end":{"line":65,"column":49}},"15":{"start":{"line":66,"column":4},"end":{"line":66,"column":25}},"16":{"start":{"line":66,"column":18},"end":{"line":66,"column":25}},"17":{"start":{"line":67,"column":4},"end":{"line":67,"column":37}},"18":{"start":{"line":68,"column":4},"end":{"line":68,"column":31}},"19":{"start":{"line":73,"column":4},"end":{"line":73,"column":54}},"20":{"start":{"line":74,"column":4},"end":{"line":84,"column":5}},"21":{"start":{"line":75,"column":21},"end":{"line":75,"column":62}},"22":{"start":{"line":76,"column":6},"end":{"line":78,"column":9}},"23":{"start":{"line":77,"column":8},"end":{"line":77,"column":43}},"24":{"start":{"line":79,"column":6},"end":{"line":79,"column":57}},"25":{"start":{"line":80,"column":6},"end":{"line":80,"column":34}},"26":{"start":{"line":82,"column":6},"end":{"line":82,"column":44}},"27":{"start":{"line":83,"column":6},"end":{"line":83,"column":19}},"28":{"start":{"line":89,"column":4},"end":{"line":89,"column":52}},"29":{"start":{"line":90,"column":4},"end":{"line":98,"column":5}},"30":{"start":{"line":91,"column":23},"end":{"line":91,"column":65}},"31":{"start":{"line":92,"column":6},"end":{"line":94,"column":9}},"32":{"start":{"line":93,"column":8},"end":{"line":93,"column":43}},"33":{"start":{"line":95,"column":6},"end":{"line":95,"column":55}},"34":{"start":{"line":97,"column":6},"end":{"line":97,"column":42}},"35":{"start":{"line":103,"column":4},"end":{"line":103,"column":25}},"36":{"start":{"line":104,"column":4},"end":{"line":104,"column":28}},"37":{"start":{"line":108,"column":4},"end":{"line":115,"column":7}},"38":{"start":{"line":109,"column":6},"end":{"line":109,"column":39}},"39":{"start":{"line":110,"column":6},"end":{"line":110,"column":36}},"40":{"start":{"line":111,"column":6},"end":{"line":111,"column":39}},"41":{"start":{"line":112,"column":6},"end":{"line":112,"column":37}},"42":{"start":{"line":113,"column":6},"end":{"line":113,"column":34}},"43":{"start":{"line":114,"column":6},"end":{"line":114,"column":37}},"44":{"start":{"line":121,"column":4},"end":{"line":129,"column":5}},"45":{"start":{"line":122,"column":6},"end":{"line":126,"column":9}},"46":{"start":{"line":123,"column":8},"end":{"line":125,"column":11}},"47":{"start":{"line":124,"column":10},"end":{"line":124,"column":45}},"48":{"start":{"line":128,"column":6},"end":{"line":128,"column":42}},"49":{"start":{"line":137,"column":4},"end":{"line":148,"column":7}},"50":{"start":{"line":138,"column":6},"end":{"line":147,"column":7}},"51":{"start":{"line":140,"column":10},"end":{"line":140,"column":47}},"52":{"start":{"line":141,"column":10},"end":{"line":141,"column":41}},"53":{"start":{"line":142,"column":10},"end":{"line":142,"column":16}},"54":{"start":{"line":144,"column":10},"end":{"line":144,"column":45}},"55":{"start":{"line":145,"column":10},"end":{"line":145,"column":39}},"56":{"start":{"line":146,"column":10},"end":{"line":146,"column":16}},"57":{"start":{"line":152,"column":25},"end":{"line":154,"column":6}},"58":{"start":{"line":155,"column":4},"end":{"line":155,"column":36}},"59":{"start":{"line":156,"column":4},"end":{"line":156,"column":55}}},"fnMap":{"0":{"name":"(anonymous_0)","decl":{"start":{"line":34,"column":2},"end":{"line":34,"column":3}},"loc":{"start":{"line":41,"column":4},"end":{"line":43,"column":3}},"line":41},"1":{"name":"(anonymous_1)","decl":{"start":{"line":47,"column":2},"end":{"line":47,"column":3}},"loc":{"start":{"line":47,"column":31},"end":{"line":49,"column":3}},"line":47},"2":{"name":"(anonymous_2)","decl":{"start":{"line":51,"column":2},"end":{"line":51,"column":3}},"loc":{"start":{"line":51,"column":29},"end":{"line":53,"column":3}},"line":51},"3":{"name":"(anonymous_3)","decl":{"start":{"line":56,"column":2},"end":{"line":56,"column":3}},"loc":{"start":{"line":56,"column":45},"end":{"line":58,"column":3}},"line":56},"4":{"name":"(anonymous_4)","decl":{"start":{"line":63,"column":2},"end":{"line":63,"column":3}},"loc":{"start":{"line":63,"column":36},"end":{"line":69,"column":3}},"line":63},"5":{"name":"(anonymous_5)","decl":{"start":{"line":72,"column":2},"end":{"line":72,"column":3}},"loc":{"start":{"line":72,"column":45},"end":{"line":85,"column":3}},"line":72},"6":{"name":"(anonymous_6)","decl":{"start":{"line":76,"column":18},"end":{"line":76,"column":19}},"loc":{"start":{"line":76,"column":24},"end":{"line":78,"column":7}},"line":76},"7":{"name":"(anonymous_7)","decl":{"start":{"line":88,"column":2},"end":{"line":88,"column":3}},"loc":{"start":{"line":88,"column":45},"end":{"line":99,"column":3}},"line":88},"8":{"name":"(anonymous_8)","decl":{"start":{"line":92,"column":18},"end":{"line":92,"column":19}},"loc":{"start":{"line":92,"column":24},"end":{"line":94,"column":7}},"line":92},"9":{"name":"(anonymous_9)","decl":{"start":{"line":102,"column":2},"end":{"line":102,"column":3}},"loc":{"start":{"line":102,"column":18},"end":{"line":105,"column":3}},"line":102},"10":{"name":"(anonymous_10)","decl":{"start":{"line":107,"column":2},"end":{"line":107,"column":3}},"loc":{"start":{"line":107,"column":16},"end":{"line":116,"column":3}},"line":107},"11":{"name":"(anonymous_11)","decl":{"start":{"line":108,"column":16},"end":{"line":108,"column":17}},"loc":{"start":{"line":108,"column":22},"end":{"line":115,"column":5}},"line":108},"12":{"name":"(anonymous_12)","decl":{"start":{"line":120,"column":2},"end":{"line":120,"column":3}},"loc":{"start":{"line":120,"column":47},"end":{"line":130,"column":3}},"line":120},"13":{"name":"(anonymous_13)","decl":{"start":{"line":122,"column":61},"end":{"line":122,"column":62}},"loc":{"start":{"line":122,"column":75},"end":{"line":126,"column":7}},"line":122},"14":{"name":"(anonymous_14)","decl":{"start":{"line":123,"column":20},"end":{"line":123,"column":21}},"loc":{"start":{"line":123,"column":26},"end":{"line":125,"column":9}},"line":123},"15":{"name":"(anonymous_15)","decl":{"start":{"line":132,"column":2},"end":{"line":132,"column":3}},"loc":{"start":{"line":136,"column":4},"end":{"line":149,"column":3}},"line":136},"16":{"name":"(anonymous_16)","decl":{"start":{"line":137,"column":16},"end":{"line":137,"column":17}},"loc":{"start":{"line":137,"column":22},"end":{"line":148,"column":5}},"line":137},"17":{"name":"(anonymous_17)","decl":{"start":{"line":151,"column":2},"end":{"line":151,"column":3}},"loc":{"start":{"line":151,"column":52},"end":{"line":157,"column":3}},"line":151}},"branchMap":{"0":{"loc":{"start":{"line":57,"column":11},"end":{"line":57,"column":78}},"type":"cond-expr","locations":[{"start":{"line":57,"column":37},"end":{"line":57,"column":71}},{"start":{"line":57,"column":74},"end":{"line":57,"column":78}}],"line":57},"1":{"loc":{"start":{"line":64,"column":4},"end":{"line":64,"column":33}},"type":"if","locations":[{"start":{"line":64,"column":4},"end":{"line":64,"column":33}},{"start":{},"end":{}}],"line":64},"2":{"loc":{"start":{"line":66,"column":4},"end":{"line":66,"column":25}},"type":"if","locations":[{"start":{"line":66,"column":4},"end":{"line":66,"column":25}},{"start":{},"end":{}}],"line":66},"3":{"loc":{"start":{"line":138,"column":6},"end":{"line":147,"column":7}},"type":"switch","locations":[{"start":{"line":139,"column":8},"end":{"line":142,"column":16}},{"start":{"line":143,"column":8},"end":{"line":146,"column":16}}],"line":138},"4":{"loc":{"start":{"line":153,"column":6},"end":{"line":153,"column":60}},"type":"cond-expr","locations":[{"start":{"line":153,"column":31},"end":{"line":153,"column":44}},{"start":{"line":153,"column":47},"end":{"line":153,"column":60}}],"line":153}},"s":{"0":9,"1":9,"2":9,"3":9,"4":9,"5":9,"6":9,"7":9,"8":9,"9":3,"10":3,"11":3,"12":9,"13":1,"14":8,"15":8,"16":2,"17":6,"18":6,"19":8,"20":8,"21":8,"22":7,"23":7,"24":7,"25":7,"26":1,"27":1,"28":6,"29":6,"30":6,"31":5,"32":5,"33":5,"34":1,"35":1,"36":1,"37":1,"38":1,"39":1,"40":1,"41":1,"42":1,"43":1,"44":6,"45":6,"46":1,"47":1,"48":1,"49":29,"50":29,"51":16,"52":16,"53":16,"54":13,"55":13,"56":13,"57":3,"58":3,"59":3},"f":{"0":9,"1":3,"2":3,"3":3,"4":9,"5":8,"6":7,"7":6,"8":5,"9":1,"10":1,"11":1,"12":6,"13":1,"14":1,"15":29,"16":29,"17":3},"b":{"0":[2,1],"1":[1,8],"2":[2,6],"3":[16,13],"4":[3,0]},"_coverageSchema":"1a1c01bbd47fc00a2c39e90264f33305004495a9","hash":"307d90f37f5d710105cb884f68e3f97515bf2255"}
,"C:\\Users\\Usuario\\Documents\\dev\\road-trip\\src\\ui\\viewModels\\SessionViewModel.ts": {"path":"C:\\Users\\Usuario\\Documents\\dev\\road-trip\\src\\ui\\viewModels\\SessionViewModel.ts","statementMap":{"0":{"start":{"line":18,"column":31},"end":{"line":18,"column":35}},"1":{"start":{"line":19,"column":30},"end":{"line":19,"column":34}},"2":{"start":{"line":20,"column":34},"end":{"line":20,"column":38}},"3":{"start":{"line":22,"column":30},"end":{"line":22,"column":35}},"4":{"start":{"line":23,"column":34},"end":{"line":23,"column":38}},"5":{"start":{"line":25,"column":45},"end":{"line":25,"column":49}},"6":{"start":{"line":26,"column":19},"end":{"line":26,"column":49}},"7":{"start":{"line":34,"column":4},"end":{"line":34,"column":29}},"8":{"start":{"line":38,"column":4},"end":{"line":38,"column":38}},"9":{"start":{"line":42,"column":4},"end":{"line":42,"column":34}},"10":{"start":{"line":46,"column":4},"end":{"line":46,"column":33}},"11":{"start":{"line":46,"column":26},"end":{"line":46,"column":33}},"12":{"start":{"line":47,"column":4},"end":{"line":47,"column":51}},"13":{"start":{"line":48,"column":4},"end":{"line":57,"column":5}},"14":{"start":{"line":49,"column":6},"end":{"line":54,"column":9}},"15":{"start":{"line":50,"column":8},"end":{"line":53,"column":11}},"16":{"start":{"line":51,"column":10},"end":{"line":51,"column":36}},"17":{"start":{"line":52,"column":10},"end":{"line":52,"column":40}},"18":{"start":{"line":56,"column":6},"end":{"line":56,"column":41}},"19":{"start":{"line":61,"column":4},"end":{"line":61,"column":51}},"20":{"start":{"line":62,"column":4},"end":{"line":69,"column":5}},"21":{"start":{"line":63,"column":6},"end":{"line":63,"column":38}},"22":{"start":{"line":64,"column":6},"end":{"line":64,"column":54}},"23":{"start":{"line":65,"column":6},"end":{"line":65,"column":18}},"24":{"start":{"line":67,"column":6},"end":{"line":67,"column":41}},"25":{"start":{"line":68,"column":6},"end":{"line":68,"column":19}},"26":{"start":{"line":73,"column":4},"end":{"line":73,"column":25}},"27":{"start":{"line":74,"column":4},"end":{"line":74,"column":28}},"28":{"start":{"line":82,"column":4},"end":{"line":93,"column":7}},"29":{"start":{"line":83,"column":6},"end":{"line":92,"column":7}},"30":{"start":{"line":85,"column":10},"end":{"line":85,"column":44}},"31":{"start":{"line":86,"column":10},"end":{"line":86,"column":38}},"32":{"start":{"line":87,"column":10},"end":{"line":87,"column":16}},"33":{"start":{"line":89,"column":10},"end":{"line":89,"column":44}},"34":{"start":{"line":90,"column":10},"end":{"line":90,"column":38}},"35":{"start":{"line":91,"column":10},"end":{"line":91,"column":16}},"36":{"start":{"line":97,"column":25},"end":{"line":99,"column":6}},"37":{"start":{"line":100,"column":4},"end":{"line":100,"column":36}},"38":{"start":{"line":101,"column":4},"end":{"line":101,"column":55}}},"fnMap":{"0":{"name":"(anonymous_0)","decl":{"start":{"line":28,"column":2},"end":{"line":28,"column":3}},"loc":{"start":{"line":33,"column":4},"end":{"line":35,"column":3}},"line":33},"1":{"name":"(anonymous_1)","decl":{"start":{"line":37,"column":2},"end":{"line":37,"column":3}},"loc":{"start":{"line":37,"column":33},"end":{"line":39,"column":3}},"line":37},"2":{"name":"(anonymous_2)","decl":{"start":{"line":41,"column":2},"end":{"line":41,"column":3}},"loc":{"start":{"line":41,"column":32},"end":{"line":43,"column":3}},"line":41},"3":{"name":"(anonymous_3)","decl":{"start":{"line":45,"column":2},"end":{"line":45,"column":3}},"loc":{"start":{"line":45,"column":36},"end":{"line":58,"column":3}},"line":45},"4":{"name":"(anonymous_4)","decl":{"start":{"line":49,"column":64},"end":{"line":49,"column":65}},"loc":{"start":{"line":49,"column":75},"end":{"line":54,"column":7}},"line":49},"5":{"name":"(anonymous_5)","decl":{"start":{"line":50,"column":20},"end":{"line":50,"column":21}},"loc":{"start":{"line":50,"column":26},"end":{"line":53,"column":9}},"line":50},"6":{"name":"(anonymous_6)","decl":{"start":{"line":60,"column":2},"end":{"line":60,"column":3}},"loc":{"start":{"line":60,"column":36},"end":{"line":70,"column":3}},"line":60},"7":{"name":"(anonymous_7)","decl":{"start":{"line":72,"column":2},"end":{"line":72,"column":3}},"loc":{"start":{"line":72,"column":18},"end":{"line":75,"column":3}},"line":72},"8":{"name":"(anonymous_8)","decl":{"start":{"line":77,"column":2},"end":{"line":77,"column":3}},"loc":{"start":{"line":81,"column":4},"end":{"line":94,"column":3}},"line":81},"9":{"name":"(anonymous_9)","decl":{"start":{"line":82,"column":16},"end":{"line":82,"column":17}},"loc":{"start":{"line":82,"column":22},"end":{"line":93,"column":5}},"line":82},"10":{"name":"(anonymous_10)","decl":{"start":{"line":96,"column":2},"end":{"line":96,"column":3}},"loc":{"start":{"line":96,"column":52},"end":{"line":102,"column":3}},"line":96}},"branchMap":{"0":{"loc":{"start":{"line":46,"column":4},"end":{"line":46,"column":33}},"type":"if","locations":[{"start":{"line":46,"column":4},"end":{"line":46,"column":33}},{"start":{},"end":{}}],"line":46},"1":{"loc":{"start":{"line":83,"column":6},"end":{"line":92,"column":7}},"type":"switch","locations":[{"start":{"line":84,"column":8},"end":{"line":87,"column":16}},{"start":{"line":88,"column":8},"end":{"line":91,"column":16}}],"line":83},"2":{"loc":{"start":{"line":98,"column":6},"end":{"line":98,"column":60}},"type":"cond-expr","locations":[{"start":{"line":98,"column":31},"end":{"line":98,"column":44}},{"start":{"line":98,"column":47},"end":{"line":98,"column":60}}],"line":98}},"s":{"0":5,"1":5,"2":5,"3":5,"4":5,"5":5,"6":5,"7":5,"8":2,"9":2,"10":2,"11":0,"12":2,"13":2,"14":2,"15":1,"16":1,"17":1,"18":1,"19":2,"20":2,"21":2,"22":1,"23":1,"24":1,"25":1,"26":1,"27":1,"28":7,"29":7,"30":3,"31":3,"32":3,"33":4,"34":4,"35":4,"36":2,"37":2,"38":2},"f":{"0":5,"1":2,"2":2,"3":2,"4":1,"5":1,"6":2,"7":1,"8":7,"9":7,"10":2},"b":{"0":[0,2],"1":[3,4],"2":[2,0]},"_coverageSchema":"1a1c01bbd47fc00a2c39e90264f33305004495a9","hash":"0805a56860014424216e093d7c1dede9f4374f73"}
}
