{"C:\\Users\\Usuario\\Documents\\dev\\road-trip\\src\\data\\models\\fuelStationModel.ts": {"path":"C:\\Users\\Usuario\\Documents\\dev\\road-trip\\src\\data\\models\\fuelStationModel.ts","statementMap":{"0":{"start":{"line":20,"column":4},"end":{"line":20,"column":38}},"1":{"start":{"line":21,"column":4},"end":{"line":21,"column":28}},"2":{"start":{"line":22,"column":4},"end":{"line":22,"column":30}},"3":{"start":{"line":23,"column":4},"end":{"line":23,"column":38}},"4":{"start":{"line":24,"column":4},"end":{"line":24,"column":36}},"5":{"start":{"line":29,"column":18},"end":{"line":29,"column":43}},"6":{"start":{"line":31,"column":6},"end":{"line":34,"column":15}},"7":{"start":{"line":35,"column":4},"end":{"line":35,"column":67}},"8":{"start":{"line":35,"column":55},"end":{"line":35,"column":67}},"9":{"start":{"line":37,"column":18},"end":{"line":39,"column":29}},"10":{"start":{"line":41,"column":4},"end":{"line":47,"column":7}},"11":{"start":{"line":57,"column":0},"end":{"line":71,"column":2}},"12":{"start":{"line":60,"column":2},"end":{"line":70,"column":5}}},"fnMap":{"0":{"name":"(anonymous_0)","decl":{"start":{"line":19,"column":2},"end":{"line":19,"column":3}},"loc":{"start":{"line":19,"column":57},"end":{"line":25,"column":3}},"line":19},"1":{"name":"(anonymous_1)","decl":{"start":{"line":28,"column":2},"end":{"line":28,"column":3}},"loc":{"start":{"line":28,"column":66},"end":{"line":48,"column":3}},"line":28},"2":{"name":"toDomain","decl":{"start":{"line":57,"column":47},"end":{"line":57,"column":55}},"loc":{"start":{"line":59,"column":15},"end":{"line":71,"column":1}},"line":59}},"branchMap":{"0":{"loc":{"start":{"line":29,"column":18},"end":{"line":29,"column":43}},"type":"binary-expr","locations":[{"start":{"line":29,"column":18},"end":{"line":29,"column":37}},{"start":{"line":29,"column":41},"end":{"line":29,"column":43}}],"line":29},"1":{"loc":{"start":{"line":31,"column":6},"end":{"line":34,"column":15}},"type":"binary-expr","locations":[{"start":{"line":31,"column":6},"end":{"line":31,"column":36}},{"start":{"line":32,"column":7},"end":{"line":34,"column":14}}],"line":31},"2":{"loc":{"start":{"line":32,"column":7},"end":{"line":34,"column":14}},"type":"cond-expr","locations":[{"start":{"line":33,"column":10},"end":{"line":33,"column":67}},{"start":{"line":34,"column":10},"end":{"line":34,"column":14}}],"line":32},"3":{"loc":{"start":{"line":35,"column":4},"end":{"line":35,"column":67}},"type":"if","locations":[{"start":{"line":35,"column":4},"end":{"line":35,"column":67}},{"start":{},"end":{}}],"line":35},"4":{"loc":{"start":{"line":35,"column":8},"end":{"line":35,"column":53}},"type":"binary-expr","locations":[{"start":{"line":35,"column":8},"end":{"line":35,"column":30}},{"start":{"line":35,"column":34},"end":{"line":35,"column":53}}],"line":35},"5":{"loc":{"start":{"line":37,"column":18},"end":{"line":39,"column":29}},"type":"cond-expr","locations":[{"start":{"line":38,"column":8},"end":{"line":38,"column":22}},{"start":{"line":39,"column":9},"end":{"line":39,"column":28}}],"line":37},"6":{"loc":{"start":{"line":39,"column":9},"end":{"line":39,"column":28}},"type":"binary-expr","locations":[{"start":{"line":39,"column":9},"end":{"line":39,"column":20}},{"start":{"line":39,"column":24},"end":{"line":39,"column":28}}],"line":39},"7":{"loc":{"start":{"line":42,"column":24},"end":{"line":42,"column":84}},"type":"binary-expr","locations":[{"start":{"line":42,"column":24},"end":{"line":42,"column":39}},{"start":{"line":42,"column":43},"end":{"line":42,"column":53}},{"start":{"line":42,"column":57},"end":{"line":42,"column":84}}],"line":42},"8":{"loc":{"start":{"line":43,"column":19},"end":{"line":43,"column":55}},"type":"binary-expr","locations":[{"start":{"line":43,"column":19},"end":{"line":43,"column":29}},{"start":{"line":43,"column":33},"end":{"line":43,"column":55}}],"line":43},"9":{"loc":{"start":{"line":44,"column":13},"end":{"line":44,"column":41}},"type":"cond-expr","locations":[{"start":{"line":44,"column":21},"end":{"line":44,"column":34}},{"start":{"line":44,"column":37},"end":{"line":44,"column":41}}],"line":44},"10":{"loc":{"start":{"line":69,"column":20},"end":{"line":69,"column":42}},"type":"binary-expr","locations":[{"start":{"line":69,"column":20},"end":{"line":69,"column":34}},{"start":{"line":69,"column":38},"end":{"line":69,"column":42}}],"line":69}},"s":{"0":0,"1":0,"2":0,"3":0,"4":0,"5":0,"6":0,"7":0,"8":0,"9":0,"10":0,"11":0,"12":0},"f":{"0":0,"1":0,"2":0},"b":{"0":[0,0],"1":[0,0],"2":[0,0],"3":[0,0],"4":[0,0],"5":[0,0],"6":[0,0],"7":[0,0,0],"8":[0,0],"9":[0,0],"10":[0,0]}}
,"C:\\Users\\Usuario\\Documents\\dev\\road-trip\\src\\data\\models\\motorcycleModel.ts": {"path":"C:\\Users\\Usuario\\Documents\\dev\\road-trip\\src\\data\\models\\motorcycleModel.ts","statementMap":{"0":{"start":{"line":18,"column":2},"end":{"line":18,"column":42}},"1":{"start":{"line":18,"column":29},"end":{"line":18,"column":42}},"2":{"start":{"line":19,"column":2},"end":{"line":21,"column":3}},"3":{"start":{"line":20,"column":4},"end":{"line":20,"column":27}},"4":{"start":{"line":22,"column":2},"end":{"line":24,"column":3}},"5":{"start":{"line":23,"column":4},"end":{"line":23,"column":54}},"6":{"start":{"line":25,"column":2},"end":{"line":25,"column":20}},"7":{"start":{"line":29,"column":2},"end":{"line":29,"column":51}},"8":{"start":{"line":46,"column":4},"end":{"line":46,"column":24}},"9":{"start":{"line":47,"column":4},"end":{"line":47,"column":36}},"10":{"start":{"line":48,"column":4},"end":{"line":48,"column":30}},"11":{"start":{"line":49,"column":4},"end":{"line":49,"column":30}},"12":{"start":{"line":50,"column":4},"end":{"line":50,"column":28}},"13":{"start":{"line":51,"column":4},"end":{"line":51,"column":36}},"14":{"start":{"line":52,"column":4},"end":{"line":52,"column":38}},"15":{"start":{"line":53,"column":4},"end":{"line":53,"column":60}},"16":{"start":{"line":54,"column":4},"end":{"line":54,"column":78}},"17":{"start":{"line":55,"column":4},"end":{"line":55,"column":38}},"18":{"start":{"line":56,"column":4},"end":{"line":56,"column":40}},"19":{"start":{"line":60,"column":4},"end":{"line":74,"column":7}},"20":{"start":{"line":78,"column":4},"end":{"line":90,"column":6}},"21":{"start":{"line":100,"column":0},"end":{"line":114,"column":2}},"22":{"start":{"line":101,"column":2},"end":{"line":113,"column":5}}},"fnMap":{"0":{"name":"toDate","decl":{"start":{"line":17,"column":9},"end":{"line":17,"column":15}},"loc":{"start":{"line":17,"column":38},"end":{"line":26,"column":1}},"line":17},"1":{"name":"toFuelType","decl":{"start":{"line":28,"column":9},"end":{"line":28,"column":19}},"loc":{"start":{"line":28,"column":46},"end":{"line":30,"column":1}},"line":28},"2":{"name":"(anonymous_2)","decl":{"start":{"line":45,"column":2},"end":{"line":45,"column":3}},"loc":{"start":{"line":45,"column":56},"end":{"line":57,"column":3}},"line":45},"3":{"name":"(anonymous_3)","decl":{"start":{"line":59,"column":2},"end":{"line":59,"column":3}},"loc":{"start":{"line":59,"column":46},"end":{"line":75,"column":3}},"line":59},"4":{"name":"(anonymous_4)","decl":{"start":{"line":77,"column":2},"end":{"line":77,"column":3}},"loc":{"start":{"line":77,"column":36},"end":{"line":91,"column":3}},"line":77},"5":{"name":"toDomain","decl":{"start":{"line":100,"column":46},"end":{"line":100,"column":54}},"loc":{"start":{"line":100,"column":69},"end":{"line":114,"column":1}},"line":100}},"branchMap":{"0":{"loc":{"start":{"line":18,"column":2},"end":{"line":18,"column":42}},"type":"if","locations":[{"start":{"line":18,"column":2},"end":{"line":18,"column":42}},{"start":{},"end":{}}],"line":18},"1":{"loc":{"start":{"line":19,"column":2},"end":{"line":21,"column":3}},"type":"if","locations":[{"start":{"line":19,"column":2},"end":{"line":21,"column":3}},{"start":{},"end":{}}],"line":19},"2":{"loc":{"start":{"line":19,"column":6},"end":{"line":19,"column":60}},"type":"binary-expr","locations":[{"start":{"line":19,"column":6},"end":{"line":19,"column":31}},{"start":{"line":19,"column":35},"end":{"line":19,"column":60}}],"line":19},"3":{"loc":{"start":{"line":22,"column":2},"end":{"line":24,"column":3}},"type":"if","locations":[{"start":{"line":22,"column":2},"end":{"line":24,"column":3}},{"start":{},"end":{}}],"line":22},"4":{"loc":{"start":{"line":22,"column":6},"end":{"line":22,"column":78}},"type":"binary-expr","locations":[{"start":{"line":22,"column":6},"end":{"line":22,"column":11}},{"start":{"line":22,"column":15},"end":{"line":22,"column":78}}],"line":22},"5":{"loc":{"start":{"line":29,"column":9},"end":{"line":29,"column":50}},"type":"cond-expr","locations":[{"start":{"line":29,"column":29},"end":{"line":29,"column":36}},{"start":{"line":29,"column":39},"end":{"line":29,"column":50}}],"line":29},"6":{"loc":{"start":{"line":61,"column":17},"end":{"line":61,"column":30}},"type":"binary-expr","locations":[{"start":{"line":61,"column":17},"end":{"line":61,"column":24}},{"start":{"line":61,"column":28},"end":{"line":61,"column":30}}],"line":61},"7":{"loc":{"start":{"line":62,"column":23},"end":{"line":62,"column":42}},"type":"binary-expr","locations":[{"start":{"line":62,"column":23},"end":{"line":62,"column":36}},{"start":{"line":62,"column":40},"end":{"line":62,"column":42}}],"line":62},"8":{"loc":{"start":{"line":63,"column":20},"end":{"line":63,"column":36}},"type":"binary-expr","locations":[{"start":{"line":63,"column":20},"end":{"line":63,"column":30}},{"start":{"line":63,"column":34},"end":{"line":63,"column":36}}],"line":63},"9":{"loc":{"start":{"line":64,"column":20},"end":{"line":64,"column":36}},"type":"binary-expr","locations":[{"start":{"line":64,"column":20},"end":{"line":64,"column":30}},{"start":{"line":64,"column":34},"end":{"line":64,"column":36}}],"line":64},"10":{"loc":{"start":{"line":65,"column":19},"end":{"line":65,"column":33}},"type":"binary-expr","locations":[{"start":{"line":65,"column":19},"end":{"line":65,"column":28}},{"start":{"line":65,"column":32},"end":{"line":65,"column":33}}],"line":65},"11":{"loc":{"start":{"line":66,"column":16},"end":{"line":66,"column":37}},"type":"binary-expr","locations":[{"start":{"line":66,"column":16},"end":{"line":66,"column":29}},{"start":{"line":66,"column":33},"end":{"line":66,"column":37}}],"line":66},"12":{"loc":{"start":{"line":67,"column":24},"end":{"line":67,"column":53}},"type":"binary-expr","locations":[{"start":{"line":67,"column":24},"end":{"line":67,"column":38}},{"start":{"line":67,"column":42},"end":{"line":67,"column":53}}],"line":67},"13":{"loc":{"start":{"line":68,"column":35},"end":{"line":68,"column":65}},"type":"binary-expr","locations":[{"start":{"line":68,"column":35},"end":{"line":68,"column":60}},{"start":{"line":68,"column":64},"end":{"line":68,"column":65}}],"line":68},"14":{"loc":{"start":{"line":70,"column":8},"end":{"line":70,"column":47}},"type":"binary-expr","locations":[{"start":{"line":70,"column":8},"end":{"line":70,"column":42}},{"start":{"line":70,"column":46},"end":{"line":70,"column":47}}],"line":70},"15":{"loc":{"start":{"line":72,"column":17},"end":{"line":72,"column":71}},"type":"cond-expr","locations":[{"start":{"line":72,"column":42},"end":{"line":72,"column":64}},{"start":{"line":72,"column":67},"end":{"line":72,"column":71}}],"line":72},"16":{"loc":{"start":{"line":73,"column":18},"end":{"line":73,"column":61}},"type":"binary-expr","locations":[{"start":{"line":73,"column":18},"end":{"line":73,"column":33}},{"start":{"line":73,"column":37},"end":{"line":73,"column":61}}],"line":73}},"s":{"0":0,"1":0,"2":0,"3":0,"4":0,"5":0,"6":0,"7":0,"8":0,"9":0,"10":0,"11":0,"12":0,"13":0,"14":0,"15":0,"16":0,"17":0,"18":0,"19":0,"20":0,"21":0,"22":0},"f":{"0":0,"1":0,"2":0,"3":0,"4":0,"5":0},"b":{"0":[0,0],"1":[0,0],"2":[0,0],"3":[0,0],"4":[0,0],"5":[0,0],"6":[0,0],"7":[0,0],"8":[0,0],"9":[0,0],"10":[0,0],"11":[0,0],"12":[0,0],"13":[0,0],"14":[0,0],"15":[0,0],"16":[0,0]}}
,"C:\\Users\\Usuario\\Documents\\dev\\road-trip\\src\\data\\models\\motorcycleSpecsModel.ts": {"path":"C:\\Users\\Usuario\\Documents\\dev\\road-trip\\src\\data\\models\\motorcycleSpecsModel.ts","statementMap":{"0":{"start":{"line":17,"column":2},"end":{"line":17,"column":40}},"1":{"start":{"line":17,"column":25},"end":{"line":17,"column":40}},"2":{"start":{"line":18,"column":2},"end":{"line":18,"column":48}},"3":{"start":{"line":18,"column":29},"end":{"line":18,"column":48}},"4":{"start":{"line":19,"column":2},"end":{"line":19,"column":14}},"5":{"start":{"line":23,"column":2},"end":{"line":23,"column":56}},"6":{"start":{"line":23,"column":43},"end":{"line":23,"column":56}},"7":{"start":{"line":24,"column":2},"end":{"line":24,"column":18}},"8":{"start":{"line":39,"column":4},"end":{"line":39,"column":30}},"9":{"start":{"line":40,"column":4},"end":{"line":40,"column":30}},"10":{"start":{"line":41,"column":4},"end":{"line":41,"column":28}},"11":{"start":{"line":42,"column":4},"end":{"line":42,"column":60}},"12":{"start":{"line":43,"column":4},"end":{"line":43,"column":78}},"13":{"start":{"line":44,"column":4},"end":{"line":44,"column":38}},"14":{"start":{"line":45,"column":4},"end":{"line":45,"column":62}},"15":{"start":{"line":46,"column":4},"end":{"line":46,"column":32}},"16":{"start":{"line":47,"column":4},"end":{"line":47,"column":40}},"17":{"start":{"line":51,"column":4},"end":{"line":63,"column":7}},"18":{"start":{"line":67,"column":4},"end":{"line":77,"column":6}},"19":{"start":{"line":87,"column":0},"end":{"line":99,"column":2}},"20":{"start":{"line":88,"column":2},"end":{"line":98,"column":5}}},"fnMap":{"0":{"name":"toFuelType","decl":{"start":{"line":16,"column":9},"end":{"line":16,"column":19}},"loc":{"start":{"line":16,"column":53},"end":{"line":20,"column":1}},"line":16},"1":{"name":"toConfidence","decl":{"start":{"line":22,"column":9},"end":{"line":22,"column":21}},"loc":{"start":{"line":22,"column":65},"end":{"line":25,"column":1}},"line":22},"2":{"name":"(anonymous_2)","decl":{"start":{"line":38,"column":2},"end":{"line":38,"column":3}},"loc":{"start":{"line":38,"column":61},"end":{"line":48,"column":3}},"line":38},"3":{"name":"(anonymous_3)","decl":{"start":{"line":50,"column":2},"end":{"line":50,"column":3}},"loc":{"start":{"line":50,"column":51},"end":{"line":64,"column":3}},"line":50},"4":{"name":"(anonymous_4)","decl":{"start":{"line":66,"column":2},"end":{"line":66,"column":3}},"loc":{"start":{"line":66,"column":36},"end":{"line":78,"column":3}},"line":66},"5":{"name":"toDomain","decl":{"start":{"line":87,"column":51},"end":{"line":87,"column":59}},"loc":{"start":{"line":87,"column":79},"end":{"line":99,"column":1}},"line":87}},"branchMap":{"0":{"loc":{"start":{"line":17,"column":2},"end":{"line":17,"column":40}},"type":"if","locations":[{"start":{"line":17,"column":2},"end":{"line":17,"column":40}},{"start":{},"end":{}}],"line":17},"1":{"loc":{"start":{"line":18,"column":2},"end":{"line":18,"column":48}},"type":"if","locations":[{"start":{"line":18,"column":2},"end":{"line":18,"column":48}},{"start":{},"end":{}}],"line":18},"2":{"loc":{"start":{"line":23,"column":2},"end":{"line":23,"column":56}},"type":"if","locations":[{"start":{"line":23,"column":2},"end":{"line":23,"column":56}},{"start":{},"end":{}}],"line":23},"3":{"loc":{"start":{"line":23,"column":6},"end":{"line":23,"column":41}},"type":"binary-expr","locations":[{"start":{"line":23,"column":6},"end":{"line":23,"column":22}},{"start":{"line":23,"column":26},"end":{"line":23,"column":41}}],"line":23},"4":{"loc":{"start":{"line":52,"column":20},"end":{"line":52,"column":36}},"type":"binary-expr","locations":[{"start":{"line":52,"column":20},"end":{"line":52,"column":30}},{"start":{"line":52,"column":34},"end":{"line":52,"column":36}}],"line":52},"5":{"loc":{"start":{"line":53,"column":20},"end":{"line":53,"column":36}},"type":"binary-expr","locations":[{"start":{"line":53,"column":20},"end":{"line":53,"column":30}},{"start":{"line":53,"column":34},"end":{"line":53,"column":36}}],"line":53},"6":{"loc":{"start":{"line":54,"column":19},"end":{"line":54,"column":33}},"type":"binary-expr","locations":[{"start":{"line":54,"column":19},"end":{"line":54,"column":28}},{"start":{"line":54,"column":32},"end":{"line":54,"column":33}}],"line":54},"7":{"loc":{"start":{"line":55,"column":35},"end":{"line":55,"column":65}},"type":"binary-expr","locations":[{"start":{"line":55,"column":35},"end":{"line":55,"column":60}},{"start":{"line":55,"column":64},"end":{"line":55,"column":65}}],"line":55},"8":{"loc":{"start":{"line":57,"column":8},"end":{"line":57,"column":47}},"type":"binary-expr","locations":[{"start":{"line":57,"column":8},"end":{"line":57,"column":42}},{"start":{"line":57,"column":46},"end":{"line":57,"column":47}}],"line":57},"9":{"loc":{"start":{"line":59,"column":17},"end":{"line":59,"column":71}},"type":"cond-expr","locations":[{"start":{"line":59,"column":42},"end":{"line":59,"column":64}},{"start":{"line":59,"column":67},"end":{"line":59,"column":71}}],"line":59},"10":{"loc":{"start":{"line":60,"column":29},"end":{"line":60,"column":63}},"type":"binary-expr","locations":[{"start":{"line":60,"column":29},"end":{"line":60,"column":55}},{"start":{"line":60,"column":59},"end":{"line":60,"column":63}}],"line":60},"11":{"loc":{"start":{"line":61,"column":21},"end":{"line":61,"column":49}},"type":"binary-expr","locations":[{"start":{"line":61,"column":21},"end":{"line":61,"column":32}},{"start":{"line":61,"column":36},"end":{"line":61,"column":49}}],"line":61},"12":{"loc":{"start":{"line":62,"column":25},"end":{"line":62,"column":52}},"type":"binary-expr","locations":[{"start":{"line":62,"column":25},"end":{"line":62,"column":40}},{"start":{"line":62,"column":44},"end":{"line":62,"column":52}}],"line":62}},"s":{"0":0,"1":0,"2":0,"3":0,"4":0,"5":0,"6":0,"7":0,"8":0,"9":0,"10":0,"11":0,"12":0,"13":0,"14":0,"15":0,"16":0,"17":0,"18":0,"19":0,"20":0},"f":{"0":0,"1":0,"2":0,"3":0,"4":0,"5":0},"b":{"0":[0,0],"1":[0,0],"2":[0,0],"3":[0,0],"4":[0,0],"5":[0,0],"6":[0,0],"7":[0,0],"8":[0,0],"9":[0,0],"10":[0,0],"11":[0,0],"12":[0,0]}}
,"C:\\Users\\Usuario\\Documents\\dev\\road-trip\\src\\data\\models\\riderModel.ts": {"path":"C:\\Users\\Usuario\\Documents\\dev\\road-trip\\src\\data\\models\\riderModel.ts","statementMap":{"0":{"start":{"line":12,"column":2},"end":{"line":12,"column":42}},"1":{"start":{"line":12,"column":29},"end":{"line":12,"column":42}},"2":{"start":{"line":13,"column":2},"end":{"line":15,"column":3}},"3":{"start":{"line":14,"column":4},"end":{"line":14,"column":27}},"4":{"start":{"line":17,"column":2},"end":{"line":22,"column":3}},"5":{"start":{"line":21,"column":4},"end":{"line":21,"column":54}},"6":{"start":{"line":23,"column":2},"end":{"line":23,"column":20}},"7":{"start":{"line":34,"column":4},"end":{"line":34,"column":26}},"8":{"start":{"line":35,"column":4},"end":{"line":35,"column":30}},"9":{"start":{"line":36,"column":4},"end":{"line":36,"column":44}},"10":{"start":{"line":37,"column":4},"end":{"line":37,"column":38}},"11":{"start":{"line":38,"column":4},"end":{"line":38,"column":40}},"12":{"start":{"line":42,"column":4},"end":{"line":48,"column":7}},"13":{"start":{"line":52,"column":4},"end":{"line":58,"column":6}},"14":{"start":{"line":68,"column":0},"end":{"line":76,"column":2}},"15":{"start":{"line":69,"column":2},"end":{"line":75,"column":5}}},"fnMap":{"0":{"name":"toDate","decl":{"start":{"line":11,"column":9},"end":{"line":11,"column":15}},"loc":{"start":{"line":11,"column":38},"end":{"line":24,"column":1}},"line":11},"1":{"name":"(anonymous_1)","decl":{"start":{"line":33,"column":2},"end":{"line":33,"column":3}},"loc":{"start":{"line":33,"column":51},"end":{"line":39,"column":3}},"line":33},"2":{"name":"(anonymous_2)","decl":{"start":{"line":41,"column":2},"end":{"line":41,"column":3}},"loc":{"start":{"line":41,"column":41},"end":{"line":49,"column":3}},"line":41},"3":{"name":"(anonymous_3)","decl":{"start":{"line":51,"column":2},"end":{"line":51,"column":3}},"loc":{"start":{"line":51,"column":36},"end":{"line":59,"column":3}},"line":51},"4":{"name":"toDomain","decl":{"start":{"line":68,"column":41},"end":{"line":68,"column":49}},"loc":{"start":{"line":68,"column":59},"end":{"line":76,"column":1}},"line":68}},"branchMap":{"0":{"loc":{"start":{"line":12,"column":2},"end":{"line":12,"column":42}},"type":"if","locations":[{"start":{"line":12,"column":2},"end":{"line":12,"column":42}},{"start":{},"end":{}}],"line":12},"1":{"loc":{"start":{"line":13,"column":2},"end":{"line":15,"column":3}},"type":"if","locations":[{"start":{"line":13,"column":2},"end":{"line":15,"column":3}},{"start":{},"end":{}}],"line":13},"2":{"loc":{"start":{"line":13,"column":6},"end":{"line":13,"column":60}},"type":"binary-expr","locations":[{"start":{"line":13,"column":6},"end":{"line":13,"column":31}},{"start":{"line":13,"column":35},"end":{"line":13,"column":60}}],"line":13},"3":{"loc":{"start":{"line":17,"column":2},"end":{"line":22,"column":3}},"type":"if","locations":[{"start":{"line":17,"column":2},"end":{"line":22,"column":3}},{"start":{},"end":{}}],"line":17},"4":{"loc":{"start":{"line":18,"column":4},"end":{"line":19,"column":67}},"type":"binary-expr","locations":[{"start":{"line":18,"column":4},"end":{"line":18,"column":9}},{"start":{"line":19,"column":4},"end":{"line":19,"column":67}}],"line":18},"5":{"loc":{"start":{"line":43,"column":18},"end":{"line":43,"column":43}},"type":"binary-expr","locations":[{"start":{"line":43,"column":18},"end":{"line":43,"column":26}},{"start":{"line":43,"column":30},"end":{"line":43,"column":37}},{"start":{"line":43,"column":41},"end":{"line":43,"column":43}}],"line":43},"6":{"loc":{"start":{"line":44,"column":20},"end":{"line":44,"column":36}},"type":"binary-expr","locations":[{"start":{"line":44,"column":20},"end":{"line":44,"column":30}},{"start":{"line":44,"column":34},"end":{"line":44,"column":36}}],"line":44},"7":{"loc":{"start":{"line":45,"column":27},"end":{"line":45,"column":70}},"type":"binary-expr","locations":[{"start":{"line":45,"column":27},"end":{"line":45,"column":44}},{"start":{"line":45,"column":48},"end":{"line":45,"column":64}},{"start":{"line":45,"column":68},"end":{"line":45,"column":70}}],"line":45},"8":{"loc":{"start":{"line":46,"column":17},"end":{"line":46,"column":56}},"type":"binary-expr","locations":[{"start":{"line":46,"column":17},"end":{"line":46,"column":31}},{"start":{"line":46,"column":35},"end":{"line":46,"column":48}},{"start":{"line":46,"column":52},"end":{"line":46,"column":56}}],"line":46},"9":{"loc":{"start":{"line":47,"column":18},"end":{"line":47,"column":61}},"type":"binary-expr","locations":[{"start":{"line":47,"column":18},"end":{"line":47,"column":33}},{"start":{"line":47,"column":37},"end":{"line":47,"column":61}}],"line":47}},"s":{"0":0,"1":0,"2":0,"3":0,"4":0,"5":0,"6":0,"7":0,"8":0,"9":0,"10":0,"11":0,"12":0,"13":0,"14":0,"15":0},"f":{"0":0,"1":0,"2":0,"3":0,"4":0},"b":{"0":[0,0],"1":[0,0],"2":[0,0],"3":[0,0],"4":[0,0],"5":[0,0,0],"6":[0,0],"7":[0,0,0],"8":[0,0,0],"9":[0,0]}}
,"C:\\Users\\Usuario\\Documents\\dev\\road-trip\\src\\data\\models\\routeDirectionsModel.ts": {"path":"C:\\Users\\Usuario\\Documents\\dev\\road-trip\\src\\data\\models\\routeDirectionsModel.ts","statementMap":{"0":{"start":{"line":16,"column":4},"end":{"line":16,"column":50}},"1":{"start":{"line":17,"column":4},"end":{"line":17,"column":52}},"2":{"start":{"line":18,"column":4},"end":{"line":18,"column":42}},"3":{"start":{"line":26,"column":18},"end":{"line":26,"column":35}},"4":{"start":{"line":27,"column":39},"end":{"line":31,"column":10}},"5":{"start":{"line":32,"column":4},"end":{"line":36,"column":7}},"6":{"start":{"line":46,"column":0},"end":{"line":57,"column":2}},"7":{"start":{"line":48,"column":31},"end":{"line":51,"column":5}},"8":{"start":{"line":48,"column":69},"end":{"line":51,"column":3}},"9":{"start":{"line":52,"column":2},"end":{"line":56,"column":5}}},"fnMap":{"0":{"name":"(anonymous_0)","decl":{"start":{"line":15,"column":2},"end":{"line":15,"column":3}},"loc":{"start":{"line":15,"column":61},"end":{"line":19,"column":3}},"line":15},"1":{"name":"(anonymous_1)","decl":{"start":{"line":25,"column":2},"end":{"line":25,"column":3}},"loc":{"start":{"line":25,"column":57},"end":{"line":37,"column":3}},"line":25},"2":{"name":"toDomain","decl":{"start":{"line":46,"column":51},"end":{"line":46,"column":59}},"loc":{"start":{"line":46,"column":79},"end":{"line":57,"column":1}},"line":46},"3":{"name":"(anonymous_3)","decl":{"start":{"line":48,"column":52},"end":{"line":48,"column":53}},"loc":{"start":{"line":48,"column":69},"end":{"line":51,"column":3}},"line":48}},"branchMap":{"0":{"loc":{"start":{"line":27,"column":39},"end":{"line":31,"column":10}},"type":"cond-expr","locations":[{"start":{"line":30,"column":8},"end":{"line":30,"column":34}},{"start":{"line":31,"column":8},"end":{"line":31,"column":10}}],"line":27},"1":{"loc":{"start":{"line":33,"column":30},"end":{"line":33,"column":50}},"type":"binary-expr","locations":[{"start":{"line":33,"column":30},"end":{"line":33,"column":45}},{"start":{"line":33,"column":49},"end":{"line":33,"column":50}}],"line":33},"2":{"loc":{"start":{"line":34,"column":31},"end":{"line":34,"column":51}},"type":"binary-expr","locations":[{"start":{"line":34,"column":31},"end":{"line":34,"column":46}},{"start":{"line":34,"column":50},"end":{"line":34,"column":51}}],"line":34}},"s":{"0":0,"1":0,"2":0,"3":0,"4":0,"5":0,"6":0,"7":0,"8":0,"9":0},"f":{"0":0,"1":0,"2":0,"3":0},"b":{"0":[0,0],"1":[0,0],"2":[0,0]}}
,"C:\\Users\\Usuario\\Documents\\dev\\road-trip\\src\\data\\models\\routeModel.ts": {"path":"C:\\Users\\Usuario\\Documents\\dev\\road-trip\\src\\data\\models\\routeModel.ts","statementMap":{"0":{"start":{"line":28,"column":2},"end":{"line":28,"column":42}},"1":{"start":{"line":28,"column":29},"end":{"line":28,"column":42}},"2":{"start":{"line":29,"column":2},"end":{"line":31,"column":3}},"3":{"start":{"line":30,"column":4},"end":{"line":30,"column":27}},"4":{"start":{"line":32,"column":2},"end":{"line":34,"column":3}},"5":{"start":{"line":33,"column":4},"end":{"line":33,"column":54}},"6":{"start":{"line":35,"column":2},"end":{"line":35,"column":20}},"7":{"start":{"line":39,"column":2},"end":{"line":46,"column":3}},"8":{"start":{"line":45,"column":4},"end":{"line":45,"column":17}},"9":{"start":{"line":47,"column":2},"end":{"line":47,"column":19}},"10":{"start":{"line":51,"column":2},"end":{"line":51,"column":65}},"11":{"start":{"line":51,"column":52},"end":{"line":51,"column":65}},"12":{"start":{"line":52,"column":2},"end":{"line":52,"column":16}},"13":{"start":{"line":67,"column":4},"end":{"line":67,"column":24}},"14":{"start":{"line":68,"column":4},"end":{"line":68,"column":36}},"15":{"start":{"line":69,"column":4},"end":{"line":69,"column":28}},"16":{"start":{"line":70,"column":4},"end":{"line":70,"column":38}},"17":{"start":{"line":71,"column":4},"end":{"line":71,"column":38}},"18":{"start":{"line":72,"column":4},"end":{"line":72,"column":36}},"19":{"start":{"line":73,"column":4},"end":{"line":73,"column":42}},"20":{"start":{"line":74,"column":4},"end":{"line":74,"column":64}},"21":{"start":{"line":75,"column":4},"end":{"line":75,"column":40}},"22":{"start":{"line":79,"column":4},"end":{"line":103,"column":7}},"23":{"start":{"line":85,"column":57},"end":{"line":92,"column":11}},"24":{"start":{"line":95,"column":41},"end":{"line":98,"column":11}},"25":{"start":{"line":107,"column":4},"end":{"line":117,"column":6}},"26":{"start":{"line":127,"column":0},"end":{"line":158,"column":2}},"27":{"start":{"line":128,"column":32},"end":{"line":140,"column":38}},"28":{"start":{"line":131,"column":8},"end":{"line":138,"column":10}},"29":{"start":{"line":140,"column":20},"end":{"line":140,"column":37}},"30":{"start":{"line":142,"column":31},"end":{"line":145,"column":5}},"31":{"start":{"line":142,"column":57},"end":{"line":145,"column":3}},"32":{"start":{"line":147,"column":2},"end":{"line":157,"column":5}}},"fnMap":{"0":{"name":"toDate","decl":{"start":{"line":27,"column":9},"end":{"line":27,"column":15}},"loc":{"start":{"line":27,"column":38},"end":{"line":36,"column":1}},"line":27},"1":{"name":"toRideType","decl":{"start":{"line":38,"column":9},"end":{"line":38,"column":19}},"loc":{"start":{"line":38,"column":46},"end":{"line":48,"column":1}},"line":38},"2":{"name":"toWaypointKind","decl":{"start":{"line":50,"column":9},"end":{"line":50,"column":23}},"loc":{"start":{"line":50,"column":54},"end":{"line":53,"column":1}},"line":50},"3":{"name":"(anonymous_3)","decl":{"start":{"line":66,"column":2},"end":{"line":66,"column":3}},"loc":{"start":{"line":66,"column":51},"end":{"line":76,"column":3}},"line":66},"4":{"name":"(anonymous_4)","decl":{"start":{"line":78,"column":2},"end":{"line":78,"column":3}},"loc":{"start":{"line":78,"column":41},"end":{"line":104,"column":3}},"line":78},"5":{"name":"(anonymous_5)","decl":{"start":{"line":85,"column":29},"end":{"line":85,"column":30}},"loc":{"start":{"line":85,"column":57},"end":{"line":92,"column":11}},"line":85},"6":{"name":"(anonymous_6)","decl":{"start":{"line":95,"column":28},"end":{"line":95,"column":29}},"loc":{"start":{"line":95,"column":41},"end":{"line":98,"column":11}},"line":95},"7":{"name":"(anonymous_7)","decl":{"start":{"line":106,"column":2},"end":{"line":106,"column":3}},"loc":{"start":{"line":106,"column":36},"end":{"line":118,"column":3}},"line":106},"8":{"name":"toDomain","decl":{"start":{"line":127,"column":41},"end":{"line":127,"column":49}},"loc":{"start":{"line":127,"column":59},"end":{"line":158,"column":1}},"line":127},"9":{"name":"(anonymous_9)","decl":{"start":{"line":130,"column":6},"end":{"line":130,"column":7}},"loc":{"start":{"line":131,"column":8},"end":{"line":138,"column":10}},"line":131},"10":{"name":"(anonymous_10)","decl":{"start":{"line":140,"column":10},"end":{"line":140,"column":11}},"loc":{"start":{"line":140,"column":20},"end":{"line":140,"column":37}},"line":140},"11":{"name":"(anonymous_11)","decl":{"start":{"line":142,"column":49},"end":{"line":142,"column":50}},"loc":{"start":{"line":142,"column":57},"end":{"line":145,"column":3}},"line":142}},"branchMap":{"0":{"loc":{"start":{"line":28,"column":2},"end":{"line":28,"column":42}},"type":"if","locations":[{"start":{"line":28,"column":2},"end":{"line":28,"column":42}},{"start":{},"end":{}}],"line":28},"1":{"loc":{"start":{"line":29,"column":2},"end":{"line":31,"column":3}},"type":"if","locations":[{"start":{"line":29,"column":2},"end":{"line":31,"column":3}},{"start":{},"end":{}}],"line":29},"2":{"loc":{"start":{"line":29,"column":6},"end":{"line":29,"column":60}},"type":"binary-expr","locations":[{"start":{"line":29,"column":6},"end":{"line":29,"column":31}},{"start":{"line":29,"column":35},"end":{"line":29,"column":60}}],"line":29},"3":{"loc":{"start":{"line":32,"column":2},"end":{"line":34,"column":3}},"type":"if","locations":[{"start":{"line":32,"column":2},"end":{"line":34,"column":3}},{"start":{},"end":{}}],"line":32},"4":{"loc":{"start":{"line":32,"column":6},"end":{"line":32,"column":78}},"type":"binary-expr","locations":[{"start":{"line":32,"column":6},"end":{"line":32,"column":11}},{"start":{"line":32,"column":15},"end":{"line":32,"column":78}}],"line":32},"5":{"loc":{"start":{"line":39,"column":2},"end":{"line":46,"column":3}},"type":"if","locations":[{"start":{"line":39,"column":2},"end":{"line":46,"column":3}},{"start":{},"end":{}}],"line":39},"6":{"loc":{"start":{"line":40,"column":4},"end":{"line":43,"column":24}},"type":"binary-expr","locations":[{"start":{"line":40,"column":4},"end":{"line":40,"column":21}},{"start":{"line":41,"column":4},"end":{"line":41,"column":23}},{"start":{"line":42,"column":4},"end":{"line":42,"column":23}},{"start":{"line":43,"column":4},"end":{"line":43,"column":24}}],"line":40},"7":{"loc":{"start":{"line":51,"column":2},"end":{"line":51,"column":65}},"type":"if","locations":[{"start":{"line":51,"column":2},"end":{"line":51,"column":65}},{"start":{},"end":{}}],"line":51},"8":{"loc":{"start":{"line":51,"column":6},"end":{"line":51,"column":50}},"type":"binary-expr","locations":[{"start":{"line":51,"column":6},"end":{"line":51,"column":23}},{"start":{"line":51,"column":27},"end":{"line":51,"column":50}}],"line":51},"9":{"loc":{"start":{"line":80,"column":17},"end":{"line":80,"column":30}},"type":"binary-expr","locations":[{"start":{"line":80,"column":17},"end":{"line":80,"column":24}},{"start":{"line":80,"column":28},"end":{"line":80,"column":30}}],"line":80},"10":{"loc":{"start":{"line":81,"column":23},"end":{"line":81,"column":42}},"type":"binary-expr","locations":[{"start":{"line":81,"column":23},"end":{"line":81,"column":36}},{"start":{"line":81,"column":40},"end":{"line":81,"column":42}}],"line":81},"11":{"loc":{"start":{"line":82,"column":19},"end":{"line":82,"column":34}},"type":"binary-expr","locations":[{"start":{"line":82,"column":19},"end":{"line":82,"column":28}},{"start":{"line":82,"column":32},"end":{"line":82,"column":34}}],"line":82},"12":{"loc":{"start":{"line":83,"column":24},"end":{"line":83,"column":51}},"type":"binary-expr","locations":[{"start":{"line":83,"column":24},"end":{"line":83,"column":38}},{"start":{"line":83,"column":42},"end":{"line":83,"column":51}}],"line":83},"13":{"loc":{"start":{"line":84,"column":17},"end":{"line":93,"column":12}},"type":"cond-expr","locations":[{"start":{"line":85,"column":10},"end":{"line":92,"column":13}},{"start":{"line":93,"column":10},"end":{"line":93,"column":12}}],"line":84},"14":{"loc":{"start":{"line":86,"column":23},"end":{"line":86,"column":44}},"type":"binary-expr","locations":[{"start":{"line":86,"column":23},"end":{"line":86,"column":27}},{"start":{"line":86,"column":31},"end":{"line":86,"column":44}}],"line":86},"15":{"loc":{"start":{"line":87,"column":25},"end":{"line":87,"column":37}},"type":"binary-expr","locations":[{"start":{"line":87,"column":25},"end":{"line":87,"column":31}},{"start":{"line":87,"column":35},"end":{"line":87,"column":37}}],"line":87},"16":{"loc":{"start":{"line":88,"column":29},"end":{"line":88,"column":44}},"type":"binary-expr","locations":[{"start":{"line":88,"column":29},"end":{"line":88,"column":39}},{"start":{"line":88,"column":43},"end":{"line":88,"column":44}}],"line":88},"17":{"loc":{"start":{"line":89,"column":30},"end":{"line":89,"column":46}},"type":"binary-expr","locations":[{"start":{"line":89,"column":30},"end":{"line":89,"column":41}},{"start":{"line":89,"column":45},"end":{"line":89,"column":46}}],"line":89},"18":{"loc":{"start":{"line":90,"column":25},"end":{"line":90,"column":41}},"type":"binary-expr","locations":[{"start":{"line":90,"column":25},"end":{"line":90,"column":31}},{"start":{"line":90,"column":35},"end":{"line":90,"column":41}}],"line":90},"19":{"loc":{"start":{"line":91,"column":26},"end":{"line":91,"column":42}},"type":"binary-expr","locations":[{"start":{"line":91,"column":26},"end":{"line":91,"column":33}},{"start":{"line":91,"column":37},"end":{"line":91,"column":42}}],"line":91},"20":{"loc":{"start":{"line":94,"column":16},"end":{"line":99,"column":12}},"type":"cond-expr","locations":[{"start":{"line":95,"column":10},"end":{"line":98,"column":13}},{"start":{"line":99,"column":10},"end":{"line":99,"column":12}}],"line":94},"21":{"loc":{"start":{"line":96,"column":29},"end":{"line":96,"column":44}},"type":"binary-expr","locations":[{"start":{"line":96,"column":29},"end":{"line":96,"column":39}},{"start":{"line":96,"column":43},"end":{"line":96,"column":44}}],"line":96},"22":{"loc":{"start":{"line":97,"column":30},"end":{"line":97,"column":46}},"type":"binary-expr","locations":[{"start":{"line":97,"column":30},"end":{"line":97,"column":41}},{"start":{"line":97,"column":45},"end":{"line":97,"column":46}}],"line":97},"23":{"loc":{"start":{"line":100,"column":26},"end":{"line":100,"column":47}},"type":"binary-expr","locations":[{"start":{"line":100,"column":26},"end":{"line":100,"column":42}},{"start":{"line":100,"column":46},"end":{"line":100,"column":47}}],"line":100},"24":{"loc":{"start":{"line":101,"column":37},"end":{"line":101,"column":69}},"type":"binary-expr","locations":[{"start":{"line":101,"column":37},"end":{"line":101,"column":64}},{"start":{"line":101,"column":68},"end":{"line":101,"column":69}}],"line":101},"25":{"loc":{"start":{"line":102,"column":18},"end":{"line":102,"column":61}},"type":"binary-expr","locations":[{"start":{"line":102,"column":18},"end":{"line":102,"column":33}},{"start":{"line":102,"column":37},"end":{"line":102,"column":61}}],"line":102}},"s":{"0":0,"1":0,"2":0,"3":0,"4":0,"5":0,"6":0,"7":0,"8":0,"9":0,"10":0,"11":0,"12":0,"13":0,"14":0,"15":0,"16":0,"17":0,"18":0,"19":0,"20":0,"21":0,"22":0,"23":0,"24":0,"25":0,"26":0,"27":0,"28":0,"29":0,"30":0,"31":0,"32":0},"f":{"0":0,"1":0,"2":0,"3":0,"4":0,"5":0,"6":0,"7":0,"8":0,"9":0,"10":0,"11":0},"b":{"0":[0,0],"1":[0,0],"2":[0,0],"3":[0,0],"4":[0,0],"5":[0,0],"6":[0,0,0,0],"7":[0,0],"8":[0,0],"9":[0,0],"10":[0,0],"11":[0,0],"12":[0,0],"13":[0,0],"14":[0,0],"15":[0,0],"16":[0,0],"17":[0,0],"18":[0,0],"19":[0,0],"20":[0,0],"21":[0,0],"22":[0,0],"23":[0,0],"24":[0,0],"25":[0,0]}}
,"C:\\Users\\Usuario\\Documents\\dev\\road-trip\\src\\data\\repositories\\AuthRepositoryImpl.ts": {"path":"C:\\Users\\Usuario\\Documents\\dev\\road-trip\\src\\data\\repositories\\AuthRepositoryImpl.ts","statementMap":{"0":{"start":{"line":20,"column":18},"end":{"line":24,"column":5}},"1":{"start":{"line":25,"column":4},"end":{"line":25,"column":28}},"2":{"start":{"line":29,"column":18},"end":{"line":29,"column":72}},"3":{"start":{"line":30,"column":4},"end":{"line":30,"column":28}},"4":{"start":{"line":34,"column":4},"end":{"line":34,"column":33}},"5":{"start":{"line":38,"column":18},"end":{"line":38,"column":54}},"6":{"start":{"line":39,"column":4},"end":{"line":39,"column":43}},"7":{"start":{"line":43,"column":4},"end":{"line":45,"column":7}},"8":{"start":{"line":44,"column":6},"end":{"line":44,"column":48}}},"fnMap":{"0":{"name":"(anonymous_0)","decl":{"start":{"line":14,"column":2},"end":{"line":14,"column":3}},"loc":{"start":{"line":17,"column":4},"end":{"line":17,"column":6}},"line":17},"1":{"name":"(anonymous_1)","decl":{"start":{"line":19,"column":2},"end":{"line":19,"column":3}},"loc":{"start":{"line":19,"column":51},"end":{"line":26,"column":3}},"line":19},"2":{"name":"(anonymous_2)","decl":{"start":{"line":28,"column":2},"end":{"line":28,"column":3}},"loc":{"start":{"line":28,"column":51},"end":{"line":31,"column":3}},"line":28},"3":{"name":"(anonymous_3)","decl":{"start":{"line":33,"column":2},"end":{"line":33,"column":3}},"loc":{"start":{"line":33,"column":33},"end":{"line":35,"column":3}},"line":33},"4":{"name":"(anonymous_4)","decl":{"start":{"line":37,"column":2},"end":{"line":37,"column":3}},"loc":{"start":{"line":37,"column":49},"end":{"line":40,"column":3}},"line":37},"5":{"name":"(anonymous_5)","decl":{"start":{"line":42,"column":2},"end":{"line":42,"column":3}},"loc":{"start":{"line":42,"column":72},"end":{"line":46,"column":3}},"line":42},"6":{"name":"(anonymous_6)","decl":{"start":{"line":43,"column":43},"end":{"line":43,"column":44}},"loc":{"start":{"line":43,"column":54},"end":{"line":45,"column":5}},"line":43}},"branchMap":{"0":{"loc":{"start":{"line":39,"column":11},"end":{"line":39,"column":42}},"type":"cond-expr","locations":[{"start":{"line":39,"column":19},"end":{"line":39,"column":35}},{"start":{"line":39,"column":38},"end":{"line":39,"column":42}}],"line":39},"1":{"loc":{"start":{"line":44,"column":15},"end":{"line":44,"column":46}},"type":"cond-expr","locations":[{"start":{"line":44,"column":23},"end":{"line":44,"column":39}},{"start":{"line":44,"column":42},"end":{"line":44,"column":46}}],"line":44}},"s":{"0":0,"1":0,"2":0,"3":0,"4":0,"5":0,"6":0,"7":0,"8":0},"f":{"0":0,"1":0,"2":0,"3":0,"4":0,"5":0,"6":0},"b":{"0":[0,0],"1":[0,0]}}
,"C:\\Users\\Usuario\\Documents\\dev\\road-trip\\src\\data\\repositories\\DirectionsRepositoryImpl.ts": {"path":"C:\\Users\\Usuario\\Documents\\dev\\road-trip\\src\\data\\repositories\\DirectionsRepositoryImpl.ts","statementMap":{"0":{"start":{"line":21,"column":20},"end":{"line":21,"column":68}},"1":{"start":{"line":21,"column":50},"end":{"line":21,"column":67}},"2":{"start":{"line":22,"column":24},"end":{"line":22,"column":56}},"3":{"start":{"line":22,"column":43},"end":{"line":22,"column":55}},"4":{"start":{"line":23,"column":18},"end":{"line":23,"column":75}},"5":{"start":{"line":24,"column":4},"end":{"line":24,"column":28}}},"fnMap":{"0":{"name":"(anonymous_0)","decl":{"start":{"line":12,"column":2},"end":{"line":12,"column":3}},"loc":{"start":{"line":15,"column":4},"end":{"line":15,"column":6}},"line":15},"1":{"name":"(anonymous_1)","decl":{"start":{"line":17,"column":2},"end":{"line":17,"column":3}},"loc":{"start":{"line":20,"column":30},"end":{"line":25,"column":3}},"line":20},"2":{"name":"(anonymous_2)","decl":{"start":{"line":21,"column":40},"end":{"line":21,"column":41}},"loc":{"start":{"line":21,"column":50},"end":{"line":21,"column":67}},"line":21},"3":{"name":"(anonymous_3)","decl":{"start":{"line":22,"column":36},"end":{"line":22,"column":37}},"loc":{"start":{"line":22,"column":43},"end":{"line":22,"column":55}},"line":22}},"branchMap":{},"s":{"0":0,"1":0,"2":0,"3":0,"4":0,"5":0},"f":{"0":0,"1":0,"2":0,"3":0},"b":{}}
,"C:\\Users\\Usuario\\Documents\\dev\\road-trip\\src\\data\\repositories\\FuelStationRepositoryImpl.ts": {"path":"C:\\Users\\Usuario\\Documents\\dev\\road-trip\\src\\data\\repositories\\FuelStationRepositoryImpl.ts","statementMap":{"0":{"start":{"line":9,"column":26},"end":{"line":9,"column":27}},"1":{"start":{"line":19,"column":19},"end":{"line":28,"column":5}},"2":{"start":{"line":21,"column":23},"end":{"line":25,"column":9}},"3":{"start":{"line":26,"column":8},"end":{"line":26,"column":62}},"4":{"start":{"line":26,"column":37},"end":{"line":26,"column":60}},"5":{"start":{"line":29,"column":4},"end":{"line":29,"column":25}}},"fnMap":{"0":{"name":"(anonymous_0)","decl":{"start":{"line":13,"column":2},"end":{"line":13,"column":3}},"loc":{"start":{"line":16,"column":4},"end":{"line":16,"column":6}},"line":16},"1":{"name":"(anonymous_1)","decl":{"start":{"line":18,"column":2},"end":{"line":18,"column":3}},"loc":{"start":{"line":18,"column":73},"end":{"line":30,"column":3}},"line":18},"2":{"name":"(anonymous_2)","decl":{"start":{"line":20,"column":20},"end":{"line":20,"column":21}},"loc":{"start":{"line":20,"column":36},"end":{"line":27,"column":7}},"line":20},"3":{"name":"(anonymous_3)","decl":{"start":{"line":26,"column":26},"end":{"line":26,"column":27}},"loc":{"start":{"line":26,"column":37},"end":{"line":26,"column":60}},"line":26}},"branchMap":{},"s":{"0":0,"1":0,"2":0,"3":0,"4":0,"5":0},"f":{"0":0,"1":0,"2":0,"3":0},"b":{}}
,"C:\\Users\\Usuario\\Documents\\dev\\road-trip\\src\\data\\repositories\\MotoStatsRepositoryImpl.ts": {"path":"C:\\Users\\Usuario\\Documents\\dev\\road-trip\\src\\data\\repositories\\MotoStatsRepositoryImpl.ts","statementMap":{"0":{"start":{"line":19,"column":18},"end":{"line":19,"column":53}},"1":{"start":{"line":20,"column":4},"end":{"line":20,"column":43}}},"fnMap":{"0":{"name":"(anonymous_0)","decl":{"start":{"line":13,"column":2},"end":{"line":13,"column":3}},"loc":{"start":{"line":16,"column":4},"end":{"line":16,"column":6}},"line":16},"1":{"name":"(anonymous_1)","decl":{"start":{"line":18,"column":2},"end":{"line":18,"column":3}},"loc":{"start":{"line":18,"column":74},"end":{"line":21,"column":3}},"line":18}},"branchMap":{"0":{"loc":{"start":{"line":20,"column":11},"end":{"line":20,"column":42}},"type":"cond-expr","locations":[{"start":{"line":20,"column":19},"end":{"line":20,"column":35}},{"start":{"line":20,"column":38},"end":{"line":20,"column":42}}],"line":20}},"s":{"0":0,"1":0},"f":{"0":0,"1":0},"b":{"0":[0,0]}}
,"C:\\Users\\Usuario\\Documents\\dev\\road-trip\\src\\data\\repositories\\MotorcycleRepositoryImpl.ts": {"path":"C:\\Users\\Usuario\\Documents\\dev\\road-trip\\src\\data\\repositories\\MotorcycleRepositoryImpl.ts","statementMap":{"0":{"start":{"line":16,"column":19},"end":{"line":16,"column":62}},"1":{"start":{"line":17,"column":4},"end":{"line":17,"column":43}},"2":{"start":{"line":17,"column":29},"end":{"line":17,"column":41}},"3":{"start":{"line":21,"column":18},"end":{"line":21,"column":50}},"4":{"start":{"line":22,"column":4},"end":{"line":22,"column":43}},"5":{"start":{"line":26,"column":18},"end":{"line":26,"column":71}},"6":{"start":{"line":27,"column":4},"end":{"line":27,"column":28}},"7":{"start":{"line":31,"column":18},"end":{"line":34,"column":5}},"8":{"start":{"line":35,"column":4},"end":{"line":35,"column":28}},"9":{"start":{"line":39,"column":4},"end":{"line":39,"column":34}},"10":{"start":{"line":43,"column":4},"end":{"line":53,"column":6}}},"fnMap":{"0":{"name":"(anonymous_0)","decl":{"start":{"line":10,"column":2},"end":{"line":10,"column":3}},"loc":{"start":{"line":13,"column":4},"end":{"line":13,"column":6}},"line":13},"1":{"name":"(anonymous_1)","decl":{"start":{"line":15,"column":2},"end":{"line":15,"column":3}},"loc":{"start":{"line":15,"column":62},"end":{"line":18,"column":3}},"line":15},"2":{"name":"(anonymous_2)","decl":{"start":{"line":17,"column":22},"end":{"line":17,"column":23}},"loc":{"start":{"line":17,"column":29},"end":{"line":17,"column":41}},"line":17},"3":{"name":"(anonymous_3)","decl":{"start":{"line":20,"column":2},"end":{"line":20,"column":3}},"loc":{"start":{"line":20,"column":56},"end":{"line":23,"column":3}},"line":20},"4":{"name":"(anonymous_4)","decl":{"start":{"line":25,"column":2},"end":{"line":25,"column":3}},"loc":{"start":{"line":25,"column":60},"end":{"line":28,"column":3}},"line":25},"5":{"name":"(anonymous_5)","decl":{"start":{"line":30,"column":2},"end":{"line":30,"column":3}},"loc":{"start":{"line":30,"column":60},"end":{"line":36,"column":3}},"line":30},"6":{"name":"(anonymous_6)","decl":{"start":{"line":38,"column":2},"end":{"line":38,"column":3}},"loc":{"start":{"line":38,"column":42},"end":{"line":40,"column":3}},"line":38},"7":{"name":"(anonymous_7)","decl":{"start":{"line":42,"column":2},"end":{"line":42,"column":3}},"loc":{"start":{"line":42,"column":69},"end":{"line":54,"column":3}},"line":42}},"branchMap":{"0":{"loc":{"start":{"line":22,"column":11},"end":{"line":22,"column":42}},"type":"cond-expr","locations":[{"start":{"line":22,"column":19},"end":{"line":22,"column":35}},{"start":{"line":22,"column":38},"end":{"line":22,"column":42}}],"line":22}},"s":{"0":0,"1":0,"2":0,"3":0,"4":0,"5":0,"6":0,"7":0,"8":0,"9":0,"10":0},"f":{"0":0,"1":0,"2":0,"3":0,"4":0,"5":0,"6":0,"7":0},"b":{"0":[0,0]}}
,"C:\\Users\\Usuario\\Documents\\dev\\road-trip\\src\\data\\repositories\\RouteRepositoryImpl.ts": {"path":"C:\\Users\\Usuario\\Documents\\dev\\road-trip\\src\\data\\repositories\\RouteRepositoryImpl.ts","statementMap":{"0":{"start":{"line":16,"column":19},"end":{"line":16,"column":62}},"1":{"start":{"line":17,"column":4},"end":{"line":17,"column":43}},"2":{"start":{"line":17,"column":29},"end":{"line":17,"column":41}},"3":{"start":{"line":21,"column":18},"end":{"line":21,"column":50}},"4":{"start":{"line":22,"column":4},"end":{"line":22,"column":43}},"5":{"start":{"line":26,"column":18},"end":{"line":26,"column":66}},"6":{"start":{"line":27,"column":4},"end":{"line":27,"column":28}},"7":{"start":{"line":31,"column":18},"end":{"line":31,"column":76}},"8":{"start":{"line":32,"column":4},"end":{"line":32,"column":28}},"9":{"start":{"line":36,"column":4},"end":{"line":36,"column":34}},"10":{"start":{"line":40,"column":4},"end":{"line":58,"column":6}},"11":{"start":{"line":44,"column":45},"end":{"line":51,"column":7}},"12":{"start":{"line":52,"column":43},"end":{"line":55,"column":7}}},"fnMap":{"0":{"name":"(anonymous_0)","decl":{"start":{"line":10,"column":2},"end":{"line":10,"column":3}},"loc":{"start":{"line":13,"column":4},"end":{"line":13,"column":6}},"line":13},"1":{"name":"(anonymous_1)","decl":{"start":{"line":15,"column":2},"end":{"line":15,"column":3}},"loc":{"start":{"line":15,"column":57},"end":{"line":18,"column":3}},"line":15},"2":{"name":"(anonymous_2)","decl":{"start":{"line":17,"column":22},"end":{"line":17,"column":23}},"loc":{"start":{"line":17,"column":29},"end":{"line":17,"column":41}},"line":17},"3":{"name":"(anonymous_3)","decl":{"start":{"line":20,"column":2},"end":{"line":20,"column":3}},"loc":{"start":{"line":20,"column":51},"end":{"line":23,"column":3}},"line":20},"4":{"name":"(anonymous_4)","decl":{"start":{"line":25,"column":2},"end":{"line":25,"column":3}},"loc":{"start":{"line":25,"column":45},"end":{"line":28,"column":3}},"line":25},"5":{"name":"(anonymous_5)","decl":{"start":{"line":30,"column":2},"end":{"line":30,"column":3}},"loc":{"start":{"line":30,"column":45},"end":{"line":33,"column":3}},"line":30},"6":{"name":"(anonymous_6)","decl":{"start":{"line":35,"column":2},"end":{"line":35,"column":3}},"loc":{"start":{"line":35,"column":42},"end":{"line":37,"column":3}},"line":35},"7":{"name":"(anonymous_7)","decl":{"start":{"line":39,"column":2},"end":{"line":39,"column":3}},"loc":{"start":{"line":39,"column":59},"end":{"line":59,"column":3}},"line":39},"8":{"name":"(anonymous_8)","decl":{"start":{"line":44,"column":37},"end":{"line":44,"column":38}},"loc":{"start":{"line":44,"column":45},"end":{"line":51,"column":7}},"line":44},"9":{"name":"(anonymous_9)","decl":{"start":{"line":52,"column":35},"end":{"line":52,"column":36}},"loc":{"start":{"line":52,"column":43},"end":{"line":55,"column":7}},"line":52}},"branchMap":{"0":{"loc":{"start":{"line":22,"column":11},"end":{"line":22,"column":42}},"type":"cond-expr","locations":[{"start":{"line":22,"column":19},"end":{"line":22,"column":35}},{"start":{"line":22,"column":38},"end":{"line":22,"column":42}}],"line":22}},"s":{"0":0,"1":0,"2":0,"3":0,"4":0,"5":0,"6":0,"7":0,"8":0,"9":0,"10":0,"11":0,"12":0},"f":{"0":0,"1":0,"2":0,"3":0,"4":0,"5":0,"6":0,"7":0,"8":0,"9":0},"b":{"0":[0,0]}}
,"C:\\Users\\Usuario\\Documents\\dev\\road-trip\\src\\domain\\entities\\AutonomyEstimate.ts": {"path":"C:\\Users\\Usuario\\Documents\\dev\\road-trip\\src\\domain\\entities\\AutonomyEstimate.ts","statementMap":{"0":{"start":{"line":32,"column":4},"end":{"line":32,"column":50}},"1":{"start":{"line":33,"column":4},"end":{"line":33,"column":50}},"2":{"start":{"line":34,"column":4},"end":{"line":34,"column":52}},"3":{"start":{"line":35,"column":4},"end":{"line":35,"column":50}},"4":{"start":{"line":36,"column":4},"end":{"line":36,"column":50}},"5":{"start":{"line":37,"column":4},"end":{"line":37,"column":60}},"6":{"start":{"line":38,"column":4},"end":{"line":38,"column":38}},"7":{"start":{"line":39,"column":4},"end":{"line":39,"column":54}},"8":{"start":{"line":41,"column":4},"end":{"line":41,"column":32}},"9":{"start":{"line":45,"column":4},"end":{"line":45,"column":33}}},"fnMap":{"0":{"name":"(anonymous_0)","decl":{"start":{"line":31,"column":2},"end":{"line":31,"column":3}},"loc":{"start":{"line":31,"column":57},"end":{"line":42,"column":3}},"line":31},"1":{"name":"(anonymous_1)","decl":{"start":{"line":44,"column":2},"end":{"line":44,"column":3}},"loc":{"start":{"line":44,"column":32},"end":{"line":46,"column":3}},"line":44}},"branchMap":{},"s":{"0":1,"1":1,"2":1,"3":1,"4":1,"5":1,"6":1,"7":1,"8":1,"9":1},"f":{"0":1,"1":1},"b":{},"_coverageSchema":"1a1c01bbd47fc00a2c39e90264f33305004495a9","hash":"9e2f8e2f1f46775ab3f267b731abc8c71127f8f0"}
,"C:\\Users\\Usuario\\Documents\\dev\\road-trip\\src\\domain\\entities\\FuelStation.ts": {"path":"C:\\Users\\Usuario\\Documents\\dev\\road-trip\\src\\domain\\entities\\FuelStation.ts","statementMap":{"0":{"start":{"line":35,"column":4},"end":{"line":35,"column":24}},"1":{"start":{"line":36,"column":4},"end":{"line":36,"column":28}},"2":{"start":{"line":37,"column":4},"end":{"line":37,"column":30}},"3":{"start":{"line":38,"column":4},"end":{"line":38,"column":36}},"4":{"start":{"line":39,"column":4},"end":{"line":39,"column":38}},"5":{"start":{"line":40,"column":4},"end":{"line":40,"column":38}},"6":{"start":{"line":41,"column":4},"end":{"line":41,"column":74}},"7":{"start":{"line":42,"column":4},"end":{"line":42,"column":66}},"8":{"start":{"line":43,"column":4},"end":{"line":43,"column":56}},"9":{"start":{"line":45,"column":4},"end":{"line":45,"column":32}},"10":{"start":{"line":49,"column":4},"end":{"line":51,"column":37}}},"fnMap":{"0":{"name":"(anonymous_0)","decl":{"start":{"line":34,"column":2},"end":{"line":34,"column":3}},"loc":{"start":{"line":34,"column":52},"end":{"line":46,"column":3}},"line":34},"1":{"name":"(anonymous_1)","decl":{"start":{"line":48,"column":2},"end":{"line":48,"column":3}},"loc":{"start":{"line":48,"column":46},"end":{"line":52,"column":3}},"line":48}},"branchMap":{"0":{"loc":{"start":{"line":41,"column":35},"end":{"line":41,"column":73}},"type":"binary-expr","locations":[{"start":{"line":41,"column":35},"end":{"line":41,"column":65}},{"start":{"line":41,"column":69},"end":{"line":41,"column":73}}],"line":41},"1":{"loc":{"start":{"line":42,"column":31},"end":{"line":42,"column":65}},"type":"binary-expr","locations":[{"start":{"line":42,"column":31},"end":{"line":42,"column":57}},{"start":{"line":42,"column":61},"end":{"line":42,"column":65}}],"line":42},"2":{"loc":{"start":{"line":43,"column":26},"end":{"line":43,"column":55}},"type":"binary-expr","locations":[{"start":{"line":43,"column":26},"end":{"line":43,"column":47}},{"start":{"line":43,"column":51},"end":{"line":43,"column":55}}],"line":43},"3":{"loc":{"start":{"line":49,"column":11},"end":{"line":51,"column":36}},"type":"cond-expr","locations":[{"start":{"line":50,"column":8},"end":{"line":50,"column":32}},{"start":{"line":51,"column":8},"end":{"line":51,"column":36}}],"line":49}},"s":{"0":1,"1":1,"2":1,"3":1,"4":1,"5":1,"6":1,"7":1,"8":1,"9":1,"10":2},"f":{"0":1,"1":2},"b":{"0":[1,0],"1":[1,0],"2":[1,1],"3":[1,1]},"_coverageSchema":"1a1c01bbd47fc00a2c39e90264f33305004495a9","hash":"0b07e4f8d3309d0b50f887b7a71f8dd457f416cf"}
,"C:\\Users\\Usuario\\Documents\\dev\\road-trip\\src\\domain\\entities\\FuelStop.ts": {"path":"C:\\Users\\Usuario\\Documents\\dev\\road-trip\\src\\domain\\entities\\FuelStop.ts","statementMap":{"0":{"start":{"line":23,"column":4},"end":{"line":23,"column":24}},"1":{"start":{"line":24,"column":4},"end":{"line":24,"column":30}},"2":{"start":{"line":25,"column":4},"end":{"line":25,"column":58}},"3":{"start":{"line":26,"column":4},"end":{"line":26,"column":36}},"4":{"start":{"line":27,"column":4},"end":{"line":27,"column":30}},"5":{"start":{"line":29,"column":4},"end":{"line":29,"column":32}}},"fnMap":{"0":{"name":"(anonymous_0)","decl":{"start":{"line":22,"column":2},"end":{"line":22,"column":3}},"loc":{"start":{"line":22,"column":49},"end":{"line":30,"column":3}},"line":22}},"branchMap":{},"s":{"0":1,"1":1,"2":1,"3":1,"4":1,"5":1},"f":{"0":1},"b":{},"_coverageSchema":"1a1c01bbd47fc00a2c39e90264f33305004495a9","hash":"b3e071cfb0099c717b9a00f155a6a3188fa630b9"}
,"C:\\Users\\Usuario\\Documents\\dev\\road-trip\\src\\domain\\entities\\Motorcycle.ts": {"path":"C:\\Users\\Usuario\\Documents\\dev\\road-trip\\src\\domain\\entities\\Motorcycle.ts","statementMap":{"0":{"start":{"line":38,"column":4},"end":{"line":38,"column":24}},"1":{"start":{"line":39,"column":4},"end":{"line":39,"column":34}},"2":{"start":{"line":40,"column":4},"end":{"line":40,"column":30}},"3":{"start":{"line":41,"column":4},"end":{"line":41,"column":30}},"4":{"start":{"line":42,"column":4},"end":{"line":42,"column":28}},"5":{"start":{"line":43,"column":4},"end":{"line":43,"column":44}},"6":{"start":{"line":44,"column":4},"end":{"line":44,"column":36}},"7":{"start":{"line":45,"column":4},"end":{"line":45,"column":56}},"8":{"start":{"line":46,"column":4},"end":{"line":46,"column":70}},"9":{"start":{"line":47,"column":4},"end":{"line":47,"column":44}},"10":{"start":{"line":48,"column":4},"end":{"line":48,"column":52}},"11":{"start":{"line":50,"column":4},"end":{"line":50,"column":32}},"12":{"start":{"line":55,"column":4},"end":{"line":55,"column":68}},"13":{"start":{"line":59,"column":4},"end":{"line":59,"column":75}},"14":{"start":{"line":59,"column":47},"end":{"line":59,"column":75}},"15":{"start":{"line":60,"column":4},"end":{"line":60,"column":61}}},"fnMap":{"0":{"name":"(anonymous_0)","decl":{"start":{"line":37,"column":2},"end":{"line":37,"column":3}},"loc":{"start":{"line":37,"column":51},"end":{"line":51,"column":3}},"line":37},"1":{"name":"(anonymous_1)","decl":{"start":{"line":54,"column":2},"end":{"line":54,"column":3}},"loc":{"start":{"line":54,"column":28},"end":{"line":56,"column":3}},"line":54},"2":{"name":"(anonymous_2)","decl":{"start":{"line":58,"column":2},"end":{"line":58,"column":3}},"loc":{"start":{"line":58,"column":24},"end":{"line":61,"column":3}},"line":58}},"branchMap":{"0":{"loc":{"start":{"line":43,"column":20},"end":{"line":43,"column":43}},"type":"binary-expr","locations":[{"start":{"line":43,"column":20},"end":{"line":43,"column":35}},{"start":{"line":43,"column":39},"end":{"line":43,"column":43}}],"line":43},"1":{"loc":{"start":{"line":47,"column":20},"end":{"line":47,"column":43}},"type":"binary-expr","locations":[{"start":{"line":47,"column":20},"end":{"line":47,"column":35}},{"start":{"line":47,"column":39},"end":{"line":47,"column":43}}],"line":47},"2":{"loc":{"start":{"line":48,"column":21},"end":{"line":48,"column":51}},"type":"binary-expr","locations":[{"start":{"line":48,"column":21},"end":{"line":48,"column":37}},{"start":{"line":48,"column":41},"end":{"line":48,"column":51}}],"line":48},"3":{"loc":{"start":{"line":59,"column":4},"end":{"line":59,"column":75}},"type":"if","locations":[{"start":{"line":59,"column":4},"end":{"line":59,"column":75}},{"start":{},"end":{}}],"line":59},"4":{"loc":{"start":{"line":59,"column":8},"end":{"line":59,"column":45}},"type":"binary-expr","locations":[{"start":{"line":59,"column":8},"end":{"line":59,"column":21}},{"start":{"line":59,"column":25},"end":{"line":59,"column":45}}],"line":59}},"s":{"0":3,"1":3,"2":3,"3":3,"4":3,"5":3,"6":3,"7":3,"8":3,"9":3,"10":3,"11":3,"12":1,"13":2,"14":1,"15":1},"f":{"0":3,"1":1,"2":2},"b":{"0":[3,2],"1":[3,0],"2":[3,0],"3":[1,1],"4":[2,1]},"_coverageSchema":"1a1c01bbd47fc00a2c39e90264f33305004495a9","hash":"828a1f7c11d6ce6bfebb5dec15806c9e53cedee5"}
,"C:\\Users\\Usuario\\Documents\\dev\\road-trip\\src\\domain\\entities\\MotorcycleSpecs.ts": {"path":"C:\\Users\\Usuario\\Documents\\dev\\road-trip\\src\\domain\\entities\\MotorcycleSpecs.ts","statementMap":{"0":{"start":{"line":34,"column":4},"end":{"line":34,"column":30}},"1":{"start":{"line":35,"column":4},"end":{"line":35,"column":30}},"2":{"start":{"line":36,"column":4},"end":{"line":36,"column":28}},"3":{"start":{"line":37,"column":4},"end":{"line":37,"column":56}},"4":{"start":{"line":38,"column":4},"end":{"line":38,"column":70}},"5":{"start":{"line":39,"column":4},"end":{"line":39,"column":44}},"6":{"start":{"line":40,"column":4},"end":{"line":40,"column":66}},"7":{"start":{"line":41,"column":4},"end":{"line":41,"column":32}},"8":{"start":{"line":42,"column":4},"end":{"line":42,"column":40}},"9":{"start":{"line":44,"column":4},"end":{"line":44,"column":32}}},"fnMap":{"0":{"name":"(anonymous_0)","decl":{"start":{"line":33,"column":2},"end":{"line":33,"column":3}},"loc":{"start":{"line":33,"column":56},"end":{"line":45,"column":3}},"line":33}},"branchMap":{"0":{"loc":{"start":{"line":39,"column":20},"end":{"line":39,"column":43}},"type":"binary-expr","locations":[{"start":{"line":39,"column":20},"end":{"line":39,"column":35}},{"start":{"line":39,"column":39},"end":{"line":39,"column":43}}],"line":39},"1":{"loc":{"start":{"line":40,"column":31},"end":{"line":40,"column":65}},"type":"binary-expr","locations":[{"start":{"line":40,"column":31},"end":{"line":40,"column":57}},{"start":{"line":40,"column":61},"end":{"line":40,"column":65}}],"line":40}},"s":{"0":0,"1":0,"2":0,"3":0,"4":0,"5":0,"6":0,"7":0,"8":0,"9":0},"f":{"0":0},"b":{"0":[0,0],"1":[0,0]},"_coverageSchema":"1a1c01bbd47fc00a2c39e90264f33305004495a9","hash":"b87fdcacb70ea28358312daeec30503cc9d379d6"}
,"C:\\Users\\Usuario\\Documents\\dev\\road-trip\\src\\domain\\entities\\Rider.ts": {"path":"C:\\Users\\Usuario\\Documents\\dev\\road-trip\\src\\domain\\entities\\Rider.ts","statementMap":{"0":{"start":{"line":23,"column":4},"end":{"line":23,"column":24}},"1":{"start":{"line":24,"column":4},"end":{"line":24,"column":30}},"2":{"start":{"line":25,"column":4},"end":{"line":25,"column":42}},"3":{"start":{"line":26,"column":4},"end":{"line":26,"column":44}},"4":{"start":{"line":27,"column":4},"end":{"line":27,"column":52}},"5":{"start":{"line":29,"column":4},"end":{"line":29,"column":32}},"6":{"start":{"line":33,"column":19},"end":{"line":33,"column":56}},"7":{"start":{"line":34,"column":4},"end":{"line":34,"column":44}}},"fnMap":{"0":{"name":"(anonymous_0)","decl":{"start":{"line":22,"column":2},"end":{"line":22,"column":3}},"loc":{"start":{"line":22,"column":46},"end":{"line":30,"column":3}},"line":22},"1":{"name":"(anonymous_1)","decl":{"start":{"line":32,"column":2},"end":{"line":32,"column":3}},"loc":{"start":{"line":32,"column":21},"end":{"line":35,"column":3}},"line":32}},"branchMap":{"0":{"loc":{"start":{"line":26,"column":20},"end":{"line":26,"column":43}},"type":"binary-expr","locations":[{"start":{"line":26,"column":20},"end":{"line":26,"column":35}},{"start":{"line":26,"column":39},"end":{"line":26,"column":43}}],"line":26},"1":{"loc":{"start":{"line":27,"column":21},"end":{"line":27,"column":51}},"type":"binary-expr","locations":[{"start":{"line":27,"column":21},"end":{"line":27,"column":37}},{"start":{"line":27,"column":41},"end":{"line":27,"column":51}}],"line":27},"2":{"loc":{"start":{"line":33,"column":19},"end":{"line":33,"column":56}},"type":"binary-expr","locations":[{"start":{"line":33,"column":19},"end":{"line":33,"column":42}},{"start":{"line":33,"column":46},"end":{"line":33,"column":56}}],"line":33}},"s":{"0":2,"1":2,"2":2,"3":2,"4":2,"5":2,"6":2,"7":2},"f":{"0":2,"1":2},"b":{"0":[2,2],"1":[2,0],"2":[2,1]},"_coverageSchema":"1a1c01bbd47fc00a2c39e90264f33305004495a9","hash":"c2c9ea1b0f19d755e04ab9169f9b5000925186cb"}
,"C:\\Users\\Usuario\\Documents\\dev\\road-trip\\src\\domain\\entities\\RidingConditions.ts": {"path":"C:\\Users\\Usuario\\Documents\\dev\\road-trip\\src\\domain\\entities\\RidingConditions.ts","statementMap":{"0":{"start":{"line":21,"column":4},"end":{"line":21,"column":44}},"1":{"start":{"line":22,"column":4},"end":{"line":22,"column":40}},"2":{"start":{"line":23,"column":4},"end":{"line":23,"column":52}},"3":{"start":{"line":25,"column":4},"end":{"line":25,"column":32}},"4":{"start":{"line":29,"column":4},"end":{"line":33,"column":7}}},"fnMap":{"0":{"name":"(anonymous_0)","decl":{"start":{"line":20,"column":2},"end":{"line":20,"column":3}},"loc":{"start":{"line":20,"column":57},"end":{"line":26,"column":3}},"line":20},"1":{"name":"(anonymous_1)","decl":{"start":{"line":28,"column":2},"end":{"line":28,"column":3}},"loc":{"start":{"line":28,"column":37},"end":{"line":34,"column":3}},"line":28}},"branchMap":{},"s":{"0":1,"1":1,"2":1,"3":1,"4":1},"f":{"0":1,"1":1},"b":{},"_coverageSchema":"1a1c01bbd47fc00a2c39e90264f33305004495a9","hash":"1d8de038b2b13216448fc44d6cef95dc3a94d3ee"}
,"C:\\Users\\Usuario\\Documents\\dev\\road-trip\\src\\domain\\entities\\Route.ts": {"path":"C:\\Users\\Usuario\\Documents\\dev\\road-trip\\src\\domain\\entities\\Route.ts","statementMap":{"0":{"start":{"line":38,"column":4},"end":{"line":38,"column":24}},"1":{"start":{"line":39,"column":4},"end":{"line":39,"column":34}},"2":{"start":{"line":40,"column":4},"end":{"line":40,"column":28}},"3":{"start":{"line":41,"column":4},"end":{"line":41,"column":36}},"4":{"start":{"line":42,"column":4},"end":{"line":42,"column":38}},"5":{"start":{"line":43,"column":4},"end":{"line":43,"column":42}},"6":{"start":{"line":44,"column":4},"end":{"line":44,"column":45}},"7":{"start":{"line":45,"column":4},"end":{"line":45,"column":65}},"8":{"start":{"line":46,"column":4},"end":{"line":46,"column":52}},"9":{"start":{"line":48,"column":4},"end":{"line":48,"column":32}},"10":{"start":{"line":53,"column":4},"end":{"line":53,"column":59}},"11":{"start":{"line":53,"column":40},"end":{"line":53,"column":57}},"12":{"start":{"line":57,"column":18},"end":{"line":57,"column":60}},"13":{"start":{"line":58,"column":20},"end":{"line":58,"column":62}},"14":{"start":{"line":59,"column":4},"end":{"line":59,"column":44}},"15":{"start":{"line":59,"column":20},"end":{"line":59,"column":44}},"16":{"start":{"line":60,"column":4},"end":{"line":60,"column":39}}},"fnMap":{"0":{"name":"(anonymous_0)","decl":{"start":{"line":37,"column":2},"end":{"line":37,"column":3}},"loc":{"start":{"line":37,"column":46},"end":{"line":49,"column":3}},"line":37},"1":{"name":"(anonymous_1)","decl":{"start":{"line":52,"column":2},"end":{"line":52,"column":3}},"loc":{"start":{"line":52,"column":22},"end":{"line":54,"column":3}},"line":52},"2":{"name":"(anonymous_2)","decl":{"start":{"line":53,"column":33},"end":{"line":53,"column":34}},"loc":{"start":{"line":53,"column":40},"end":{"line":53,"column":57}},"line":53},"3":{"name":"(anonymous_3)","decl":{"start":{"line":56,"column":2},"end":{"line":56,"column":3}},"loc":{"start":{"line":56,"column":26},"end":{"line":61,"column":3}},"line":56}},"branchMap":{"0":{"loc":{"start":{"line":43,"column":20},"end":{"line":43,"column":41}},"type":"binary-expr","locations":[{"start":{"line":43,"column":20},"end":{"line":43,"column":35}},{"start":{"line":43,"column":39},"end":{"line":43,"column":41}}],"line":43},"1":{"loc":{"start":{"line":44,"column":22},"end":{"line":44,"column":44}},"type":"binary-expr","locations":[{"start":{"line":44,"column":22},"end":{"line":44,"column":39}},{"start":{"line":44,"column":43},"end":{"line":44,"column":44}}],"line":44},"2":{"loc":{"start":{"line":45,"column":32},"end":{"line":45,"column":64}},"type":"binary-expr","locations":[{"start":{"line":45,"column":32},"end":{"line":45,"column":59}},{"start":{"line":45,"column":63},"end":{"line":45,"column":64}}],"line":45},"3":{"loc":{"start":{"line":46,"column":21},"end":{"line":46,"column":51}},"type":"binary-expr","locations":[{"start":{"line":46,"column":21},"end":{"line":46,"column":37}},{"start":{"line":46,"column":41},"end":{"line":46,"column":51}}],"line":46},"4":{"loc":{"start":{"line":59,"column":4},"end":{"line":59,"column":44}},"type":"if","locations":[{"start":{"line":59,"column":4},"end":{"line":59,"column":44}},{"start":{},"end":{}}],"line":59}},"s":{"0":3,"1":3,"2":3,"3":3,"4":3,"5":3,"6":3,"7":3,"8":3,"9":3,"10":1,"11":3,"12":2,"13":2,"14":2,"15":1,"16":1},"f":{"0":3,"1":1,"2":3,"3":2},"b":{"0":[3,0],"1":[3,0],"2":[3,0],"3":[3,0],"4":[1,1]},"_coverageSchema":"1a1c01bbd47fc00a2c39e90264f33305004495a9","hash":"f3a682bed9de9b39f4e8bbb2279e9a4ac10d242e"}
,"C:\\Users\\Usuario\\Documents\\dev\\road-trip\\src\\domain\\entities\\RouteDirections.ts": {"path":"C:\\Users\\Usuario\\Documents\\dev\\road-trip\\src\\domain\\entities\\RouteDirections.ts","statementMap":{"0":{"start":{"line":19,"column":4},"end":{"line":19,"column":40}},"1":{"start":{"line":20,"column":4},"end":{"line":20,"column":42}},"2":{"start":{"line":21,"column":4},"end":{"line":21,"column":36}},"3":{"start":{"line":23,"column":4},"end":{"line":23,"column":32}}},"fnMap":{"0":{"name":"(anonymous_0)","decl":{"start":{"line":18,"column":2},"end":{"line":18,"column":3}},"loc":{"start":{"line":18,"column":56},"end":{"line":24,"column":3}},"line":18}},"branchMap":{},"s":{"0":0,"1":0,"2":0,"3":0},"f":{"0":0},"b":{}}
,"C:\\Users\\Usuario\\Documents\\dev\\road-trip\\src\\domain\\entities\\Waypoint.ts": {"path":"C:\\Users\\Usuario\\Documents\\dev\\road-trip\\src\\domain\\entities\\Waypoint.ts","statementMap":{"0":{"start":{"line":25,"column":4},"end":{"line":25,"column":24}},"1":{"start":{"line":26,"column":4},"end":{"line":26,"column":28}},"2":{"start":{"line":27,"column":4},"end":{"line":27,"column":36}},"3":{"start":{"line":28,"column":4},"end":{"line":28,"column":38}},"4":{"start":{"line":29,"column":4},"end":{"line":29,"column":28}},"5":{"start":{"line":30,"column":4},"end":{"line":30,"column":30}},"6":{"start":{"line":32,"column":4},"end":{"line":32,"column":32}},"7":{"start":{"line":37,"column":4},"end":{"line":37,"column":43}}},"fnMap":{"0":{"name":"(anonymous_0)","decl":{"start":{"line":24,"column":2},"end":{"line":24,"column":3}},"loc":{"start":{"line":24,"column":49},"end":{"line":33,"column":3}},"line":24},"1":{"name":"(anonymous_1)","decl":{"start":{"line":36,"column":2},"end":{"line":36,"column":3}},"loc":{"start":{"line":36,"column":31},"end":{"line":38,"column":3}},"line":36}},"branchMap":{},"s":{"0":10,"1":10,"2":10,"3":10,"4":10,"5":10,"6":10,"7":1},"f":{"0":10,"1":1},"b":{},"_coverageSchema":"1a1c01bbd47fc00a2c39e90264f33305004495a9","hash":"b1147367a353455e38f79f212be9b07699f78aef"}
,"C:\\Users\\Usuario\\Documents\\dev\\road-trip\\src\\domain\\geo\\geoMath.ts": {"path":"C:\\Users\\Usuario\\Documents\\dev\\road-trip\\src\\domain\\geo\\geoMath.ts","statementMap":{"0":{"start":{"line":3,"column":24},"end":{"line":3,"column":28}},"1":{"start":{"line":5,"column":14},"end":{"line":5,"column":68}},"2":{"start":{"line":5,"column":43},"end":{"line":5,"column":68}},"3":{"start":{"line":9,"column":15},"end":{"line":9,"column":45}},"4":{"start":{"line":10,"column":15},"end":{"line":10,"column":47}},"5":{"start":{"line":11,"column":15},"end":{"line":11,"column":32}},"6":{"start":{"line":12,"column":15},"end":{"line":12,"column":32}},"7":{"start":{"line":14,"column":4},"end":{"line":15,"column":61}},"8":{"start":{"line":16,"column":2},"end":{"line":16,"column":55}},"9":{"start":{"line":21,"column":14},"end":{"line":21,"column":15}},"10":{"start":{"line":22,"column":2},"end":{"line":24,"column":3}},"11":{"start":{"line":22,"column":15},"end":{"line":22,"column":16}},"12":{"start":{"line":23,"column":4},"end":{"line":23,"column":55}},"13":{"start":{"line":25,"column":2},"end":{"line":25,"column":15}},"14":{"start":{"line":36,"column":2},"end":{"line":36,"column":41}},"15":{"start":{"line":36,"column":29},"end":{"line":36,"column":41}},"16":{"start":{"line":37,"column":2},"end":{"line":37,"column":40}},"17":{"start":{"line":37,"column":21},"end":{"line":37,"column":40}},"18":{"start":{"line":39,"column":20},"end":{"line":39,"column":21}},"19":{"start":{"line":40,"column":2},"end":{"line":54,"column":3}},"20":{"start":{"line":40,"column":15},"end":{"line":40,"column":16}},"21":{"start":{"line":41,"column":20},"end":{"line":41,"column":61}},"22":{"start":{"line":42,"column":4},"end":{"line":52,"column":5}},"23":{"start":{"line":43,"column":20},"end":{"line":43,"column":74}},"24":{"start":{"line":44,"column":6},"end":{"line":51,"column":8}},"25":{"start":{"line":53,"column":4},"end":{"line":53,"column":27}},"26":{"start":{"line":55,"column":2},"end":{"line":55,"column":39}}},"fnMap":{"0":{"name":"(anonymous_0)","decl":{"start":{"line":5,"column":14},"end":{"line":5,"column":15}},"loc":{"start":{"line":5,"column":43},"end":{"line":5,"column":68}},"line":5},"1":{"name":"haversineKm","decl":{"start":{"line":8,"column":16},"end":{"line":8,"column":27}},"loc":{"start":{"line":8,"column":62},"end":{"line":17,"column":1}},"line":8},"2":{"name":"polylineLengthKm","decl":{"start":{"line":20,"column":16},"end":{"line":20,"column":32}},"loc":{"start":{"line":20,"column":63},"end":{"line":26,"column":1}},"line":20},"3":{"name":"pointAtDistanceAlong","decl":{"start":{"line":32,"column":16},"end":{"line":32,"column":36}},"loc":{"start":{"line":35,"column":19},"end":{"line":56,"column":1}},"line":35}},"branchMap":{"0":{"loc":{"start":{"line":36,"column":2},"end":{"line":36,"column":41}},"type":"if","locations":[{"start":{"line":36,"column":2},"end":{"line":36,"column":41}},{"start":{},"end":{}}],"line":36},"1":{"loc":{"start":{"line":37,"column":2},"end":{"line":37,"column":40}},"type":"if","locations":[{"start":{"line":37,"column":2},"end":{"line":37,"column":40}},{"start":{},"end":{}}],"line":37},"2":{"loc":{"start":{"line":42,"column":4},"end":{"line":52,"column":5}},"type":"if","locations":[{"start":{"line":42,"column":4},"end":{"line":52,"column":5}},{"start":{},"end":{}}],"line":42},"3":{"loc":{"start":{"line":43,"column":20},"end":{"line":43,"column":74}},"type":"cond-expr","locations":[{"start":{"line":43,"column":36},"end":{"line":43,"column":37}},{"start":{"line":43,"column":40},"end":{"line":43,"column":74}}],"line":43}},"s":{"0":0,"1":0,"2":0,"3":0,"4":0,"5":0,"6":0,"7":0,"8":0,"9":0,"10":0,"11":0,"12":0,"13":0,"14":0,"15":0,"16":0,"17":0,"18":0,"19":0,"20":0,"21":0,"22":0,"23":0,"24":0,"25":0,"26":0},"f":{"0":0,"1":0,"2":0,"3":0},"b":{"0":[0,0],"1":[0,0],"2":[0,0],"3":[0,0]}}
,"C:\\Users\\Usuario\\Documents\\dev\\road-trip\\src\\domain\\useCases\\UseCase.ts": {"path":"C:\\Users\\Usuario\\Documents\\dev\\road-trip\\src\\domain\\useCases\\UseCase.ts","statementMap":{},"fnMap":{},"branchMap":{},"s":{},"f":{},"b":{}}
,"C:\\Users\\Usuario\\Documents\\dev\\road-trip\\src\\domain\\useCases\\CalculateDirectionsUseCase\\index.ts": {"path":"C:\\Users\\Usuario\\Documents\\dev\\road-trip\\src\\domain\\useCases\\CalculateDirectionsUseCase\\index.ts","statementMap":{"0":{"start":{"line":25,"column":4},"end":{"line":29,"column":5}},"1":{"start":{"line":26,"column":6},"end":{"line":28,"column":8}},"2":{"start":{"line":30,"column":4},"end":{"line":30,"column":74}}},"fnMap":{"0":{"name":"(anonymous_0)","decl":{"start":{"line":19,"column":2},"end":{"line":19,"column":3}},"loc":{"start":{"line":22,"column":4},"end":{"line":22,"column":6}},"line":22},"1":{"name":"(anonymous_1)","decl":{"start":{"line":24,"column":2},"end":{"line":24,"column":3}},"loc":{"start":{"line":24,"column":71},"end":{"line":31,"column":3}},"line":24}},"branchMap":{"0":{"loc":{"start":{"line":25,"column":4},"end":{"line":29,"column":5}},"type":"if","locations":[{"start":{"line":25,"column":4},"end":{"line":29,"column":5}},{"start":{},"end":{}}],"line":25}},"s":{"0":0,"1":0,"2":0},"f":{"0":0,"1":0},"b":{"0":[0,0]}}
,"C:\\Users\\Usuario\\Documents\\dev\\road-trip\\src\\domain\\useCases\\CreateMotorcycleUseCase\\index.ts": {"path":"C:\\Users\\Usuario\\Documents\\dev\\road-trip\\src\\domain\\useCases\\CreateMotorcycleUseCase\\index.ts","statementMap":{"0":{"start":{"line":18,"column":4},"end":{"line":20,"column":5}},"1":{"start":{"line":19,"column":6},"end":{"line":19,"column":72}},"2":{"start":{"line":21,"column":4},"end":{"line":23,"column":5}},"3":{"start":{"line":22,"column":6},"end":{"line":22,"column":70}},"4":{"start":{"line":24,"column":4},"end":{"line":24,"column":46}}},"fnMap":{"0":{"name":"(anonymous_0)","decl":{"start":{"line":12,"column":2},"end":{"line":12,"column":3}},"loc":{"start":{"line":15,"column":4},"end":{"line":15,"column":6}},"line":15},"1":{"name":"(anonymous_1)","decl":{"start":{"line":17,"column":2},"end":{"line":17,"column":3}},"loc":{"start":{"line":17,"column":57},"end":{"line":25,"column":3}},"line":17}},"branchMap":{"0":{"loc":{"start":{"line":18,"column":4},"end":{"line":20,"column":5}},"type":"if","locations":[{"start":{"line":18,"column":4},"end":{"line":20,"column":5}},{"start":{},"end":{}}],"line":18},"1":{"loc":{"start":{"line":21,"column":4},"end":{"line":23,"column":5}},"type":"if","locations":[{"start":{"line":21,"column":4},"end":{"line":23,"column":5}},{"start":{},"end":{}}],"line":21}},"s":{"0":0,"1":0,"2":0,"3":0,"4":0},"f":{"0":0,"1":0},"b":{"0":[0,0],"1":[0,0]}}
,"C:\\Users\\Usuario\\Documents\\dev\\road-trip\\src\\domain\\useCases\\CreateRouteUseCase\\index.ts": {"path":"C:\\Users\\Usuario\\Documents\\dev\\road-trip\\src\\domain\\useCases\\CreateRouteUseCase\\index.ts","statementMap":{"0":{"start":{"line":16,"column":4},"end":{"line":18,"column":5}},"1":{"start":{"line":17,"column":6},"end":{"line":17,"column":53}},"2":{"start":{"line":19,"column":4},"end":{"line":21,"column":5}},"3":{"start":{"line":20,"column":6},"end":{"line":20,"column":76}},"4":{"start":{"line":22,"column":4},"end":{"line":22,"column":41}}},"fnMap":{"0":{"name":"(anonymous_0)","decl":{"start":{"line":10,"column":2},"end":{"line":10,"column":3}},"loc":{"start":{"line":13,"column":4},"end":{"line":13,"column":6}},"line":13},"1":{"name":"(anonymous_1)","decl":{"start":{"line":15,"column":2},"end":{"line":15,"column":3}},"loc":{"start":{"line":15,"column":42},"end":{"line":23,"column":3}},"line":15}},"branchMap":{"0":{"loc":{"start":{"line":16,"column":4},"end":{"line":18,"column":5}},"type":"if","locations":[{"start":{"line":16,"column":4},"end":{"line":18,"column":5}},{"start":{},"end":{}}],"line":16},"1":{"loc":{"start":{"line":19,"column":4},"end":{"line":21,"column":5}},"type":"if","locations":[{"start":{"line":19,"column":4},"end":{"line":21,"column":5}},{"start":{},"end":{}}],"line":19}},"s":{"0":0,"1":0,"2":0,"3":0,"4":0},"f":{"0":0,"1":0},"b":{"0":[0,0],"1":[0,0]}}
,"C:\\Users\\Usuario\\Documents\\dev\\road-trip\\src\\domain\\useCases\\DeleteMotorcycleUseCase\\index.ts": {"path":"C:\\Users\\Usuario\\Documents\\dev\\road-trip\\src\\domain\\useCases\\DeleteMotorcycleUseCase\\index.ts","statementMap":{"0":{"start":{"line":15,"column":4},"end":{"line":15,"column":38}}},"fnMap":{"0":{"name":"(anonymous_0)","decl":{"start":{"line":9,"column":2},"end":{"line":9,"column":3}},"loc":{"start":{"line":12,"column":4},"end":{"line":12,"column":6}},"line":12},"1":{"name":"(anonymous_1)","decl":{"start":{"line":14,"column":2},"end":{"line":14,"column":3}},"loc":{"start":{"line":14,"column":39},"end":{"line":16,"column":3}},"line":14}},"branchMap":{},"s":{"0":0},"f":{"0":0,"1":0},"b":{}}
,"C:\\Users\\Usuario\\Documents\\dev\\road-trip\\src\\domain\\useCases\\DeleteRouteUseCase\\index.ts": {"path":"C:\\Users\\Usuario\\Documents\\dev\\road-trip\\src\\domain\\useCases\\DeleteRouteUseCase\\index.ts","statementMap":{"0":{"start":{"line":15,"column":4},"end":{"line":15,"column":38}}},"fnMap":{"0":{"name":"(anonymous_0)","decl":{"start":{"line":9,"column":2},"end":{"line":9,"column":3}},"loc":{"start":{"line":12,"column":4},"end":{"line":12,"column":6}},"line":12},"1":{"name":"(anonymous_1)","decl":{"start":{"line":14,"column":2},"end":{"line":14,"column":3}},"loc":{"start":{"line":14,"column":39},"end":{"line":16,"column":3}},"line":14}},"branchMap":{},"s":{"0":0},"f":{"0":0,"1":0},"b":{}}
[...]
{"line":285,"column":16},"end":{"line":285,"column":17}},"loc":{"start":{"line":285,"column":22},"end":{"line":300,"column":5}},"line":285},"35":{"name":"(anonymous_35)","decl":{"start":{"line":303,"column":2},"end":{"line":303,"column":3}},"loc":{"start":{"line":303,"column":52},"end":{"line":309,"column":3}},"line":303}},"branchMap":{"0":{"loc":{"start":{"line":65,"column":11},"end":{"line":65,"column":59}},"type":"cond-expr","locations":[{"start":{"line":65,"column":29},"end":{"line":65,"column":42}},{"start":{"line":65,"column":45},"end":{"line":65,"column":59}}],"line":65},"1":{"loc":{"start":{"line":74,"column":6},"end":{"line":76,"column":30}},"type":"binary-expr","locations":[{"start":{"line":74,"column":6},"end":{"line":74,"column":33}},{"start":{"line":75,"column":6},"end":{"line":75,"column":32}},{"start":{"line":76,"column":6},"end":{"line":76,"column":30}}],"line":74},"2":{"loc":{"start":{"line":81,"column":11},"end":{"line":81,"column":71}},"type":"cond-expr","locations":[{"start":{"line":81,"column":29},"end":{"line":81,"column":67}},{"start":{"line":81,"column":70},"end":{"line":81,"column":71}}],"line":81},"3":{"loc":{"start":{"line":85,"column":11},"end":{"line":85,"column":72}},"type":"cond-expr","locations":[{"start":{"line":85,"column":29},"end":{"line":85,"column":68}},{"start":{"line":85,"column":71},"end":{"line":85,"column":72}}],"line":85},"4":{"loc":{"start":{"line":89,"column":11},"end":{"line":89,"column":42}},"type":"binary-expr","locations":[{"start":{"line":89,"column":11},"end":{"line":89,"column":36}},{"start":{"line":89,"column":40},"end":{"line":89,"column":42}}],"line":89},"5":{"loc":{"start":{"line":114,"column":14},"end":{"line":114,"column":58}},"type":"binary-expr","locations":[{"start":{"line":114,"column":14},"end":{"line":114,"column":18}},{"start":{"line":114,"column":22},"end":{"line":114,"column":58}}],"line":114},"6":{"loc":{"start":{"line":150,"column":6},"end":{"line":152,"column":7}},"type":"if","locations":[{"start":{"line":150,"column":6},"end":{"line":152,"column":7}},{"start":{},"end":{}}],"line":150},"7":{"loc":{"start":{"line":157,"column":6},"end":{"line":162,"column":7}},"type":"if","locations":[{"start":{"line":157,"column":6},"end":{"line":162,"column":7}},{"start":{},"end":{}}],"line":157},"8":{"loc":{"start":{"line":159,"column":8},"end":{"line":161,"column":9}},"type":"if","locations":[{"start":{"line":159,"column":8},"end":{"line":161,"column":9}},{"start":{},"end":{}}],"line":159},"9":{"loc":{"start":{"line":188,"column":6},"end":{"line":190,"column":7}},"type":"if","locations":[{"start":{"line":188,"column":6},"end":{"line":190,"column":7}},{"start":{},"end":{}}],"line":188},"10":{"loc":{"start":{"line":191,"column":6},"end":{"line":193,"column":7}},"type":"if","locations":[{"start":{"line":191,"column":6},"end":{"line":193,"column":7}},{"start":{},"end":{}}],"line":191},"11":{"loc":{"start":{"line":195,"column":12},"end":{"line":195,"column":32}},"type":"binary-expr","locations":[{"start":{"line":195,"column":12},"end":{"line":195,"column":26}},{"start":{"line":195,"column":30},"end":{"line":195,"column":32}}],"line":195},"12":{"loc":{"start":{"line":205,"column":6},"end":{"line":209,"column":7}},"type":"if","locations":[{"start":{"line":205,"column":6},"end":{"line":209,"column":7}},{"start":{"line":207,"column":13},"end":{"line":209,"column":7}}],"line":205},"13":{"loc":{"start":{"line":249,"column":6},"end":{"line":252,"column":7}},"type":"if","locations":[{"start":{"line":249,"column":6},"end":{"line":252,"column":7}},{"start":{"line":250,"column":11},"end":{"line":252,"column":7}}],"line":249},"14":{"loc":{"start":{"line":250,"column":11},"end":{"line":252,"column":7}},"type":"if","locations":[{"start":{"line":250,"column":11},"end":{"line":252,"column":7}},{"start":{},"end":{}}],"line":250},"15":{"loc":{"start":{"line":250,"column":15},"end":{"line":250,"column":59}},"type":"binary-expr","locations":[{"start":{"line":250,"column":15},"end":{"line":250,"column":40}},{"start":{"line":250,"column":44},"end":{"line":250,"column":59}}],"line":250},"16":{"loc":{"start":{"line":286,"column":6},"end":{"line":299,"column":7}},"type":"switch","locations":[{"start":{"line":287,"column":8},"end":{"line":290,"column":16}},{"start":{"line":291,"column":8},"end":{"line":294,"column":16}},{"start":{"line":295,"column":8},"end":{"line":298,"column":16}}],"line":286},"17":{"loc":{"start":{"line":305,"column":6},"end":{"line":305,"column":60}},"type":"cond-expr","locations":[{"start":{"line":305,"column":31},"end":{"line":305,"column":44}},{"start":{"line":305,"column":47},"end":{"line":305,"column":60}}],"line":305}},"s":{"0":0,"1":0,"2":0,"3":0,"4":0,"5":0,"6":0,"7":0,"8":0,"9":0,"10":0,"11":0,"12":0,"13":0,"14":0,"15":0,"16":0,"17":0,"18":0,"19":0,"20":0,"21":0,"22":0,"23":0,"24":0,"25":0,"26":0,"27":0,"28":0,"29":0,"30":0,"31":0,"32":0,"33":0,"34":0,"35":0,"36":0,"37":0,"38":0,"39":0,"40":0,"41":0,"42":0,"43":0,"44":0,"45":0,"46":0,"47":0,"48":0,"49":0,"50":0,"51":0,"52":0,"53":0,"54":0,"55":0,"56":0,"57":0,"58":0,"59":0,"60":0,"61":0,"62":0,"63":0,"64":0,"65":0,"66":0,"67":0,"68":0,"69":0,"70":0,"71":0,"72":0,"73":0,"74":0,"75":0,"76":0,"77":0,"78":0,"79":0,"80":0,"81":0,"82":0,"83":0,"84":0,"85":0,"86":0,"87":0,"88":0,"89":0,"90":0,"91":0,"92":0,"93":0,"94":0,"95":0,"96":0,"97":0,"98":0,"99":0,"100":0,"101":0,"102":0,"103":0,"104":0,"105":0,"106":0,"107":0,"108":0,"109":0,"110":0,"111":0,"112":0,"113":0,"114":0,"115":0,"116":0,"117":0,"118":0,"119":0},"f":{"0":0,"1":0,"2":0,"3":0,"4":0,"5":0,"6":0,"7":0,"8":0,"9":0,"10":0,"11":0,"12":0,"13":0,"14":0,"15":0,"16":0,"17":0,"18":0,"19":0,"20":0,"21":0,"22":0,"23":0,"24":0,"25":0,"26":0,"27":0,"28":0,"29":0,"30":0,"31":0,"32":0,"33":0,"34":0,"35":0},"b":{"0":[0,0],"1":[0,0,0],"2":[0,0],"3":[0,0],"4":[0,0],"5":[0,0],"6":[0,0],"7":[0,0],"8":[0,0],"9":[0,0],"10":[0,0],"11":[0,0],"12":[0,0],"13":[0,0],"14":[0,0],"15":[0,0],"16":[0,0,0],"17":[0,0]}}
,"C:\\Users\\Usuario\\Documents\\dev\\road-trip\\src\\ui\\screens\\Routes\\RoutesViewModel.ts": {"path":"C:\\Users\\Usuario\\Documents\\dev\\road-trip\\src\\ui\\screens\\Routes\\RoutesViewModel.ts","statementMap":{"0":{"start":{"line":15,"column":29},"end":{"line":15,"column":34}},"1":{"start":{"line":16,"column":33},"end":{"line":16,"column":37}},"2":{"start":{"line":17,"column":37},"end":{"line":17,"column":41}},"3":{"start":{"line":19,"column":29},"end":{"line":19,"column":34}},"4":{"start":{"line":20,"column":33},"end":{"line":20,"column":37}},"5":{"start":{"line":22,"column":19},"end":{"line":22,"column":48}},"6":{"start":{"line":32,"column":4},"end":{"line":32,"column":29}},"7":{"start":{"line":36,"column":4},"end":{"line":36,"column":67}},"8":{"start":{"line":40,"column":4},"end":{"line":40,"column":71}},"9":{"start":{"line":44,"column":4},"end":{"line":44,"column":50}},"10":{"start":{"line":45,"column":4},"end":{"line":59,"column":5}},"11":{"start":{"line":46,"column":20},"end":{"line":46,"column":59}},"12":{"start":{"line":47,"column":6},"end":{"line":49,"column":7}},"13":{"start":{"line":48,"column":8},"end":{"line":48,"column":56}},"14":{"start":{"line":50,"column":21},"end":{"line":50,"column":65}},"15":{"start":{"line":51,"column":6},"end":{"line":55,"column":9}},"16":{"start":{"line":52,"column":8},"end":{"line":54,"column":10}},"17":{"start":{"line":53,"column":20},"end":{"line":53,"column":65}},"18":{"start":{"line":56,"column":6},"end":{"line":56,"column":53}},"19":{"start":{"line":58,"column":6},"end":{"line":58,"column":40}},"20":{"start":{"line":63,"column":4},"end":{"line":63,"column":50}},"21":{"start":{"line":64,"column":4},"end":{"line":75,"column":5}},"22":{"start":{"line":65,"column":6},"end":{"line":65,"column":44}},"23":{"start":{"line":66,"column":6},"end":{"line":69,"column":9}},"24":{"start":{"line":67,"column":8},"end":{"line":68,"column":68}},"25":{"start":{"line":68,"column":47},"end":{"line":68,"column":58}},"26":{"start":{"line":70,"column":6},"end":{"line":70,"column":53}},"27":{"start":{"line":71,"column":6},"end":{"line":71,"column":18}},"28":{"start":{"line":73,"column":6},"end":{"line":73,"column":40}},"29":{"start":{"line":74,"column":6},"end":{"line":74,"column":19}},"30":{"start":{"line":79,"column":4},"end":{"line":85,"column":7}},"31":{"start":{"line":80,"column":6},"end":{"line":80,"column":35}},"32":{"start":{"line":81,"column":6},"end":{"line":81,"column":35}},"33":{"start":{"line":82,"column":6},"end":{"line":82,"column":32}},"34":{"start":{"line":83,"column":6},"end":{"line":83,"column":35}},"35":{"start":{"line":84,"column":6},"end":{"line":84,"column":32}},"36":{"start":{"line":93,"column":4},"end":{"line":104,"column":7}},"37":{"start":{"line":94,"column":6},"end":{"line":103,"column":7}},"38":{"start":{"line":96,"column":10},"end":{"line":96,"column":43}},"39":{"start":{"line":97,"column":10},"end":{"line":97,"column":37}},"40":{"start":{"line":98,"column":10},"end":{"line":98,"column":16}},"41":{"start":{"line":100,"column":10},"end":{"line":100,"column":43}},"42":{"start":{"line":101,"column":10},"end":{"line":101,"column":37}},"43":{"start":{"line":102,"column":10},"end":{"line":102,"column":16}},"44":{"start":{"line":108,"column":25},"end":{"line":110,"column":6}},"45":{"start":{"line":111,"column":4},"end":{"line":111,"column":36}},"46":{"start":{"line":112,"column":4},"end":{"line":112,"column":55}}},"fnMap":{"0":{"name":"(anonymous_0)","decl":{"start":{"line":24,"column":2},"end":{"line":24,"column":3}},"loc":{"start":{"line":31,"column":4},"end":{"line":33,"column":3}},"line":31},"1":{"name":"(anonymous_1)","decl":{"start":{"line":35,"column":2},"end":{"line":35,"column":3}},"loc":{"start":{"line":35,"column":26},"end":{"line":37,"column":3}},"line":35},"2":{"name":"(anonymous_2)","decl":{"start":{"line":39,"column":2},"end":{"line":39,"column":3}},"loc":{"start":{"line":39,"column":25},"end":{"line":41,"column":3}},"line":39},"3":{"name":"(anonymous_3)","decl":{"start":{"line":43,"column":2},"end":{"line":43,"column":3}},"loc":{"start":{"line":43,"column":36},"end":{"line":60,"column":3}},"line":43},"4":{"name":"(anonymous_4)","decl":{"start":{"line":51,"column":18},"end":{"line":51,"column":19}},"loc":{"start":{"line":51,"column":24},"end":{"line":55,"column":7}},"line":51},"5":{"name":"(anonymous_5)","decl":{"start":{"line":53,"column":10},"end":{"line":53,"column":11}},"loc":{"start":{"line":53,"column":20},"end":{"line":53,"column":65}},"line":53},"6":{"name":"(anonymous_6)","decl":{"start":{"line":62,"column":2},"end":{"line":62,"column":3}},"loc":{"start":{"line":62,"column":45},"end":{"line":76,"column":3}},"line":62},"7":{"name":"(anonymous_7)","decl":{"start":{"line":66,"column":18},"end":{"line":66,"column":19}},"loc":{"start":{"line":66,"column":24},"end":{"line":69,"column":7}},"line":66},"8":{"name":"(anonymous_8)","decl":{"start":{"line":68,"column":40},"end":{"line":68,"column":41}},"loc":{"start":{"line":68,"column":47},"end":{"line":68,"column":58}},"line":68},"9":{"name":"(anonymous_9)","decl":{"start":{"line":78,"column":2},"end":{"line":78,"column":3}},"loc":{"start":{"line":78,"column":16},"end":{"line":86,"column":3}},"line":78},"10":{"name":"(anonymous_10)","decl":{"start":{"line":79,"column":16},"end":{"line":79,"column":17}},"loc":{"start":{"line":79,"column":22},"end":{"line":85,"column":5}},"line":79},"11":{"name":"(anonymous_11)","decl":{"start":{"line":88,"column":2},"end":{"line":88,"column":3}},"loc":{"start":{"line":92,"column":4},"end":{"line":105,"column":3}},"line":92},"12":{"name":"(anonymous_12)","decl":{"start":{"line":93,"column":16},"end":{"line":93,"column":17}},"loc":{"start":{"line":93,"column":22},"end":{"line":104,"column":5}},"line":93},"13":{"name":"(anonymous_13)","decl":{"start":{"line":107,"column":2},"end":{"line":107,"column":3}},"loc":{"start":{"line":107,"column":52},"end":{"line":113,"column":3}},"line":107}},"branchMap":{"0":{"loc":{"start":{"line":36,"column":11},"end":{"line":36,"column":66}},"type":"binary-expr","locations":[{"start":{"line":36,"column":11},"end":{"line":36,"column":32}},{"start":{"line":36,"column":36},"end":{"line":36,"column":66}}],"line":36},"1":{"loc":{"start":{"line":40,"column":11},"end":{"line":40,"column":70}},"type":"binary-expr","locations":[{"start":{"line":40,"column":11},"end":{"line":40,"column":24}},{"start":{"line":40,"column":28},"end":{"line":40,"column":70}}],"line":40},"2":{"loc":{"start":{"line":40,"column":29},"end":{"line":40,"column":63}},"type":"binary-expr","locations":[{"start":{"line":40,"column":29},"end":{"line":40,"column":58}},{"start":{"line":40,"column":62},"end":{"line":40,"column":63}}],"line":40},"3":{"loc":{"start":{"line":47,"column":6},"end":{"line":49,"column":7}},"type":"if","locations":[{"start":{"line":47,"column":6},"end":{"line":49,"column":7}},{"start":{},"end":{}}],"line":47},"4":{"loc":{"start":{"line":68,"column":10},"end":{"line":68,"column":67}},"type":"binary-expr","locations":[{"start":{"line":68,"column":10},"end":{"line":68,"column":59}},{"start":{"line":68,"column":63},"end":{"line":68,"column":67}}],"line":68},"5":{"loc":{"start":{"line":94,"column":6},"end":{"line":103,"column":7}},"type":"switch","locations":[{"start":{"line":95,"column":8},"end":{"line":98,"column":16}},{"start":{"line":99,"column":8},"end":{"line":102,"column":16}}],"line":94},"6":{"loc":{"start":{"line":109,"column":6},"end":{"line":109,"column":60}},"type":"cond-expr","locations":[{"start":{"line":109,"column":31},"end":{"line":109,"column":44}},{"start":{"line":109,"column":47},"end":{"line":109,"column":60}}],"line":109}},"s":{"0":0,"1":0,"2":0,"3":0,"4":0,"5":0,"6":0,"7":0,"8":0,"9":0,"10":0,"11":0,"12":0,"13":0,"14":0,"15":0,"16":0,"17":0,"18":0,"19":0,"20":0,"21":0,"22":0,"23":0,"24":0,"25":0,"26":0,"27":0,"28":0,"29":0,"30":0,"31":0,"32":0,"33":0,"34":0,"35":0,"36":0,"37":0,"38":0,"39":0,"40":0,"41":0,"42":0,"43":0,"44":0,"45":0,"46":0},"f":{"0":0,"1":0,"2":0,"3":0,"4":0,"5":0,"6":0,"7":0,"8":0,"9":0,"10":0,"11":0,"12":0,"13":0},"b":{"0":[0,0],"1":[0,0],"2":[0,0],"3":[0,0],"4":[0,0],"5":[0,0],"6":[0,0]}}
,"C:\\Users\\Usuario\\Documents\\dev\\road-trip\\src\\ui\\viewModels\\SessionViewModel.ts": {"path":"C:\\Users\\Usuario\\Documents\\dev\\road-trip\\src\\ui\\viewModels\\SessionViewModel.ts","statementMap":{"0":{"start":{"line":18,"column":31},"end":{"line":18,"column":35}},"1":{"start":{"line":19,"column":30},"end":{"line":19,"column":34}},"2":{"start":{"line":20,"column":34},"end":{"line":20,"column":38}},"3":{"start":{"line":22,"column":30},"end":{"line":22,"column":35}},"4":{"start":{"line":23,"column":34},"end":{"line":23,"column":38}},"5":{"start":{"line":25,"column":45},"end":{"line":25,"column":49}},"6":{"start":{"line":26,"column":19},"end":{"line":26,"column":49}},"7":{"start":{"line":34,"column":4},"end":{"line":34,"column":29}},"8":{"start":{"line":38,"column":4},"end":{"line":38,"column":38}},"9":{"start":{"line":42,"column":4},"end":{"line":42,"column":34}},"10":{"start":{"line":46,"column":4},"end":{"line":46,"column":33}},"11":{"start":{"line":46,"column":26},"end":{"line":46,"column":33}},"12":{"start":{"line":47,"column":4},"end":{"line":47,"column":51}},"13":{"start":{"line":48,"column":4},"end":{"line":57,"column":5}},"14":{"start":{"line":49,"column":6},"end":{"line":54,"column":9}},"15":{"start":{"line":50,"column":8},"end":{"line":53,"column":11}},"16":{"start":{"line":51,"column":10},"end":{"line":51,"column":36}},"17":{"start":{"line":52,"column":10},"end":{"line":52,"column":40}},"18":{"start":{"line":56,"column":6},"end":{"line":56,"column":41}},"19":{"start":{"line":61,"column":4},"end":{"line":61,"column":51}},"20":{"start":{"line":62,"column":4},"end":{"line":69,"column":5}},"21":{"start":{"line":63,"column":6},"end":{"line":63,"column":38}},"22":{"start":{"line":64,"column":6},"end":{"line":64,"column":54}},"23":{"start":{"line":65,"column":6},"end":{"line":65,"column":18}},"24":{"start":{"line":67,"column":6},"end":{"line":67,"column":41}},"25":{"start":{"line":68,"column":6},"end":{"line":68,"column":19}},"26":{"start":{"line":73,"column":4},"end":{"line":73,"column":25}},"27":{"start":{"line":74,"column":4},"end":{"line":74,"column":28}},"28":{"start":{"line":82,"column":4},"end":{"line":93,"column":7}},"29":{"start":{"line":83,"column":6},"end":{"line":92,"column":7}},"30":{"start":{"line":85,"column":10},"end":{"line":85,"column":44}},"31":{"start":{"line":86,"column":10},"end":{"line":86,"column":38}},"32":{"start":{"line":87,"column":10},"end":{"line":87,"column":16}},"33":{"start":{"line":89,"column":10},"end":{"line":89,"column":44}},"34":{"start":{"line":90,"column":10},"end":{"line":90,"column":38}},"35":{"start":{"line":91,"column":10},"end":{"line":91,"column":16}},"36":{"start":{"line":97,"column":25},"end":{"line":99,"column":6}},"37":{"start":{"line":100,"column":4},"end":{"line":100,"column":36}},"38":{"start":{"line":101,"column":4},"end":{"line":101,"column":55}}},"fnMap":{"0":{"name":"(anonymous_0)","decl":{"start":{"line":28,"column":2},"end":{"line":28,"column":3}},"loc":{"start":{"line":33,"column":4},"end":{"line":35,"column":3}},"line":33},"1":{"name":"(anonymous_1)","decl":{"start":{"line":37,"column":2},"end":{"line":37,"column":3}},"loc":{"start":{"line":37,"column":33},"end":{"line":39,"column":3}},"line":37},"2":{"name":"(anonymous_2)","decl":{"start":{"line":41,"column":2},"end":{"line":41,"column":3}},"loc":{"start":{"line":41,"column":32},"end":{"line":43,"column":3}},"line":41},"3":{"name":"(anonymous_3)","decl":{"start":{"line":45,"column":2},"end":{"line":45,"column":3}},"loc":{"start":{"line":45,"column":36},"end":{"line":58,"column":3}},"line":45},"4":{"name":"(anonymous_4)","decl":{"start":{"line":49,"column":64},"end":{"line":49,"column":65}},"loc":{"start":{"line":49,"column":75},"end":{"line":54,"column":7}},"line":49},"5":{"name":"(anonymous_5)","decl":{"start":{"line":50,"column":20},"end":{"line":50,"column":21}},"loc":{"start":{"line":50,"column":26},"end":{"line":53,"column":9}},"line":50},"6":{"name":"(anonymous_6)","decl":{"start":{"line":60,"column":2},"end":{"line":60,"column":3}},"loc":{"start":{"line":60,"column":36},"end":{"line":70,"column":3}},"line":60},"7":{"name":"(anonymous_7)","decl":{"start":{"line":72,"column":2},"end":{"line":72,"column":3}},"loc":{"start":{"line":72,"column":18},"end":{"line":75,"column":3}},"line":72},"8":{"name":"(anonymous_8)","decl":{"start":{"line":77,"column":2},"end":{"line":77,"column":3}},"loc":{"start":{"line":81,"column":4},"end":{"line":94,"column":3}},"line":81},"9":{"name":"(anonymous_9)","decl":{"start":{"line":82,"column":16},"end":{"line":82,"column":17}},"loc":{"start":{"line":82,"column":22},"end":{"line":93,"column":5}},"line":82},"10":{"name":"(anonymous_10)","decl":{"start":{"line":96,"column":2},"end":{"line":96,"column":3}},"loc":{"start":{"line":96,"column":52},"end":{"line":102,"column":3}},"line":96}},"branchMap":{"0":{"loc":{"start":{"line":46,"column":4},"end":{"line":46,"column":33}},"type":"if","locations":[{"start":{"line":46,"column":4},"end":{"line":46,"column":33}},{"start":{},"end":{}}],"line":46},"1":{"loc":{"start":{"line":83,"column":6},"end":{"line":92,"column":7}},"type":"switch","locations":[{"start":{"line":84,"column":8},"end":{"line":87,"column":16}},{"start":{"line":88,"column":8},"end":{"line":91,"column":16}}],"line":83},"2":{"loc":{"start":{"line":98,"column":6},"end":{"line":98,"column":60}},"type":"cond-expr","locations":[{"start":{"line":98,"column":31},"end":{"line":98,"column":44}},{"start":{"line":98,"column":47},"end":{"line":98,"column":60}}],"line":98}},"s":{"0":0,"1":0,"2":0,"3":0,"4":0,"5":0,"6":0,"7":0,"8":0,"9":0,"10":0,"11":0,"12":0,"13":0,"14":0,"15":0,"16":0,"17":0,"18":0,"19":0,"20":0,"21":0,"22":0,"23":0,"24":0,"25":0,"26":0,"27":0,"28":0,"29":0,"30":0,"31":0,"32":0,"33":0,"34":0,"35":0,"36":0,"37":0,"38":0},"f":{"0":0,"1":0,"2":0,"3":0,"4":0,"5":0,"6":0,"7":0,"8":0,"9":0,"10":0},"b":{"0":[0,0],"1":[0,0],"2":[0,0]}}
}
