TN:
SF:src\data\models\fuelStationModel.ts
FN:19,(anonymous_0)
FN:28,(anonymous_1)
FN:57,toDomain
FNF:3
FNH:0
FNDA:0,(anonymous_0)
FNDA:0,(anonymous_1)
FNDA:0,toDomain
DA:20,0
DA:21,0
DA:22,0
DA:23,0
DA:24,0
DA:29,0
DA:31,0
DA:35,0
DA:37,0
DA:41,0
DA:57,0
DA:60,0
LF:12
LH:0
BRDA:29,0,0,0
BRDA:29,0,1,0
BRDA:31,1,0,0
BRDA:31,1,1,0
BRDA:32,2,0,0
BRDA:32,2,1,0
BRDA:35,3,0,0
BRDA:35,3,1,0
BRDA:35,4,0,0
BRDA:35,4,1,0
BRDA:37,5,0,0
BRDA:37,5,1,0
BRDA:39,6,0,0
BRDA:39,6,1,0
BRDA:42,7,0,0
BRDA:42,7,1,0
BRDA:42,7,2,0
BRDA:43,8,0,0
BRDA:43,8,1,0
BRDA:44,9,0,0
BRDA:44,9,1,0
BRDA:69,10,0,0
BRDA:69,10,1,0
BRF:23
BRH:0
end_of_record
TN:
SF:src\data\models\motorcycleModel.ts
FN:17,toDate
FN:28,toFuelType
FN:45,(anonymous_2)
FN:59,(anonymous_3)
FN:77,(anonymous_4)
FN:100,toDomain
FNF:6
FNH:0
FNDA:0,toDate
FNDA:0,toFuelType
FNDA:0,(anonymous_2)
FNDA:0,(anonymous_3)
FNDA:0,(anonymous_4)
FNDA:0,toDomain
DA:18,0
DA:19,0
DA:20,0
DA:22,0
DA:23,0
DA:25,0
DA:29,0
DA:46,0
DA:47,0
DA:48,0
DA:49,0
DA:50,0
DA:51,0
DA:52,0
DA:53,0
DA:54,0
DA:55,0
DA:56,0
DA:60,0
DA:78,0
DA:100,0
DA:101,0
LF:22
LH:0
BRDA:18,0,0,0
BRDA:18,0,1,0
BRDA:19,1,0,0
BRDA:19,1,1,0
BRDA:19,2,0,0
BRDA:19,2,1,0
BRDA:22,3,0,0
BRDA:22,3,1,0
BRDA:22,4,0,0
BRDA:22,4,1,0
BRDA:29,5,0,0
BRDA:29,5,1,0
BRDA:61,6,0,0
BRDA:61,6,1,0
BRDA:62,7,0,0
BRDA:62,7,1,0
BRDA:63,8,0,0
BRDA:63,8,1,0
BRDA:64,9,0,0
BRDA:64,9,1,0
BRDA:65,10,0,0
BRDA:65,10,1,0
BRDA:66,11,0,0
BRDA:66,11,1,0
BRDA:67,12,0,0
BRDA:67,12,1,0
BRDA:68,13,0,0
BRDA:68,13,1,0
BRDA:70,14,0,0
BRDA:70,14,1,0
BRDA:72,15,0,0
BRDA:72,15,1,0
BRDA:73,16,0,0
BRDA:73,16,1,0
BRF:34
BRH:0
end_of_record
TN:
SF:src\data\models\motorcycleSpecsModel.ts
FN:16,toFuelType
FN:22,toConfidence
FN:38,(anonymous_2)
FN:50,(anonymous_3)
FN:66,(anonymous_4)
FN:87,toDomain
FNF:6
FNH:0
FNDA:0,toFuelType
FNDA:0,toConfidence
FNDA:0,(anonymous_2)
FNDA:0,(anonymous_3)
FNDA:0,(anonymous_4)
FNDA:0,toDomain
DA:17,0
DA:18,0
DA:19,0
DA:23,0
DA:24,0
DA:39,0
DA:40,0
DA:41,0
DA:42,0
DA:43,0
DA:44,0
DA:45,0
DA:46,0
DA:47,0
DA:51,0
DA:67,0
DA:87,0
DA:88,0
LF:18
LH:0
BRDA:17,0,0,0
BRDA:17,0,1,0
BRDA:18,1,0,0
BRDA:18,1,1,0
BRDA:23,2,0,0
BRDA:23,2,1,0
BRDA:23,3,0,0
BRDA:23,3,1,0
BRDA:52,4,0,0
BRDA:52,4,1,0
BRDA:53,5,0,0
BRDA:53,5,1,0
BRDA:54,6,0,0
BRDA:54,6,1,0
BRDA:55,7,0,0
BRDA:55,7,1,0
BRDA:57,8,0,0
BRDA:57,8,1,0
BRDA:59,9,0,0
BRDA:59,9,1,0
BRDA:60,10,0,0
BRDA:60,10,1,0
BRDA:61,11,0,0
BRDA:61,11,1,0
BRDA:62,12,0,0
BRDA:62,12,1,0
BRF:26
BRH:0
end_of_record
TN:
SF:src\data\models\riderModel.ts
FN:11,toDate
FN:33,(anonymous_1)
FN:41,(anonymous_2)
FN:51,(anonymous_3)
FN:68,toDomain
FNF:5
FNH:0
FNDA:0,toDate
FNDA:0,(anonymous_1)
FNDA:0,(anonymous_2)
FNDA:0,(anonymous_3)
FNDA:0,toDomain
DA:12,0
DA:13,0
DA:14,0
DA:17,0
DA:21,0
DA:23,0
DA:34,0
DA:35,0
DA:36,0
DA:37,0
DA:38,0
DA:42,0
DA:52,0
DA:68,0
DA:69,0
LF:15
LH:0
BRDA:12,0,0,0
BRDA:12,0,1,0
BRDA:13,1,0,0
BRDA:13,1,1,0
BRDA:13,2,0,0
BRDA:13,2,1,0
BRDA:17,3,0,0
BRDA:17,3,1,0
BRDA:18,4,0,0
BRDA:18,4,1,0
BRDA:43,5,0,0
BRDA:43,5,1,0
BRDA:43,5,2,0
BRDA:44,6,0,0
BRDA:44,6,1,0
BRDA:45,7,0,0
BRDA:45,7,1,0
BRDA:45,7,2,0
BRDA:46,8,0,0
BRDA:46,8,1,0
BRDA:46,8,2,0
BRDA:47,9,0,0
BRDA:47,9,1,0
BRF:23
BRH:0
end_of_record
TN:
SF:src\data\models\routeDirectionsModel.ts
FN:15,(anonymous_0)
FN:25,(anonymous_1)
FN:46,toDomain
FN:48,(anonymous_3)
FNF:4
FNH:0
FNDA:0,(anonymous_0)
FNDA:0,(anonymous_1)
FNDA:0,toDomain
FNDA:0,(anonymous_3)
DA:16,0
DA:17,0
DA:18,0
DA:26,0
DA:27,0
DA:32,0
DA:46,0
DA:48,0
DA:52,0
LF:9
LH:0
BRDA:27,0,0,0
BRDA:27,0,1,0
BRDA:33,1,0,0
BRDA:33,1,1,0
BRDA:34,2,0,0
BRDA:34,2,1,0
BRF:6
BRH:0
end_of_record
TN:
SF:src\data\models\routeModel.ts
FN:27,toDate
FN:38,toRideType
FN:50,toWaypointKind
FN:66,(anonymous_3)
FN:78,(anonymous_4)
FN:85,(anonymous_5)
FN:95,(anonymous_6)
FN:106,(anonymous_7)
FN:127,toDomain
FN:130,(anonymous_9)
FN:140,(anonymous_10)
FN:142,(anonymous_11)
FNF:12
FNH:0
FNDA:0,toDate
FNDA:0,toRideType
FNDA:0,toWaypointKind
FNDA:0,(anonymous_3)
FNDA:0,(anonymous_4)
FNDA:0,(anonymous_5)
FNDA:0,(anonymous_6)
FNDA:0,(anonymous_7)
FNDA:0,toDomain
FNDA:0,(anonymous_9)
FNDA:0,(anonymous_10)
FNDA:0,(anonymous_11)
DA:28,0
DA:29,0
DA:30,0
DA:32,0
DA:33,0
DA:35,0
DA:39,0
DA:45,0
DA:47,0
DA:51,0
DA:52,0
DA:67,0
DA:68,0
DA:69,0
DA:70,0
DA:71,0
DA:72,0
DA:73,0
DA:74,0
DA:75,0
DA:79,0
DA:85,0
DA:95,0
DA:107,0
DA:127,0
DA:128,0
DA:131,0
DA:140,0
DA:142,0
DA:147,0
LF:30
LH:0
BRDA:28,0,0,0
BRDA:28,0,1,0
BRDA:29,1,0,0
BRDA:29,1,1,0
BRDA:29,2,0,0
BRDA:29,2,1,0
BRDA:32,3,0,0
BRDA:32,3,1,0
BRDA:32,4,0,0
BRDA:32,4,1,0
BRDA:39,5,0,0
BRDA:39,5,1,0
BRDA:40,6,0,0
BRDA:40,6,1,0
BRDA:40,6,2,0
BRDA:40,6,3,0
BRDA:51,7,0,0
BRDA:51,7,1,0
BRDA:51,8,0,0
BRDA:51,8,1,0
BRDA:80,9,0,0
BRDA:80,9,1,0
BRDA:81,10,0,0
BRDA:81,10,1,0
BRDA:82,11,0,0
BRDA:82,11,1,0
BRDA:83,12,0,0
BRDA:83,12,1,0
BRDA:84,13,0,0
BRDA:84,13,1,0
BRDA:86,14,0,0
BRDA:86,14,1,0
BRDA:87,15,0,0
BRDA:87,15,1,0
BRDA:88,16,0,0
BRDA:88,16,1,0
BRDA:89,17,0,0
BRDA:89,17,1,0
BRDA:90,18,0,0
BRDA:90,18,1,0
BRDA:91,19,0,0
BRDA:91,19,1,0
BRDA:94,20,0,0
BRDA:94,20,1,0
BRDA:96,21,0,0
BRDA:96,21,1,0
BRDA:97,22,0,0
BRDA:97,22,1,0
BRDA:100,23,0,0
BRDA:100,23,1,0
BRDA:101,24,0,0
BRDA:101,24,1,0
BRDA:102,25,0,0
BRDA:102,25,1,0
BRF:54
BRH:0
end_of_record
TN:
SF:src\data\repositories\AuthRepositoryImpl.ts
FN:14,(anonymous_0)
FN:19,(anonymous_1)
FN:28,(anonymous_2)
FN:33,(anonymous_3)
FN:37,(anonymous_4)
FN:42,(anonymous_5)
FN:43,(anonymous_6)
FNF:7
FNH:0
FNDA:0,(anonymous_0)
FNDA:0,(anonymous_1)
FNDA:0,(anonymous_2)
FNDA:0,(anonymous_3)
FNDA:0,(anonymous_4)
FNDA:0,(anonymous_5)
FNDA:0,(anonymous_6)
DA:20,0
DA:25,0
DA:29,0
DA:30,0
DA:34,0
DA:38,0
DA:39,0
DA:43,0
DA:44,0
LF:9
LH:0
BRDA:39,0,0,0
BRDA:39,0,1,0
BRDA:44,1,0,0
BRDA:44,1,1,0
BRF:4
BRH:0
end_of_record
TN:
SF:src\data\repositories\DirectionsRepositoryImpl.ts
FN:12,(anonymous_0)
FN:17,(anonymous_1)
FN:21,(anonymous_2)
FN:22,(anonymous_3)
FNF:4
FNH:0
FNDA:0,(anonymous_0)
FNDA:0,(anonymous_1)
FNDA:0,(anonymous_2)
FNDA:0,(anonymous_3)
DA:21,0
DA:22,0
DA:23,0
DA:24,0
LF:4
LH:0
BRF:0
BRH:0
end_of_record
TN:
SF:src\data\repositories\FuelStationRepositoryImpl.ts
FN:13,(anonymous_0)
FN:18,(anonymous_1)
FN:20,(anonymous_2)
FN:26,(anonymous_3)
FNF:4
FNH:0
FNDA:0,(anonymous_0)
FNDA:0,(anonymous_1)
FNDA:0,(anonymous_2)
FNDA:0,(anonymous_3)
DA:9,0
DA:19,0
DA:21,0
DA:26,0
DA:29,0
LF:5
LH:0
BRF:0
BRH:0
end_of_record
TN:
SF:src\data\repositories\MotoStatsRepositoryImpl.ts
FN:13,(anonymous_0)
FN:18,(anonymous_1)
FNF:2
FNH:0
FNDA:0,(anonymous_0)
FNDA:0,(anonymous_1)
DA:19,0
DA:20,0
LF:2
LH:0
BRDA:20,0,0,0
BRDA:20,0,1,0
BRF:2
BRH:0
end_of_record
TN:
SF:src\data\repositories\MotorcycleRepositoryImpl.ts
FN:10,(anonymous_0)
FN:15,(anonymous_1)
FN:17,(anonymous_2)
FN:20,(anonymous_3)
FN:25,(anonymous_4)
FN:30,(anonymous_5)
FN:38,(anonymous_6)
FN:42,(anonymous_7)
FNF:8
FNH:0
FNDA:0,(anonymous_0)
FNDA:0,(anonymous_1)
FNDA:0,(anonymous_2)
FNDA:0,(anonymous_3)
FNDA:0,(anonymous_4)
FNDA:0,(anonymous_5)
FNDA:0,(anonymous_6)
FNDA:0,(anonymous_7)
DA:16,0
DA:17,0
DA:21,0
DA:22,0
DA:26,0
DA:27,0
DA:31,0
DA:35,0
DA:39,0
DA:43,0
LF:10
LH:0
BRDA:22,0,0,0
BRDA:22,0,1,0
BRF:2
BRH:0
end_of_record
TN:
SF:src\data\repositories\RouteRepositoryImpl.ts
FN:10,(anonymous_0)
FN:15,(anonymous_1)
FN:17,(anonymous_2)
FN:20,(anonymous_3)
FN:25,(anonymous_4)
FN:30,(anonymous_5)
FN:35,(anonymous_6)
FN:39,(anonymous_7)
FN:44,(anonymous_8)
FN:52,(anonymous_9)
FNF:10
FNH:0
FNDA:0,(anonymous_0)
FNDA:0,(anonymous_1)
FNDA:0,(anonymous_2)
FNDA:0,(anonymous_3)
FNDA:0,(anonymous_4)
FNDA:0,(anonymous_5)
FNDA:0,(anonymous_6)
FNDA:0,(anonymous_7)
FNDA:0,(anonymous_8)
FNDA:0,(anonymous_9)
DA:16,0
DA:17,0
DA:21,0
DA:22,0
DA:26,0
DA:27,0
DA:31,0
DA:32,0
DA:36,0
DA:40,0
DA:44,0
DA:52,0
LF:12
LH:0
BRDA:22,0,0,0
BRDA:22,0,1,0
BRF:2
BRH:0
end_of_record
TN:
SF:src\domain\entities\AutonomyEstimate.ts
FN:31,(anonymous_0)
FN:44,(anonymous_1)
FNF:2
FNH:2
FNDA:1,(anonymous_0)
FNDA:1,(anonymous_1)
DA:32,1
DA:33,1
DA:34,1
DA:35,1
DA:36,1
DA:37,1
DA:38,1
DA:39,1
DA:41,1
DA:45,1
LF:10
LH:10
BRF:0
BRH:0
end_of_record
TN:
SF:src\domain\entities\FuelStation.ts
FN:34,(anonymous_0)
FN:48,(anonymous_1)
FNF:2
FNH:2
FNDA:1,(anonymous_0)
FNDA:2,(anonymous_1)
DA:35,1
DA:36,1
DA:37,1
DA:38,1
DA:39,1
DA:40,1
DA:41,1
DA:42,1
DA:43,1
DA:45,1
DA:49,2
LF:11
LH:11
BRDA:41,0,0,1
BRDA:41,0,1,0
BRDA:42,1,0,1
BRDA:42,1,1,0
BRDA:43,2,0,1
BRDA:43,2,1,1
BRDA:49,3,0,1
BRDA:49,3,1,1
BRF:8
BRH:6
end_of_record
TN:
SF:src\domain\entities\FuelStop.ts
FN:22,(anonymous_0)
FNF:1
FNH:1
FNDA:1,(anonymous_0)
DA:23,1
DA:24,1
DA:25,1
DA:26,1
DA:27,1
DA:29,1
LF:6
LH:6
BRF:0
BRH:0
end_of_record
TN:
SF:src\domain\entities\Motorcycle.ts
FN:37,(anonymous_0)
FN:54,(anonymous_1)
FN:58,(anonymous_2)
FNF:3
FNH:3
FNDA:3,(anonymous_0)
FNDA:1,(anonymous_1)
FNDA:2,(anonymous_2)
DA:38,3
DA:39,3
DA:40,3
DA:41,3
DA:42,3
DA:43,3
DA:44,3
DA:45,3
DA:46,3
DA:47,3
DA:48,3
DA:50,3
DA:55,1
DA:59,2
DA:60,1
LF:15
LH:15
BRDA:43,0,0,3
BRDA:43,0,1,2
BRDA:47,1,0,3
BRDA:47,1,1,0
BRDA:48,2,0,3
BRDA:48,2,1,0
BRDA:59,3,0,1
BRDA:59,3,1,1
BRDA:59,4,0,2
BRDA:59,4,1,1
BRF:10
BRH:8
end_of_record
TN:
SF:src\domain\entities\MotorcycleSpecs.ts
FN:33,(anonymous_0)
FNF:1
FNH:0
FNDA:0,(anonymous_0)
DA:34,0
DA:35,0
DA:36,0
DA:37,0
DA:38,0
DA:39,0
DA:40,0
DA:41,0
DA:42,0
DA:44,0
LF:10
LH:0
BRDA:39,0,0,0
BRDA:39,0,1,0
BRDA:40,1,0,0
BRDA:40,1,1,0
BRF:4
BRH:0
end_of_record
TN:
SF:src\domain\entities\Rider.ts
FN:22,(anonymous_0)
FN:32,(anonymous_1)
FNF:2
FNH:2
FNDA:2,(anonymous_0)
FNDA:2,(anonymous_1)
DA:23,2
DA:24,2
DA:25,2
DA:26,2
DA:27,2
DA:29,2
DA:33,2
DA:34,2
LF:8
LH:8
BRDA:26,0,0,2
BRDA:26,0,1,2
BRDA:27,1,0,2
BRDA:27,1,1,0
BRDA:33,2,0,2
BRDA:33,2,1,1
BRF:6
BRH:5
end_of_record
TN:
SF:src\domain\entities\RidingConditions.ts
FN:20,(anonymous_0)
FN:28,(anonymous_1)
FNF:2
FNH:2
FNDA:1,(anonymous_0)
FNDA:1,(anonymous_1)
DA:21,1
DA:22,1
DA:23,1
DA:25,1
DA:29,1
LF:5
LH:5
BRF:0
BRH:0
end_of_record
TN:
SF:src\domain\entities\Route.ts
FN:37,(anonymous_0)
FN:52,(anonymous_1)
FN:53,(anonymous_2)
FN:56,(anonymous_3)
FNF:4
FNH:4
FNDA:3,(anonymous_0)
FNDA:1,(anonymous_1)
FNDA:3,(anonymous_2)
FNDA:2,(anonymous_3)
DA:38,3
DA:39,3
DA:40,3
DA:41,3
DA:42,3
DA:43,3
DA:44,3
DA:45,3
DA:46,3
DA:48,3
DA:53,3
DA:57,2
DA:58,2
DA:59,2
DA:60,1
LF:15
LH:15
BRDA:43,0,0,3
BRDA:43,0,1,0
BRDA:44,1,0,3
BRDA:44,1,1,0
BRDA:45,2,0,3
BRDA:45,2,1,0
BRDA:46,3,0,3
BRDA:46,3,1,0
BRDA:59,4,0,1
BRDA:59,4,1,1
BRF:10
BRH:6
end_of_record
TN:
SF:src\domain\entities\RouteDirections.ts
FN:18,(anonymous_0)
FNF:1
FNH:0
FNDA:0,(anonymous_0)
DA:19,0
DA:20,0
DA:21,0
DA:23,0
LF:4
LH:0
BRF:0
BRH:0
end_of_record
TN:
SF:src\domain\entities\Waypoint.ts
FN:24,(anonymous_0)
FN:36,(anonymous_1)
FNF:2
FNH:2
FNDA:10,(anonymous_0)
FNDA:1,(anonymous_1)
DA:25,10
DA:26,10
DA:27,10
DA:28,10
DA:29,10
DA:30,10
DA:32,10
DA:37,1
LF:8
LH:8
BRF:0
BRH:0
end_of_record
TN:
SF:src\domain\geo\geoMath.ts
FN:5,(anonymous_0)
FN:8,haversineKm
FN:20,polylineLengthKm
FN:32,pointAtDistanceAlong
FNF:4
FNH:0
FNDA:0,(anonymous_0)
FNDA:0,haversineKm
FNDA:0,polylineLengthKm
FNDA:0,pointAtDistanceAlong
DA:3,0
DA:5,0
DA:9,0
DA:10,0
DA:11,0
DA:12,0
DA:14,0
DA:16,0
DA:21,0
DA:22,0
DA:23,0
DA:25,0
DA:36,0
DA:37,0
DA:39,0
DA:40,0
DA:41,0
DA:42,0
DA:43,0
DA:44,0
DA:53,0
DA:55,0
LF:22
LH:0
BRDA:36,0,0,0
BRDA:36,0,1,0
BRDA:37,1,0,0
BRDA:37,1,1,0
BRDA:42,2,0,0
BRDA:42,2,1,0
BRDA:43,3,0,0
BRDA:43,3,1,0
BRF:8
BRH:0
end_of_record
TN:
SF:src\domain\useCases\UseCase.ts
FNF:0
FNH:0
LF:0
LH:0
BRF:0
BRH:0
end_of_record
TN:
SF:src\domain\useCases\CalculateDirectionsUseCase\index.ts
FN:19,(anonymous_0)
FN:24,(anonymous_1)
FNF:2
FNH:0
FNDA:0,(anonymous_0)
FNDA:0,(anonymous_1)
DA:25,0
DA:26,0
DA:30,0
LF:3
LH:0
BRDA:25,0,0,0
BRDA:25,0,1,0
BRF:2
BRH:0
end_of_record
TN:
SF:src\domain\useCases\CreateMotorcycleUseCase\index.ts
FN:12,(anonymous_0)
FN:17,(anonymous_1)
FNF:2
FNH:0
FNDA:0,(anonymous_0)
FNDA:0,(anonymous_1)
DA:18,0
DA:19,0
DA:21,0
DA:22,0
DA:24,0
LF:5
LH:0
BRDA:18,0,0,0
BRDA:18,0,1,0
BRDA:21,1,0,0
BRDA:21,1,1,0
BRF:4
BRH:0
end_of_record
TN:
SF:src\domain\useCases\CreateRouteUseCase\index.ts
FN:10,(anonymous_0)
FN:15,(anonymous_1)
FNF:2
FNH:0
FNDA:0,(anonymous_0)
FNDA:0,(anonymous_1)
DA:16,0
DA:17,0
DA:19,0
DA:20,0
DA:22,0
LF:5
LH:0
BRDA:16,0,0,0
BRDA:16,0,1,0
BRDA:19,1,0,0
BRDA:19,1,1,0
BRF:4
BRH:0
end_of_record
TN:
SF:src\domain\useCases\DeleteMotorcycleUseCase\index.ts
FN:9,(anonymous_0)
FN:14,(anonymous_1)
FNF:2
FNH:0
FNDA:0,(anonymous_0)
FNDA:0,(anonymous_1)
DA:15,0
LF:1
LH:0
BRF:0
BRH:0
end_of_record
TN:
SF:src\domain\useCases\DeleteRouteUseCase\index.ts
FN:9,(anonymous_0)
FN:14,(anonymous_1)
FNF:2
FNH:0
FNDA:0,(anonymous_0)
FNDA:0,(anonymous_1)
DA:15,0
LF:1
LH:0
BRF:0
BRH:0
end_of_record
TN:
SF:src\domain\useCases\EstimateAutonomyUseCase\index.ts
FN:28,(anonymous_0)
FN:70,(anonymous_1)
FN:96,(anonymous_2)
FN:128,(anonymous_3)
FNF:4
FNH:0
FNDA:0,(anonymous_0)
FNDA:0,(anonymous_1)
FNDA:0,(anonymous_2)
FNDA:0,(anonymous_3)
DA:18,0
DA:29,0
DA:31,0
DA:32,0
DA:33,0
DA:36,0
DA:37,0
DA:39,0
DA:40,0
DA:42,0
DA:44,0
DA:46,0
DA:50,0
DA:51,0
DA:57,0
DA:74,0
DA:75,0
DA:76,0
DA:77,0
DA:79,0
DA:81,0
DA:82,0
DA:84,0
DA:85,0
DA:87,0
DA:88,0
DA:91,0
DA:93,0
DA:101,0
DA:102,0
DA:104,0
DA:105,0
DA:106,0
DA:108,0
DA:111,0
DA:112,0
DA:122,0
DA:123,0
DA:125,0
DA:132,0
DA:133,0
DA:134,0
DA:135,0
DA:136,0
DA:137,0
LF:45
LH:0
BRDA:32,0,0,0
BRDA:32,0,1,0
BRDA:46,1,0,0
BRDA:46,1,1,0
BRDA:75,2,0,0
BRDA:75,2,1,0
BRDA:76,3,0,0
BRDA:76,3,1,0
BRDA:77,4,0,0
BRDA:77,4,1,0
BRDA:79,5,0,0
BRDA:79,5,1,0
BRDA:79,5,2,0
BRDA:79,5,3,0
BRDA:79,5,4,0
BRDA:102,6,0,0
BRDA:102,6,1,0
BRDA:108,7,0,0
BRDA:108,7,1,0
BRDA:108,7,2,0
BRDA:111,8,0,0
BRDA:111,8,1,0
BRDA:133,9,0,0
BRDA:133,9,1,0
BRDA:134,10,0,0
BRDA:134,10,1,0
BRDA:135,11,0,0
BRDA:135,11,1,0
BRF:28
BRH:0
end_of_record
TN:
SF:src\domain\useCases\FetchMotorcycleSpecsUseCase\index.ts
FN:15,(anonymous_0)
FN:20,(anonymous_1)
FNF:2
FNH:0
FNDA:0,(anonymous_0)
FNDA:0,(anonymous_1)
DA:21,0
DA:22,0
DA:24,0
LF:3
LH:0
BRDA:21,0,0,0
BRDA:21,0,1,0
BRDA:21,1,0,0
BRDA:21,1,1,0
BRF:4
BRH:0
end_of_record
TN:
SF:src\domain\useCases\FindFuelStationsUseCase\index.ts
FN:13,(anonymous_0)
FN:18,(anonymous_1)
FNF:2
FNH:0
FNDA:0,(anonymous_0)
FNDA:0,(anonymous_1)
DA:19,0
DA:20,0
LF:2
LH:0
BRDA:19,0,0,0
BRDA:19,0,1,0
BRF:2
BRH:0
end_of_record
TN:
SF:src\domain\useCases\GetAllMotorcyclesUseCase\index.ts
FN:12,(anonymous_0)
FN:17,(anonymous_1)
FNF:2
FNH:0
FNDA:0,(anonymous_0)
FNDA:0,(anonymous_1)
DA:18,0
LF:1
LH:0
BRF:0
BRH:0
end_of_record
TN:
SF:src\domain\useCases\GetAllRoutesUseCase\index.ts
FN:10,(anonymous_0)
FN:15,(anonymous_1)
FNF:2
FNH:0
FNDA:0,(anonymous_0)
FNDA:0,(anonymous_1)
DA:16,0
LF:1
LH:0
BRF:0
BRH:0
end_of_record
TN:
SF:src\domain\useCases\GetCurrentRiderUseCase\index.ts
FN:10,(anonymous_0)
FN:15,(anonymous_1)
FNF:2
FNH:0
FNDA:0,(anonymous_0)
FNDA:0,(anonymous_1)
DA:16,0
LF:1
LH:0
BRF:0
BRH:0
end_of_record
TN:
SF:src\domain\useCases\GetMotorcycleUseCase\index.ts
FN:12,(anonymous_0)
FN:17,(anonymous_1)
FNF:2
FNH:0
FNDA:0,(anonymous_0)
FNDA:0,(anonymous_1)
DA:18,0
LF:1
LH:0
BRF:0
BRH:0
end_of_record
TN:
SF:src\domain\useCases\GetRouteUseCase\index.ts
FN:10,(anonymous_0)
FN:15,(anonymous_1)
FNF:2
FNH:0
FNDA:0,(anonymous_0)
FNDA:0,(anonymous_1)
DA:16,0
LF:1
LH:0
BRF:0
BRH:0
end_of_record
TN:
SF:src\domain\useCases\ObserveAuthStateUseCase\index.ts
FN:15,(anonymous_0)
FN:20,(anonymous_1)
FNF:2
FNH:0
FNDA:0,(anonymous_0)
FNDA:0,(anonymous_1)
DA:21,0
LF:1
LH:0
BRF:0
BRH:0
end_of_record
TN:
SF:src\domain\useCases\SignInUseCase\index.ts
FN:13,(anonymous_0)
FN:18,(anonymous_1)
FNF:2
FNH:0
FNDA:0,(anonymous_0)
FNDA:0,(anonymous_1)
DA:19,0
DA:21,0
DA:22,0
DA:25,0
LF:4
LH:0
BRDA:21,0,0,0
BRDA:21,0,1,0
BRDA:21,1,0,0
BRDA:21,1,1,0
BRF:4
BRH:0
end_of_record
TN:
SF:src\domain\useCases\SignOutUseCase\index.ts
FN:9,(anonymous_0)
FN:14,(anonymous_1)
FNF:2
FNH:0
FNDA:0,(anonymous_0)
FNDA:0,(anonymous_1)
DA:15,0
LF:1
LH:0
BRF:0
BRH:0
end_of_record
TN:
SF:src\domain\useCases\SignUpUseCase\index.ts
FN:13,(anonymous_0)
FN:18,(anonymous_1)
FNF:2
FNH:0
FNDA:0,(anonymous_0)
FNDA:0,(anonymous_1)
DA:19,0
DA:20,0
DA:22,0
DA:23,0
DA:25,0
DA:26,0
DA:29,0
LF:7
LH:0
BRDA:22,0,0,0
BRDA:22,0,1,0
BRDA:22,1,0,0
BRDA:22,1,1,0
BRDA:22,1,2,0
BRDA:25,2,0,0
BRDA:25,2,1,0
BRF:7
BRH:0
end_of_record
TN:
SF:src\domain\useCases\UpdateMotorcycleUseCase\index.ts
FN:12,(anonymous_0)
FN:17,(anonymous_1)
FNF:2
FNH:0
FNDA:0,(anonymous_0)
FNDA:0,(anonymous_1)
DA:18,0
DA:19,0
DA:21,0
LF:3
LH:0
BRDA:18,0,0,0
BRDA:18,0,1,0
BRF:2
BRH:0
end_of_record
TN:
SF:src\domain\useCases\UpdateRouteUseCase\index.ts
FN:10,(anonymous_0)
FN:15,(anonymous_1)
FNF:2
FNH:0
FNDA:0,(anonymous_0)
FNDA:0,(anonymous_1)
DA:16,0
DA:17,0
DA:19,0
LF:3
LH:0
BRDA:16,0,0,0
BRDA:16,0,1,0
BRF:2
BRH:0
end_of_record
TN:
SF:src\ui\screens\Auth\AuthViewModel.ts
FN:25,(anonymous_0)
FN:36,(anonymous_1)
FN:40,(anonymous_2)
FN:46,(anonymous_3)
FN:47,(anonymous_4)
FN:52,(anonymous_5)
FN:53,(anonymous_6)
FN:58,(anonymous_7)
FN:59,(anonymous_8)
FN:66,(anonymous_9)
FN:73,(anonymous_10)
FN:84,(anonymous_11)
FN:92,(anonymous_12)
FN:103,(anonymous_13)
FN:104,(anonymous_14)
FN:116,(anonymous_15)
FN:121,(anonymous_16)
FN:127,(anonymous_17)
FN:135,(anonymous_18)
FNF:19
FNH:0
FNDA:0,(anonymous_0)
FNDA:0,(anonymous_1)
FNDA:0,(anonymous_2)
FNDA:0,(anonymous_3)
FNDA:0,(anonymous_4)
FNDA:0,(anonymous_5)
FNDA:0,(anonymous_6)
FNDA:0,(anonymous_7)
FNDA:0,(anonymous_8)
FNDA:0,(anonymous_9)
FNDA:0,(anonymous_10)
FNDA:0,(anonymous_11)
FNDA:0,(anonymous_12)
FNDA:0,(anonymous_13)
FNDA:0,(anonymous_14)
FNDA:0,(anonymous_15)
FNDA:0,(anonymous_16)
FNDA:0,(anonymous_17)
FNDA:0,(anonymous_18)
DA:14,0
DA:15,0
DA:16,0
DA:19,0
DA:20,0
DA:21,0
DA:23,0
DA:31,0
DA:37,0
DA:41,0
DA:47,0
DA:48,0
DA:53,0
DA:54,0
DA:59,0
DA:60,0
DA:67,0
DA:68,0
DA:69,0
DA:73,0
DA:74,0
DA:76,0
DA:77,0
DA:79,0
DA:80,0
DA:85,0
DA:86,0
DA:87,0
DA:92,0
DA:93,0
DA:95,0
DA:96,0
DA:98,0
DA:99,0
DA:104,0
DA:105,0
DA:106,0
DA:107,0
DA:108,0
DA:109,0
DA:110,0
DA:121,0
DA:122,0
DA:123,0
DA:128,0
DA:131,0
DA:132,0
DA:136,0
DA:137,0
DA:138,0
DA:140,0
DA:141,0
DA:143,0
DA:144,0
DA:146,0
DA:147,0
DA:149,0
LF:57
LH:0
BRDA:37,0,0,0
BRDA:37,0,1,0
BRDA:41,1,0,0
BRDA:41,1,1,0
BRDA:129,2,0,0
BRDA:129,2,1,0
BRDA:136,3,0,0
BRDA:136,3,1,0
BRDA:137,4,0,0
BRDA:137,4,1,0
BRDA:140,5,0,0
BRDA:140,5,1,0
BRDA:143,6,0,0
BRDA:143,6,1,0
BRDA:146,7,0,0
BRDA:146,7,1,0
BRF:16
BRH:0
end_of_record
TN:
SF:src\ui\screens\Garage\GarageViewModel.ts
FN:24,(anonymous_0)
FN:35,(anonymous_1)
FN:39,(anonymous_2)
FN:43,(anonymous_3)
FN:51,(anonymous_4)
FN:60,(anonymous_5)
FN:64,(anonymous_6)
FN:66,(anonymous_7)
FN:76,(anonymous_8)
FN:77,(anonymous_9)
FN:86,(anonymous_10)
FN:91,(anonymous_11)
FN:105,(anonymous_12)
FNF:13
FNH:0
FNDA:0,(anonymous_0)
FNDA:0,(anonymous_1)
FNDA:0,(anonymous_2)
FNDA:0,(anonymous_3)
FNDA:0,(anonymous_4)
FNDA:0,(anonymous_5)
FNDA:0,(anonymous_6)
FNDA:0,(anonymous_7)
FNDA:0,(anonymous_8)
FNDA:0,(anonymous_9)
FNDA:0,(anonymous_10)
FNDA:0,(anonymous_11)
FNDA:0,(anonymous_12)
DA:15,0
DA:16,0
DA:17,0
DA:19,0
DA:20,0
DA:22,0
DA:32,0
DA:36,0
DA:40,0
DA:44,0
DA:45,0
DA:46,0
DA:47,0
DA:48,0
DA:50,0
DA:51,0
DA:52,0
DA:54,0
DA:56,0
DA:61,0
DA:62,0
DA:63,0
DA:64,0
DA:65,0
DA:66,0
DA:68,0
DA:69,0
DA:71,0
DA:72,0
DA:77,0
DA:78,0
DA:79,0
DA:80,0
DA:81,0
DA:82,0
DA:91,0
DA:92,0
DA:94,0
DA:95,0
DA:96,0
DA:98,0
DA:99,0
DA:100,0
DA:106,0
DA:109,0
DA:110,0
LF:46
LH:0
BRDA:36,0,0,0
BRDA:36,0,1,0
BRDA:40,1,0,0
BRDA:40,1,1,0
BRDA:40,2,0,0
BRDA:40,2,1,0
BRDA:47,3,0,0
BRDA:47,3,1,0
BRDA:66,4,0,0
BRDA:66,4,1,0
BRDA:92,5,0,0
BRDA:92,5,1,0
BRDA:107,6,0,0
BRDA:107,6,1,0
BRF:14
BRH:0
end_of_record
TN:
SF:src\ui\screens\Garage\MotorcycleFormViewModel.ts
FN:47,(anonymous_0)
FN:64,(anonymous_1)
FN:68,(anonymous_2)
FN:72,(anonymous_3)
FN:80,(anonymous_4)
FN:90,(anonymous_5)
FN:94,(anonymous_6)
FN:98,(anonymous_7)
FN:102,(anonymous_8)
FN:106,(anonymous_9)
FN:113,(anonymous_10)
FN:114,(anonymous_11)
FN:119,(anonymous_12)
FN:120,(anonymous_13)
FN:125,(anonymous_14)
FN:126,(anonymous_15)
FN:131,(anonymous_16)
FN:132,(anonymous_17)
FN:137,(anonymous_18)
FN:138,(anonymous_19)
FN:143,(anonymous_20)
FN:144,(anonymous_21)
FN:149,(anonymous_22)
FN:150,(anonymous_23)
FN:155,(anonymous_24)
FN:156,(anonymous_25)
FN:163,(anonymous_26)
FN:170,(anonymous_27)
FN:186,(anonymous_28)
FN:188,(anonymous_29)
FN:198,(anonymous_30)
FN:212,(anonymous_31)
FN:237,(anonymous_32)
FN:248,(anonymous_33)
FN:249,(anonymous_34)
FN:255,(anonymous_35)
FN:256,(anonymous_36)
FN:277,(anonymous_37)
FN:278,(anonymous_38)
FN:294,(anonymous_39)
FN:305,(anonymous_40)
FN:310,(anonymous_41)
FN:328,(anonymous_42)
FNF:43
FNH:0
FNDA:0,(anonymous_0)
FNDA:0,(anonymous_1)
FNDA:0,(anonymous_2)
FNDA:0,(anonymous_3)
FNDA:0,(anonymous_4)
FNDA:0,(anonymous_5)
FNDA:0,(anonymous_6)
FNDA:0,(anonymous_7)
FNDA:0,(anonymous_8)
FNDA:0,(anonymous_9)
FNDA:0,(anonymous_10)
FNDA:0,(anonymous_11)
FNDA:0,(anonymous_12)
FNDA:0,(anonymous_13)
FNDA:0,(anonymous_14)
FNDA:0,(anonymous_15)
FNDA:0,(anonymous_16)
FNDA:0,(anonymous_17)
FNDA:0,(anonymous_18)
FNDA:0,(anonymous_19)
FNDA:0,(anonymous_20)
FNDA:0,(anonymous_21)
FNDA:0,(anonymous_22)
FNDA:0,(anonymous_23)
FNDA:0,(anonymous_24)
FNDA:0,(anonymous_25)
FNDA:0,(anonymous_26)
FNDA:0,(anonymous_27)
FNDA:0,(anonymous_28)
FNDA:0,(anonymous_29)
FNDA:0,(anonymous_30)
FNDA:0,(anonymous_31)
FNDA:0,(anonymous_32)
FNDA:0,(anonymous_33)
FNDA:0,(anonymous_34)
FNDA:0,(anonymous_35)
FNDA:0,(anonymous_36)
FNDA:0,(anonymous_37)
FNDA:0,(anonymous_38)
FNDA:0,(anonymous_39)
FNDA:0,(anonymous_40)
FNDA:0,(anonymous_41)
FNDA:0,(anonymous_42)
DA:20,0
DA:21,0
DA:22,0
DA:23,0
DA:24,0
DA:25,0
DA:26,0
DA:27,0
DA:30,0
DA:31,0
DA:33,0
DA:34,0
DA:35,0
DA:36,0
DA:38,0
DA:39,0
DA:40,0
DA:42,0
DA:43,0
DA:44,0
DA:45,0
DA:59,0
DA:65,0
DA:69,0
DA:73,0
DA:81,0
DA:91,0
DA:95,0
DA:99,0
DA:103,0
DA:107,0
DA:108,0
DA:114,0
DA:115,0
DA:120,0
DA:121,0
DA:126,0
DA:127,0
DA:132,0
DA:133,0
DA:138,0
DA:139,0
DA:144,0
DA:145,0
DA:150,0
DA:151,0
DA:156,0
DA:157,0
DA:164,0
DA:165,0
DA:166,0
DA:167,0
DA:168,0
DA:170,0
DA:171,0
DA:174,0
DA:175,0
DA:176,0
DA:177,0
DA:180,0
DA:182,0
DA:187,0
DA:188,0
DA:189,0
DA:190,0
DA:192,0
DA:193,0
DA:198,0
DA:199,0
DA:200,0
DA:201,0
DA:203,0
DA:206,0
DA:208,0
DA:213,0
DA:214,0
DA:215,0
DA:216,0
DA:218,0
DA:231,0
DA:232,0
DA:234,0
DA:237,0
DA:238,0
DA:240,0
DA:241,0
DA:243,0
DA:244,0
DA:249,0
DA:250,0
DA:251,0
DA:256,0
DA:257,0
DA:258,0
DA:259,0
DA:260,0
DA:261,0
DA:262,0
DA:263,0
DA:264,0
DA:265,0
DA:266,0
DA:267,0
DA:268,0
DA:269,0
DA:270,0
DA:271,0
DA:278,0
DA:279,0
DA:280,0
DA:281,0
DA:282,0
DA:283,0
DA:284,0
DA:285,0
DA:286,0
DA:287,0
DA:288,0
DA:295,0
DA:296,0
DA:297,0
DA:298,0
DA:300,0
DA:301,0
DA:310,0
DA:311,0
DA:313,0
DA:314,0
DA:315,0
DA:317,0
DA:318,0
DA:319,0
DA:321,0
DA:322,0
DA:323,0
DA:329,0
DA:332,0
DA:333,0
LF:138
LH:0
BRDA:69,0,0,0
BRDA:69,0,1,0
BRDA:74,1,0,0
BRDA:74,1,1,0
BRDA:74,1,2,0
BRDA:82,2,0,0
BRDA:82,2,1,0
BRDA:82,2,2,0
BRDA:82,2,3,0
BRDA:82,2,4,0
BRDA:95,3,0,0
BRDA:95,3,1,0
BRDA:99,4,0,0
BRDA:99,4,1,0
BRDA:103,5,0,0
BRDA:103,5,1,0
BRDA:108,6,0,0
BRDA:108,6,1,0
BRDA:108,7,0,0
BRDA:108,7,1,0
BRDA:167,8,0,0
BRDA:167,8,1,0
BRDA:174,9,0,0
BRDA:174,9,1,0
BRDA:176,10,0,0
BRDA:176,10,1,0
BRDA:199,11,0,0
BRDA:199,11,1,0
BRDA:215,12,0,0
BRDA:215,12,1,0
BRDA:219,13,0,0
BRDA:219,13,1,0
BRDA:224,14,0,0
BRDA:224,14,1,0
BRDA:231,15,0,0
BRDA:231,15,1,0
BRDA:284,16,0,0
BRDA:284,16,1,0
BRDA:288,17,0,0
BRDA:288,17,1,0
BRDA:297,18,0,0
BRDA:297,18,1,0
BRDA:300,19,0,0
BRDA:300,19,1,0
BRDA:311,20,0,0
BRDA:311,20,1,0
BRDA:311,20,2,0
BRDA:330,21,0,0
BRDA:330,21,1,0
BRF:49
BRH:0
end_of_record
TN:
SF:src\ui\screens\Routes\RouteDetailViewModel.ts
FN:49,(anonymous_0)
FN:68,(anonymous_1)
FN:70,(anonymous_2)
FN:75,(anonymous_3)
FN:79,(anonymous_4)
FN:85,(anonymous_5)
FN:99,(anonymous_6)
FN:110,(anonymous_7)
FN:111,(anonymous_8)
FN:118,(anonymous_9)
FN:119,(anonymous_10)
FN:126,(anonymous_11)
FN:127,(anonymous_12)
FN:134,(anonymous_13)
FN:135,(anonymous_14)
FN:142,(anonymous_15)
FN:165,(anonymous_16)
FN:175,(anonymous_17)
FN:181,(anonymous_18)
FN:192,(anonymous_19)
FN:193,(anonymous_20)
FN:213,(anonymous_21)
FN:216,(anonymous_22)
FN:224,(anonymous_23)
FN:233,(anonymous_24)
FN:238,(anonymous_25)
FN:260,(anonymous_26)
FNF:27
FNH:0
FNDA:0,(anonymous_0)
FNDA:0,(anonymous_1)
FNDA:0,(anonymous_2)
FNDA:0,(anonymous_3)
FNDA:0,(anonymous_4)
FNDA:0,(anonymous_5)
FNDA:0,(anonymous_6)
FNDA:0,(anonymous_7)
FNDA:0,(anonymous_8)
FNDA:0,(anonymous_9)
FNDA:0,(anonymous_10)
FNDA:0,(anonymous_11)
FNDA:0,(anonymous_12)
FNDA:0,(anonymous_13)
FNDA:0,(anonymous_14)
FNDA:0,(anonymous_15)
FNDA:0,(anonymous_16)
FNDA:0,(anonymous_17)
FNDA:0,(anonymous_18)
FNDA:0,(anonymous_19)
FNDA:0,(anonymous_20)
FNDA:0,(anonymous_21)
FNDA:0,(anonymous_22)
FNDA:0,(anonymous_23)
FNDA:0,(anonymous_24)
FNDA:0,(anonymous_25)
FNDA:0,(anonymous_26)
DA:23,0
DA:24,0
DA:25,0
DA:26,0
DA:27,0
DA:30,0
DA:31,0
DA:32,0
DA:35,0
DA:36,0
DA:37,0
DA:39,0
DA:40,0
DA:41,0
DA:43,0
DA:44,0
DA:45,0
DA:47,0
DA:63,0
DA:69,0
DA:70,0
DA:76,0
DA:80,0
DA:86,0
DA:87,0
DA:88,0
DA:89,0
DA:90,0
DA:92,0
DA:96,0
DA:97,0
DA:99,0
DA:100,0
DA:101,0
DA:102,0
DA:104,0
DA:106,0
DA:111,0
DA:112,0
DA:113,0
DA:114,0
DA:119,0
DA:120,0
DA:121,0
DA:122,0
DA:127,0
DA:128,0
DA:129,0
DA:130,0
DA:135,0
DA:136,0
DA:137,0
DA:138,0
DA:143,0
DA:144,0
DA:145,0
DA:146,0
DA:151,0
DA:154,0
DA:155,0
DA:156,0
DA:165,0
DA:166,0
DA:168,0
DA:169,0
DA:171,0
DA:176,0
DA:177,0
DA:178,0
DA:179,0
DA:180,0
DA:181,0
DA:182,0
DA:184,0
DA:185,0
DA:187,0
DA:188,0
DA:193,0
DA:194,0
DA:195,0
DA:196,0
DA:197,0
DA:198,0
DA:199,0
DA:200,0
DA:201,0
DA:202,0
DA:203,0
DA:204,0
DA:205,0
DA:206,0
DA:207,0
DA:214,0
DA:215,0
DA:216,0
DA:217,0
DA:219,0
DA:221,0
DA:222,0
DA:223,0
DA:224,0
DA:225,0
DA:227,0
DA:229,0
DA:238,0
DA:239,0
DA:241,0
DA:242,0
DA:243,0
DA:245,0
DA:246,0
DA:247,0
DA:249,0
DA:250,0
DA:251,0
DA:253,0
DA:254,0
DA:255,0
DA:261,0
DA:264,0
DA:265,0
LF:121
LH:0
BRDA:70,0,0,0
BRDA:70,0,1,0
BRDA:80,1,0,0
BRDA:80,1,1,0
BRDA:89,2,0,0
BRDA:89,2,1,0
BRDA:96,3,0,0
BRDA:96,3,1,0
BRDA:102,4,0,0
BRDA:102,4,1,0
BRDA:145,5,0,0
BRDA:145,5,1,0
BRDA:145,6,0,0
BRDA:145,6,1,0
BRDA:177,7,0,0
BRDA:177,7,1,0
BRDA:214,8,0,0
BRDA:214,8,1,0
BRDA:215,9,0,0
BRDA:215,9,1,0
BRDA:239,10,0,0
BRDA:239,10,1,0
BRDA:239,10,2,0
BRDA:239,10,3,0
BRDA:262,11,0,0
BRDA:262,11,1,0
BRF:26
BRH:0
end_of_record
TN:
SF:src\ui\screens\Routes\RoutePlannerViewModel.ts
FN:43,(anonymous_0)
FN:60,(anonymous_1)
FN:64,(anonymous_2)
FN:68,(anonymous_3)
FN:72,(anonymous_4)
FN:80,(anonymous_5)
FN:84,(anonymous_6)
FN:88,(anonymous_7)
FN:94,(anonymous_8)
FN:95,(anonymous_9)
FN:100,(anonymous_10)
FN:101,(anonymous_11)
FN:109,(anonymous_12)
FN:110,(anonymous_13)
FN:128,(anonymous_14)
FN:129,(anonymous_15)
FN:131,(anonymous_16)
FN:137,(anonymous_17)
FN:138,(anonymous_18)
FN:146,(anonymous_19)
FN:153,(anonymous_20)
FN:169,(anonymous_21)
FN:176,(anonymous_22)
FN:185,(anonymous_23)
FN:211,(anonymous_24)
FN:222,(anonymous_25)
FN:223,(anonymous_26)
FN:229,(anonymous_27)
FN:230,(anonymous_28)
FN:246,(anonymous_29)
FN:247,(anonymous_30)
FN:264,(anonymous_31)
FN:265,(anonymous_32)
FN:280,(anonymous_33)
FN:285,(anonymous_34)
FN:303,(anonymous_35)
FNF:36
FNH:0
FNDA:0,(anonymous_0)
FNDA:0,(anonymous_1)
FNDA:0,(anonymous_2)
FNDA:0,(anonymous_3)
FNDA:0,(anonymous_4)
FNDA:0,(anonymous_5)
FNDA:0,(anonymous_6)
FNDA:0,(anonymous_7)
FNDA:0,(anonymous_8)
FNDA:0,(anonymous_9)
FNDA:0,(anonymous_10)
FNDA:0,(anonymous_11)
FNDA:0,(anonymous_12)
FNDA:0,(anonymous_13)
FNDA:0,(anonymous_14)
FNDA:0,(anonymous_15)
FNDA:0,(anonymous_16)
FNDA:0,(anonymous_17)
FNDA:0,(anonymous_18)
FNDA:0,(anonymous_19)
FNDA:0,(anonymous_20)
FNDA:0,(anonymous_21)
FNDA:0,(anonymous_22)
FNDA:0,(anonymous_23)
FNDA:0,(anonymous_24)
FNDA:0,(anonymous_25)
FNDA:0,(anonymous_26)
FNDA:0,(anonymous_27)
FNDA:0,(anonymous_28)
FNDA:0,(anonymous_29)
FNDA:0,(anonymous_30)
FNDA:0,(anonymous_31)
FNDA:0,(anonymous_32)
FNDA:0,(anonymous_33)
FNDA:0,(anonymous_34)
FNDA:0,(anonymous_35)
DA:21,0
DA:22,0
DA:23,0
DA:24,0
DA:27,0
DA:28,0
DA:30,0
DA:31,0
DA:33,0
DA:34,0
DA:35,0
DA:37,0
DA:38,0
DA:39,0
DA:40,0
DA:41,0
DA:55,0
DA:61,0
DA:65,0
DA:69,0
DA:73,0
DA:81,0
DA:85,0
DA:89,0
DA:95,0
DA:96,0
DA:101,0
DA:102,0
DA:103,0
DA:110,0
DA:111,0
DA:112,0
DA:120,0
DA:124,0
DA:129,0
DA:130,0
DA:131,0
DA:133,0
DA:138,0
DA:139,0
DA:140,0
DA:147,0
DA:148,0
DA:149,0
DA:150,0
DA:151,0
DA:153,0
DA:154,0
DA:157,0
DA:158,0
DA:159,0
DA:160,0
DA:163,0
DA:165,0
DA:170,0
DA:171,0
DA:172,0
DA:176,0
DA:177,0
DA:179,0
DA:181,0
DA:186,0
DA:187,0
DA:188,0
DA:189,0
DA:191,0
DA:192,0
DA:194,0
DA:205,0
DA:206,0
DA:208,0
DA:211,0
DA:212,0
DA:214,0
DA:215,0
DA:217,0
DA:218,0
DA:223,0
DA:224,0
DA:225,0
DA:230,0
DA:231,0
DA:232,0
DA:233,0
DA:234,0
DA:235,0
DA:236,0
DA:237,0
DA:238,0
DA:239,0
DA:240,0
DA:247,0
DA:248,0
DA:249,0
DA:250,0
DA:251,0
DA:253,0
DA:265,0
DA:266,0
DA:267,0
DA:268,0
DA:269,0
DA:270,0
DA:271,0
DA:272,0
DA:285,0
DA:286,0
DA:288,0
DA:289,0
DA:290,0
DA:292,0
DA:293,0
DA:294,0
DA:296,0
DA:297,0
DA:298,0
DA:304,0
DA:307,0
DA:308,0
LF:119
LH:0
BRDA:65,0,0,0
BRDA:65,0,1,0
BRDA:74,1,0,0
BRDA:74,1,1,0
BRDA:74,1,2,0
BRDA:81,2,0,0
BRDA:81,2,1,0
BRDA:85,3,0,0
BRDA:85,3,1,0
BRDA:89,4,0,0
BRDA:89,4,1,0
BRDA:114,5,0,0
BRDA:114,5,1,0
BRDA:150,6,0,0
BRDA:150,6,1,0
BRDA:157,7,0,0
BRDA:157,7,1,0
BRDA:159,8,0,0
BRDA:159,8,1,0
BRDA:188,9,0,0
BRDA:188,9,1,0
BRDA:191,10,0,0
BRDA:191,10,1,0
BRDA:195,11,0,0
BRDA:195,11,1,0
BRDA:205,12,0,0
BRDA:205,12,1,0
BRDA:249,13,0,0
BRDA:249,13,1,0
BRDA:250,14,0,0
BRDA:250,14,1,0
BRDA:250,15,0,0
BRDA:250,15,1,0
BRDA:286,16,0,0
BRDA:286,16,1,0
BRDA:286,16,2,0
BRDA:305,17,0,0
BRDA:305,17,1,0
BRF:38
BRH:0
end_of_record
TN:
SF:src\ui\screens\Routes\RoutesViewModel.ts
FN:24,(anonymous_0)
FN:35,(anonymous_1)
FN:39,(anonymous_2)
FN:43,(anonymous_3)
FN:51,(anonymous_4)
FN:53,(anonymous_5)
FN:62,(anonymous_6)
FN:66,(anonymous_7)
FN:68,(anonymous_8)
FN:78,(anonymous_9)
FN:79,(anonymous_10)
FN:88,(anonymous_11)
FN:93,(anonymous_12)
FN:107,(anonymous_13)
FNF:14
FNH:0
FNDA:0,(anonymous_0)
FNDA:0,(anonymous_1)
FNDA:0,(anonymous_2)
FNDA:0,(anonymous_3)
FNDA:0,(anonymous_4)
FNDA:0,(anonymous_5)
FNDA:0,(anonymous_6)
FNDA:0,(anonymous_7)
FNDA:0,(anonymous_8)
FNDA:0,(anonymous_9)
FNDA:0,(anonymous_10)
FNDA:0,(anonymous_11)
FNDA:0,(anonymous_12)
FNDA:0,(anonymous_13)
DA:15,0
DA:16,0
DA:17,0
DA:19,0
DA:20,0
DA:22,0
DA:32,0
DA:36,0
DA:40,0
DA:44,0
DA:45,0
DA:46,0
DA:47,0
DA:48,0
DA:50,0
DA:51,0
DA:52,0
DA:53,0
DA:56,0
DA:58,0
DA:63,0
DA:64,0
DA:65,0
DA:66,0
DA:67,0
DA:68,0
DA:70,0
DA:71,0
DA:73,0
DA:74,0
DA:79,0
DA:80,0
DA:81,0
DA:82,0
DA:83,0
DA:84,0
DA:93,0
DA:94,0
DA:96,0
DA:97,0
DA:98,0
DA:100,0
DA:101,0
DA:102,0
DA:108,0
DA:111,0
DA:112,0
LF:47
LH:0
BRDA:36,0,0,0
BRDA:36,0,1,0
BRDA:40,1,0,0
BRDA:40,1,1,0
BRDA:40,2,0,0
BRDA:40,2,1,0
BRDA:47,3,0,0
BRDA:47,3,1,0
BRDA:68,4,0,0
BRDA:68,4,1,0
BRDA:94,5,0,0
BRDA:94,5,1,0
BRDA:109,6,0,0
BRDA:109,6,1,0
BRF:14
BRH:0
end_of_record
TN:
SF:src\ui\viewModels\SessionViewModel.ts
FN:28,(anonymous_0)
FN:37,(anonymous_1)
FN:41,(anonymous_2)
FN:45,(anonymous_3)
FN:49,(anonymous_4)
FN:50,(anonymous_5)
FN:60,(anonymous_6)
FN:72,(anonymous_7)
FN:77,(anonymous_8)
FN:82,(anonymous_9)
FN:96,(anonymous_10)
FNF:11
FNH:0
FNDA:0,(anonymous_0)
FNDA:0,(anonymous_1)
FNDA:0,(anonymous_2)
FNDA:0,(anonymous_3)
FNDA:0,(anonymous_4)
FNDA:0,(anonymous_5)
FNDA:0,(anonymous_6)
FNDA:0,(anonymous_7)
FNDA:0,(anonymous_8)
FNDA:0,(anonymous_9)
FNDA:0,(anonymous_10)
DA:18,0
DA:19,0
DA:20,0
DA:22,0
DA:23,0
DA:25,0
DA:26,0
DA:34,0
DA:38,0
DA:42,0
DA:46,0
DA:47,0
DA:48,0
DA:49,0
DA:50,0
DA:51,0
DA:52,0
DA:56,0
DA:61,0
DA:62,0
DA:63,0
DA:64,0
DA:65,0
DA:67,0
DA:68,0
DA:73,0
DA:74,0
DA:82,0
DA:83,0
DA:85,0
DA:86,0
DA:87,0
DA:89,0
DA:90,0
DA:91,0
DA:97,0
DA:100,0
DA:101,0
LF:38
LH:0
BRDA:46,0,0,0
BRDA:46,0,1,0
BRDA:83,1,0,0
BRDA:83,1,1,0
BRDA:98,2,0,0
BRDA:98,2,1,0
BRF:6
BRH:0
end_of_record
