TN:
SF:src\data\models\fuelStationModel.ts
FN:19,(anonymous_0)
FN:28,(anonymous_1)
FN:59,toDomain
FNF:3
FNH:3
FNDA:2,(anonymous_0)
FNDA:3,(anonymous_1)
FNDA:2,toDomain
DA:20,2
DA:21,2
DA:22,2
DA:23,2
DA:24,2
DA:29,3
DA:31,3
DA:35,3
DA:37,2
DA:41,2
DA:59,2
DA:62,2
LF:12
LH:12
BRDA:29,0,0,3
BRDA:29,0,1,0
BRDA:31,1,0,3
BRDA:31,1,1,1
BRDA:32,2,0,0
BRDA:32,2,1,1
BRDA:35,3,0,1
BRDA:35,3,1,2
BRDA:35,4,0,3
BRDA:35,4,1,2
BRDA:37,5,0,1
BRDA:37,5,1,1
BRDA:39,6,0,1
BRDA:39,6,1,1
BRDA:43,7,0,2
BRDA:43,7,1,0
BRDA:43,7,2,0
BRDA:45,8,0,2
BRDA:45,8,1,0
BRDA:46,9,0,1
BRDA:46,9,1,1
BRDA:71,10,0,2
BRDA:71,10,1,0
BRF:23
BRH:17
end_of_record
TN:
SF:src\data\models\locationModel.ts
FN:14,(anonymous_0)
FN:34,(anonymous_1)
FN:45,(anonymous_2)
FN:57,(anonymous_3)
FN:75,toDomain
FNF:5
FNH:5
FNDA:3,(anonymous_0)
FNDA:4,(anonymous_1)
FNDA:4,(anonymous_2)
FNDA:1,(anonymous_3)
FNDA:3,toDomain
DA:14,1
DA:15,3
DA:16,3
DA:17,0
DA:35,4
DA:36,4
DA:37,4
DA:38,4
DA:39,4
DA:40,4
DA:42,4
DA:46,4
DA:47,4
DA:58,1
DA:75,1
DA:76,3
LF:16
LH:15
BRDA:15,0,0,0
BRDA:15,0,1,3
BRDA:16,1,0,3
BRDA:16,1,1,0
BRDA:46,2,0,4
BRDA:46,2,1,0
BRDA:50,3,0,4
BRDA:50,3,1,1
BRDA:51,4,0,4
BRDA:51,4,1,1
BRDA:52,5,0,4
BRDA:52,5,1,1
BRDA:53,6,0,4
BRDA:53,6,1,1
BRF:14
BRH:11
end_of_record
TN:
SF:src\data\models\motorcycleModel.ts
FN:17,toDate
FN:31,toFuelType
FN:48,(anonymous_2)
FN:62,(anonymous_3)
FN:80,(anonymous_4)
FN:103,toDomain
FNF:6
FNH:6
FNDA:3,toDate
FNDA:3,toFuelType
FNDA:3,(anonymous_2)
FNDA:3,(anonymous_3)
FNDA:1,(anonymous_4)
FNDA:3,toDomain
DA:18,3
DA:19,3
DA:20,3
DA:22,0
DA:26,0
DA:28,0
DA:32,3
DA:49,3
DA:50,3
DA:51,3
DA:52,3
DA:53,3
DA:54,3
DA:55,3
DA:56,3
DA:57,3
DA:58,3
DA:59,3
DA:63,3
DA:81,1
DA:103,2
DA:104,3
LF:22
LH:19
BRDA:18,0,0,0
BRDA:18,0,1,3
BRDA:19,1,0,3
BRDA:19,1,1,0
BRDA:19,2,0,3
BRDA:19,2,1,0
BRDA:22,3,0,0
BRDA:22,3,1,0
BRDA:23,4,0,0
BRDA:23,4,1,0
BRDA:32,5,0,0
BRDA:32,5,1,3
BRDA:64,6,0,3
BRDA:64,6,1,0
BRDA:65,7,0,3
BRDA:65,7,1,0
BRDA:66,8,0,3
BRDA:66,8,1,0
BRDA:67,9,0,3
BRDA:67,9,1,0
BRDA:68,10,0,3
BRDA:68,10,1,0
BRDA:69,11,0,3
BRDA:69,11,1,3
BRDA:70,12,0,3
BRDA:70,12,1,0
BRDA:71,13,0,3
BRDA:71,13,1,0
BRDA:73,14,0,3
BRDA:73,14,1,0
BRDA:75,15,0,0
BRDA:75,15,1,3
BRDA:76,16,0,3
BRDA:76,16,1,3
BRF:34
BRH:17
end_of_record
TN:
SF:src\data\models\motorcycleSpecsModel.ts
FN:16,toFuelType
FN:22,toConfidence
FN:38,(anonymous_2)
FN:50,(anonymous_3)
FN:66,(anonymous_4)
FN:87,toDomain
FNF:6
FNH:5
FNDA:1,toFuelType
FNDA:1,toConfidence
FNDA:1,(anonymous_2)
FNDA:1,(anonymous_3)
FNDA:0,(anonymous_4)
FNDA:1,toDomain
DA:17,1
DA:18,1
DA:19,0
DA:23,1
DA:24,1
DA:39,1
DA:40,1
DA:41,1
DA:42,1
DA:43,1
DA:44,1
DA:45,1
DA:46,1
DA:47,1
DA:51,1
DA:67,0
DA:87,1
DA:88,1
LF:18
LH:16
BRDA:17,0,0,0
BRDA:17,0,1,1
BRDA:18,1,0,1
BRDA:18,1,1,0
BRDA:23,2,0,0
BRDA:23,2,1,1
BRDA:23,3,0,1
BRDA:23,3,1,1
BRDA:52,4,0,1
BRDA:52,4,1,0
BRDA:53,5,0,1
BRDA:53,5,1,0
BRDA:54,6,0,1
BRDA:54,6,1,0
BRDA:55,7,0,1
BRDA:55,7,1,0
BRDA:57,8,0,1
BRDA:57,8,1,0
BRDA:59,9,0,0
BRDA:59,9,1,1
BRDA:60,10,0,1
BRDA:60,10,1,0
BRDA:61,11,0,1
BRDA:61,11,1,0
BRDA:62,12,0,1
BRDA:62,12,1,0
BRF:26
BRH:14
end_of_record
TN:
SF:src\data\models\riderModel.ts
FN:11,toDate
FN:33,(anonymous_1)
FN:41,(anonymous_2)
FN:51,(anonymous_3)
FN:68,toDomain
FNF:5
FNH:4
FNDA:4,toDate
FNDA:4,(anonymous_1)
FNDA:4,(anonymous_2)
FNDA:0,(anonymous_3)
FNDA:4,toDomain
DA:12,4
DA:13,4
DA:14,3
DA:17,1
DA:21,1
DA:23,0
DA:34,4
DA:35,4
DA:36,4
DA:37,4
DA:38,4
DA:42,4
DA:52,0
DA:68,2
DA:69,4
LF:15
LH:13
BRDA:12,0,0,0
BRDA:12,0,1,4
BRDA:13,1,0,3
BRDA:13,1,1,1
BRDA:13,2,0,4
BRDA:13,2,1,1
BRDA:17,3,0,1
BRDA:17,3,1,0
BRDA:18,4,0,1
BRDA:18,4,1,1
BRDA:43,5,0,4
BRDA:43,5,1,0
BRDA:43,5,2,0
BRDA:44,6,0,4
BRDA:44,6,1,0
BRDA:45,7,0,4
BRDA:45,7,1,0
BRDA:45,7,2,0
BRDA:46,8,0,4
BRDA:46,8,1,4
BRDA:46,8,2,4
BRDA:47,9,0,4
BRDA:47,9,1,2
BRF:23
BRH:16
end_of_record
TN:
SF:src\data\models\routeDirectionsModel.ts
FN:15,(anonymous_0)
FN:25,(anonymous_1)
FN:46,toDomain
FN:48,(anonymous_3)
FNF:4
FNH:4
FNDA:2,(anonymous_0)
FNDA:2,(anonymous_1)
FNDA:2,toDomain
FNDA:2,(anonymous_3)
DA:16,2
DA:17,2
DA:18,2
DA:26,2
DA:27,2
DA:32,2
DA:46,2
DA:48,2
DA:52,2
LF:9
LH:9
BRDA:27,0,0,2
BRDA:27,0,1,0
BRDA:33,1,0,2
BRDA:33,1,1,0
BRDA:34,2,0,2
BRDA:34,2,1,0
BRF:6
BRH:3
end_of_record
TN:
SF:src\data\models\routeModel.ts
FN:27,toDate
FN:41,toRideType
FN:53,toWaypointKind
FN:69,(anonymous_3)
FN:81,(anonymous_4)
FN:88,(anonymous_5)
FN:98,(anonymous_6)
FN:109,(anonymous_7)
FN:130,toDomain
FN:133,(anonymous_9)
FN:143,(anonymous_10)
FN:145,(anonymous_11)
FNF:12
FNH:11
FNDA:2,toDate
FNDA:2,toRideType
FNDA:2,toWaypointKind
FNDA:2,(anonymous_3)
FNDA:2,(anonymous_4)
FNDA:2,(anonymous_5)
FNDA:1,(anonymous_6)
FNDA:0,(anonymous_7)
FNDA:2,toDomain
FNDA:2,(anonymous_9)
FNDA:1,(anonymous_10)
FNDA:1,(anonymous_11)
DA:28,2
DA:29,2
DA:30,2
DA:32,0
DA:36,0
DA:38,0
DA:42,2
DA:48,2
DA:50,0
DA:54,2
DA:55,0
DA:70,2
DA:71,2
DA:72,2
DA:73,2
DA:74,2
DA:75,2
DA:76,2
DA:77,2
DA:78,2
DA:82,2
DA:88,2
DA:98,1
DA:110,0
DA:130,2
DA:131,2
DA:134,2
DA:143,1
DA:145,2
DA:150,2
LF:30
LH:24
BRDA:28,0,0,0
BRDA:28,0,1,2
BRDA:29,1,0,2
BRDA:29,1,1,0
BRDA:29,2,0,2
BRDA:29,2,1,0
BRDA:32,3,0,0
BRDA:32,3,1,0
BRDA:33,4,0,0
BRDA:33,4,1,0
BRDA:42,5,0,2
BRDA:42,5,1,0
BRDA:43,6,0,2
BRDA:43,6,1,2
BRDA:43,6,2,1
BRDA:43,6,3,0
BRDA:54,7,0,2
BRDA:54,7,1,0
BRDA:54,8,0,2
BRDA:54,8,1,1
BRDA:83,9,0,2
BRDA:83,9,1,0
BRDA:84,10,0,2
BRDA:84,10,1,0
BRDA:85,11,0,2
BRDA:85,11,1,0
BRDA:86,12,0,2
BRDA:86,12,1,0
BRDA:87,13,0,2
BRDA:87,13,1,0
BRDA:89,14,0,2
BRDA:89,14,1,0
BRDA:90,15,0,2
BRDA:90,15,1,0
BRDA:91,16,0,2
BRDA:91,16,1,0
BRDA:92,17,0,2
BRDA:92,17,1,0
BRDA:93,18,0,2
BRDA:93,18,1,0
BRDA:94,19,0,2
BRDA:94,19,1,0
BRDA:97,20,0,2
BRDA:97,20,1,0
BRDA:99,21,0,1
BRDA:99,21,1,0
BRDA:100,22,0,1
BRDA:100,22,1,0
BRDA:103,23,0,2
BRDA:103,23,1,0
BRDA:104,24,0,2
BRDA:104,24,1,0
BRDA:105,25,0,2
BRDA:105,25,1,2
BRF:54
BRH:28
end_of_record
TN:
SF:src\data\repositories\AuthRepositoryImpl.ts
FN:15,(anonymous_0)
FN:20,(anonymous_1)
FN:29,(anonymous_2)
FN:34,(anonymous_3)
FN:38,(anonymous_4)
FN:44,(anonymous_5)
FN:47,(anonymous_6)
FN:49,(anonymous_7)
FNF:8
FNH:4
FNDA:2,(anonymous_0)
FNDA:0,(anonymous_1)
FNDA:1,(anonymous_2)
FNDA:0,(anonymous_3)
FNDA:0,(anonymous_4)
FNDA:1,(anonymous_5)
FNDA:0,(anonymous_6)
FNDA:2,(anonymous_7)
DA:21,0
DA:26,0
DA:30,1
DA:31,1
DA:35,0
DA:39,0
DA:40,0
DA:41,0
DA:45,1
DA:46,0
DA:47,0
DA:49,1
DA:50,2
LF:13
LH:5
BRDA:39,0,0,0
BRDA:39,0,1,0
BRDA:41,1,0,0
BRDA:41,1,1,0
BRDA:45,2,0,0
BRDA:45,2,1,1
BRDA:50,3,0,1
BRDA:50,3,1,1
BRF:8
BRH:3
end_of_record
TN:
SF:src\data\repositories\DirectionsRepositoryImpl.ts
FN:12,(anonymous_0)
FN:17,(anonymous_1)
FN:21,(anonymous_2)
FN:22,(anonymous_3)
FNF:4
FNH:4
FNDA:1,(anonymous_0)
FNDA:1,(anonymous_1)
FNDA:1,(anonymous_2)
FNDA:2,(anonymous_3)
DA:21,1
DA:22,2
DA:23,1
DA:24,1
LF:4
LH:4
BRF:0
BRH:0
end_of_record
TN:
SF:src\data\repositories\FuelStationRepositoryImpl.ts
FN:13,(anonymous_0)
FN:18,(anonymous_1)
FN:20,(anonymous_2)
FN:26,(anonymous_3)
FNF:4
FNH:4
FNDA:1,(anonymous_0)
FNDA:1,(anonymous_1)
FNDA:1,(anonymous_2)
FNDA:1,(anonymous_3)
DA:9,1
DA:19,1
DA:21,1
DA:26,1
DA:29,1
LF:5
LH:5
BRF:0
BRH:0
end_of_record
TN:
SF:src\data\repositories\LocationRepositoryImpl.ts
FN:15,(anonymous_0)
FN:20,(anonymous_1)
FN:25,(anonymous_2)
FN:30,(anonymous_3)
FN:31,(anonymous_4)
FN:34,(anonymous_5)
FN:38,(anonymous_6)
FNF:7
FNH:7
FNDA:3,(anonymous_0)
FNDA:3,(anonymous_1)
FNDA:1,(anonymous_2)
FNDA:1,(anonymous_3)
FNDA:1,(anonymous_4)
FNDA:1,(anonymous_5)
FNDA:3,(anonymous_6)
DA:21,3
DA:22,3
DA:26,1
DA:27,1
DA:31,1
DA:32,1
DA:34,1
DA:39,3
DA:40,2
DA:41,1
LF:10
LH:10
BRDA:39,0,0,1
BRDA:39,0,1,2
BRDA:40,1,0,1
BRDA:40,1,1,1
BRF:4
BRH:4
end_of_record
TN:
SF:src\data\repositories\MotoStatsRepositoryImpl.ts
FN:13,(anonymous_0)
FN:18,(anonymous_1)
FNF:2
FNH:0
FNDA:0,(anonymous_0)
FNDA:0,(anonymous_1)
DA:19,0
DA:20,0
LF:2
LH:0
BRDA:20,0,0,0
BRDA:20,0,1,0
BRF:2
BRH:0
end_of_record
TN:
SF:src\data\repositories\MotorcycleRepositoryImpl.ts
FN:10,(anonymous_0)
FN:15,(anonymous_1)
FN:17,(anonymous_2)
FN:20,(anonymous_3)
FN:25,(anonymous_4)
FN:30,(anonymous_5)
FN:38,(anonymous_6)
FN:42,(anonymous_7)
FNF:8
FNH:5
FNDA:1,(anonymous_0)
FNDA:1,(anonymous_1)
FNDA:1,(anonymous_2)
FNDA:0,(anonymous_3)
FNDA:1,(anonymous_4)
FNDA:0,(anonymous_5)
FNDA:0,(anonymous_6)
FNDA:1,(anonymous_7)
DA:16,1
DA:17,1
DA:21,0
DA:22,0
DA:26,1
DA:27,1
DA:31,0
DA:35,0
DA:39,0
DA:43,1
LF:10
LH:5
BRDA:22,0,0,0
BRDA:22,0,1,0
BRF:2
BRH:0
end_of_record
TN:
SF:src\data\repositories\RouteRepositoryImpl.ts
FN:10,(anonymous_0)
FN:15,(anonymous_1)
FN:17,(anonymous_2)
FN:20,(anonymous_3)
FN:25,(anonymous_4)
FN:30,(anonymous_5)
FN:35,(anonymous_6)
FN:39,(anonymous_7)
FN:44,(anonymous_8)
FN:52,(anonymous_9)
FNF:10
FNH:5
FNDA:1,(anonymous_0)
FNDA:0,(anonymous_1)
FNDA:0,(anonymous_2)
FNDA:0,(anonymous_3)
FNDA:1,(anonymous_4)
FNDA:0,(anonymous_5)
FNDA:0,(anonymous_6)
FNDA:1,(anonymous_7)
FNDA:2,(anonymous_8)
FNDA:3,(anonymous_9)
DA:16,0
DA:17,0
DA:21,0
DA:22,0
DA:26,1
DA:27,1
DA:31,0
DA:32,0
DA:36,0
DA:40,1
DA:44,2
DA:52,3
LF:12
LH:5
BRDA:22,0,0,0
BRDA:22,0,1,0
BRF:2
BRH:0
end_of_record
TN:
SF:src\domain\entities\AutonomyEstimate.ts
FN:31,(anonymous_0)
FN:44,(anonymous_1)
FNF:2
FNH:2
FNDA:10,(anonymous_0)
FNDA:3,(anonymous_1)
DA:32,10
DA:33,10
DA:34,10
DA:35,10
DA:36,10
DA:37,10
DA:38,10
DA:39,10
DA:41,10
DA:45,3
LF:10
LH:10
BRF:0
BRH:0
end_of_record
TN:
SF:src\domain\entities\FuelStation.ts
FN:34,(anonymous_0)
FN:48,(anonymous_1)
FNF:2
FNH:2
FNDA:3,(anonymous_0)
FNDA:2,(anonymous_1)
DA:35,3
DA:36,3
DA:37,3
DA:38,3
DA:39,3
DA:40,3
DA:41,3
DA:42,3
DA:43,3
DA:45,3
DA:49,2
LF:11
LH:11
BRDA:41,0,0,3
BRDA:41,0,1,0
BRDA:42,1,0,3
BRDA:42,1,1,0
BRDA:43,2,0,3
BRDA:43,2,1,1
BRDA:49,3,0,1
BRDA:49,3,1,1
BRF:8
BRH:6
end_of_record
TN:
SF:src\domain\entities\FuelStop.ts
FN:22,(anonymous_0)
FNF:1
FNH:1
FNDA:9,(anonymous_0)
DA:23,9
DA:24,9
DA:25,9
DA:26,9
DA:27,9
DA:29,9
LF:6
LH:6
BRF:0
BRH:0
end_of_record
TN:
SF:src\domain\entities\GeoLocation.ts
FN:25,(anonymous_0)
FN:37,(anonymous_1)
FNF:2
FNH:2
FNDA:10,(anonymous_0)
FNDA:3,(anonymous_1)
DA:26,10
DA:27,10
DA:28,10
DA:29,10
DA:30,10
DA:31,10
DA:33,10
DA:38,3
LF:8
LH:8
BRDA:28,0,0,10
BRDA:28,0,1,0
BRDA:29,1,0,10
BRDA:29,1,1,0
BRDA:30,2,0,10
BRDA:30,2,1,0
BRDA:31,3,0,10
BRDA:31,3,1,0
BRF:8
BRH:4
end_of_record
TN:
SF:src\domain\entities\Motorcycle.ts
FN:37,(anonymous_0)
FN:54,(anonymous_1)
FN:58,(anonymous_2)
FNF:3
FNH:3
FNDA:39,(anonymous_0)
FNDA:8,(anonymous_1)
FNDA:2,(anonymous_2)
DA:38,39
DA:39,39
DA:40,39
DA:41,39
DA:42,39
DA:43,39
DA:44,39
DA:45,39
DA:46,39
DA:47,39
DA:48,39
DA:50,39
DA:55,8
DA:59,2
DA:60,1
LF:15
LH:15
BRDA:43,0,0,39
BRDA:43,0,1,38
BRDA:47,1,0,39
BRDA:47,1,1,4
BRDA:48,2,0,39
BRDA:48,2,1,2
BRDA:59,3,0,1
BRDA:59,3,1,1
BRDA:59,4,0,2
BRDA:59,4,1,1
BRF:10
BRH:10
end_of_record
TN:
SF:src\domain\entities\MotorcycleSpecs.ts
FN:33,(anonymous_0)
FNF:1
FNH:1
FNDA:3,(anonymous_0)
DA:34,3
DA:35,3
DA:36,3
DA:37,3
DA:38,3
DA:39,3
DA:40,3
DA:41,3
DA:42,3
DA:44,3
LF:10
LH:10
BRDA:39,0,0,3
BRDA:39,0,1,1
BRDA:40,1,0,3
BRDA:40,1,1,0
BRF:4
BRH:3
end_of_record
TN:
SF:src\domain\entities\Rider.ts
FN:22,(anonymous_0)
FN:32,(anonymous_1)
FNF:2
FNH:2
FNDA:31,(anonymous_0)
FNDA:2,(anonymous_1)
DA:23,31
DA:24,31
DA:25,31
DA:26,31
DA:27,31
DA:29,31
DA:33,2
DA:34,2
LF:8
LH:8
BRDA:26,0,0,31
BRDA:26,0,1,31
BRDA:27,1,0,31
BRDA:27,1,1,1
BRDA:33,2,0,2
BRDA:33,2,1,1
BRF:6
BRH:6
end_of_record
TN:
SF:src\domain\entities\RidingConditions.ts
FN:20,(anonymous_0)
FN:28,(anonymous_1)
FNF:2
FNH:2
FNDA:9,(anonymous_0)
FNDA:5,(anonymous_1)
DA:21,9
DA:22,9
DA:23,9
DA:25,9
DA:29,5
LF:5
LH:5
BRF:0
BRH:0
end_of_record
TN:
SF:src\domain\entities\Route.ts
FN:37,(anonymous_0)
FN:52,(anonymous_1)
FN:53,(anonymous_2)
FN:56,(anonymous_3)
FNF:4
FNH:4
FNDA:36,(anonymous_0)
FNDA:1,(anonymous_1)
FNDA:3,(anonymous_2)
FNDA:2,(anonymous_3)
DA:38,36
DA:39,36
DA:40,36
DA:41,36
DA:42,36
DA:43,36
DA:44,36
DA:45,36
DA:46,36
DA:48,36
DA:53,3
DA:57,2
DA:58,2
DA:59,2
DA:60,1
LF:15
LH:15
BRDA:43,0,0,36
BRDA:43,0,1,0
BRDA:44,1,0,36
BRDA:44,1,1,0
BRDA:45,2,0,36
BRDA:45,2,1,0
BRDA:46,3,0,36
BRDA:46,3,1,1
BRDA:59,4,0,1
BRDA:59,4,1,1
BRF:10
BRH:7
end_of_record
TN:
SF:src\domain\entities\RouteDirections.ts
FN:18,(anonymous_0)
FNF:1
FNH:1
FNDA:7,(anonymous_0)
DA:19,7
DA:20,7
DA:21,7
DA:23,7
LF:4
LH:4
BRF:0
BRH:0
end_of_record
TN:
SF:src\domain\entities\Waypoint.ts
FN:24,(anonymous_0)
FN:36,(anonymous_1)
FNF:2
FNH:2
FNDA:98,(anonymous_0)
FNDA:3,(anonymous_1)
DA:25,98
DA:26,98
DA:27,98
DA:28,98
DA:29,98
DA:30,98
DA:32,98
DA:37,3
LF:8
LH:8
BRF:0
BRH:0
end_of_record
TN:
SF:src\domain\geo\geoMath.ts
FN:5,(anonymous_0)
FN:8,haversineKm
FN:20,polylineLengthKm
FN:32,pointAtDistanceAlong
FNF:4
FNH:4
FNDA:96,(anonymous_0)
FNDA:24,haversineKm
FNDA:3,polylineLengthKm
FNDA:11,pointAtDistanceAlong
DA:3,3
DA:5,96
DA:9,24
DA:10,24
DA:11,24
DA:12,24
DA:14,24
DA:16,24
DA:21,3
DA:22,3
DA:23,4
DA:25,3
DA:36,11
DA:37,10
DA:39,9
DA:40,9
DA:41,17
DA:42,17
DA:43,1
DA:44,1
DA:53,16
DA:55,8
LF:22
LH:22
BRDA:36,0,0,1
BRDA:36,0,1,10
BRDA:37,1,0,1
BRDA:37,1,1,9
BRDA:42,2,0,1
BRDA:42,2,1,16
BRDA:43,3,0,0
BRDA:43,3,1,1
BRF:8
BRH:7
end_of_record
TN:
SF:src\domain\useCases\UseCase.ts
FNF:0
FNH:0
LF:0
LH:0
BRF:0
BRH:0
end_of_record
TN:
SF:src\domain\useCases\CalculateDirectionsUseCase\index.ts
FN:20,(anonymous_0)
FN:25,(anonymous_1)
FNF:2
FNH:2
FNDA:2,(anonymous_0)
FNDA:2,(anonymous_1)
DA:26,2
DA:27,1
DA:31,1
LF:3
LH:3
BRDA:26,0,0,1
BRDA:26,0,1,1
BRF:2
BRH:2
end_of_record
TN:
SF:src\domain\useCases\CreateMotorcycleUseCase\index.ts
FN:13,(anonymous_0)
FN:18,(anonymous_1)
FNF:2
FNH:2
FNDA:3,(anonymous_0)
FNDA:3,(anonymous_1)
DA:19,3
DA:20,1
DA:22,2
DA:23,1
DA:25,1
LF:5
LH:5
BRDA:19,0,0,1
BRDA:19,0,1,2
BRDA:22,1,0,1
BRDA:22,1,1,1
BRF:4
BRH:4
end_of_record
TN:
SF:src\domain\useCases\CreateRouteUseCase\index.ts
FN:10,(anonymous_0)
FN:15,(anonymous_1)
FNF:2
FNH:2
FNDA:3,(anonymous_0)
FNDA:3,(anonymous_1)
DA:16,3
DA:17,1
DA:19,2
DA:20,1
DA:22,1
LF:5
LH:5
BRDA:16,0,0,1
BRDA:16,0,1,2
BRDA:19,1,0,1
BRDA:19,1,1,1
BRF:4
BRH:4
end_of_record
TN:
SF:src\domain\useCases\DeleteMotorcycleUseCase\index.ts
FN:9,(anonymous_0)
FN:14,(anonymous_1)
FNF:2
FNH:2
FNDA:1,(anonymous_0)
FNDA:1,(anonymous_1)
DA:15,1
LF:1
LH:1
BRF:0
BRH:0
end_of_record
TN:
SF:src\domain\useCases\DeleteRouteUseCase\index.ts
FN:9,(anonymous_0)
FN:14,(anonymous_1)
FNF:2
FNH:2
FNDA:1,(anonymous_0)
FNDA:1,(anonymous_1)
DA:15,1
LF:1
LH:1
BRF:0
BRH:0
end_of_record
TN:
SF:src\domain\useCases\EstimateAutonomyUseCase\index.ts
FN:29,(anonymous_0)
FN:68,(anonymous_1)
FN:91,(anonymous_2)
FN:121,(anonymous_3)
FNF:4
FNH:4
FNDA:6,(anonymous_0)
FNDA:5,(anonymous_1)
FNDA:5,(anonymous_2)
FNDA:5,(anonymous_3)
DA:18,2
DA:30,6
DA:32,6
DA:33,6
DA:34,1
DA:37,5
DA:38,5
DA:40,5
DA:41,5
DA:43,5
DA:44,5
DA:46,5
DA:48,5
DA:49,5
DA:55,5
DA:69,5
DA:70,5
DA:71,5
DA:72,5
DA:74,5
DA:76,1
DA:77,1
DA:79,4
DA:80,4
DA:82,0
DA:83,0
DA:86,0
DA:88,5
DA:96,5
DA:97,5
DA:99,5
DA:100,5
DA:101,5
DA:103,7
DA:104,7
DA:105,7
DA:115,7
DA:116,7
DA:118,5
DA:125,5
DA:126,5
DA:127,5
DA:128,5
DA:129,5
DA:130,5
LF:45
LH:42
BRDA:33,0,0,1
BRDA:33,0,1,5
BRDA:46,1,0,5
BRDA:46,1,1,0
BRDA:70,2,0,2
BRDA:70,2,1,3
BRDA:71,3,0,1
BRDA:71,3,1,4
BRDA:72,4,0,1
BRDA:72,4,1,4
BRDA:74,5,0,1
BRDA:74,5,1,4
BRDA:74,5,2,0
BRDA:74,5,3,0
BRDA:74,5,4,0
BRDA:97,6,0,0
BRDA:97,6,1,5
BRDA:103,7,0,7
BRDA:103,7,1,0
BRDA:103,7,2,0
BRDA:104,8,0,7
BRDA:104,8,1,0
BRDA:126,9,0,2
BRDA:126,9,1,3
BRDA:127,10,0,1
BRDA:127,10,1,4
BRDA:128,11,0,1
BRDA:128,11,1,4
BRF:28
BRH:20
end_of_record
TN:
SF:src\domain\useCases\FetchMotorcycleSpecsUseCase\index.ts
FN:16,(anonymous_0)
FN:21,(anonymous_1)
FNF:2
FNH:2
FNDA:2,(anonymous_0)
FNDA:2,(anonymous_1)
DA:22,2
DA:23,1
DA:25,1
LF:3
LH:3
BRDA:22,0,0,1
BRDA:22,0,1,1
BRDA:22,1,0,2
BRDA:22,1,1,1
BRF:4
BRH:4
end_of_record
TN:
SF:src\domain\useCases\FindFuelStationsUseCase\index.ts
FN:14,(anonymous_0)
FN:19,(anonymous_1)
FNF:2
FNH:2
FNDA:1,(anonymous_0)
FNDA:1,(anonymous_1)
DA:20,1
DA:21,0
LF:2
LH:1
BRDA:20,0,0,1
BRDA:20,0,1,0
BRF:2
BRH:1
end_of_record
TN:
SF:src\domain\useCases\GetAllMotorcyclesUseCase\index.ts
FN:10,(anonymous_0)
FN:15,(anonymous_1)
FNF:2
FNH:2
FNDA:1,(anonymous_0)
FNDA:1,(anonymous_1)
DA:16,1
LF:1
LH:1
BRF:0
BRH:0
end_of_record
TN:
SF:src\domain\useCases\GetAllRoutesUseCase\index.ts
FN:10,(anonymous_0)
FN:15,(anonymous_1)
FNF:2
FNH:2
FNDA:1,(anonymous_0)
FNDA:1,(anonymous_1)
DA:16,1
LF:1
LH:1
BRF:0
BRH:0
end_of_record
TN:
SF:src\domain\useCases\GetCurrentLocationUseCase\index.ts
FN:11,(anonymous_0)
FN:16,(anonymous_1)
FNF:2
FNH:2
FNDA:2,(anonymous_0)
FNDA:2,(anonymous_1)
DA:17,2
LF:1
LH:1
BRF:0
BRH:0
end_of_record
TN:
SF:src\domain\useCases\GetCurrentRiderUseCase\index.ts
FN:10,(anonymous_0)
FN:15,(anonymous_1)
FNF:2
FNH:2
FNDA:1,(anonymous_0)
FNDA:1,(anonymous_1)
DA:16,1
LF:1
LH:1
BRF:0
BRH:0
end_of_record
TN:
SF:src\domain\useCases\GetMotorcycleUseCase\index.ts
FN:13,(anonymous_0)
FN:18,(anonymous_1)
FNF:2
FNH:2
FNDA:1,(anonymous_0)
FNDA:1,(anonymous_1)
DA:19,1
LF:1
LH:1
BRF:0
BRH:0
end_of_record
TN:
SF:src\domain\useCases\GetRouteUseCase\index.ts
FN:10,(anonymous_0)
FN:15,(anonymous_1)
FNF:2
FNH:2
FNDA:1,(anonymous_0)
FNDA:1,(anonymous_1)
DA:16,1
LF:1
LH:1
BRF:0
BRH:0
end_of_record
TN:
SF:src\domain\useCases\ObserveAuthStateUseCase\index.ts
FN:16,(anonymous_0)
FN:21,(anonymous_1)
FNF:2
FNH:2
FNDA:1,(anonymous_0)
FNDA:1,(anonymous_1)
DA:22,1
LF:1
LH:1
BRF:0
BRH:0
end_of_record
TN:
SF:src\domain\useCases\RequestLocationPermissionUseCase\index.ts
FN:16,(anonymous_0)
FN:21,(anonymous_1)
FNF:2
FNH:2
FNDA:2,(anonymous_0)
FNDA:2,(anonymous_1)
DA:22,2
LF:1
LH:1
BRF:0
BRH:0
end_of_record
TN:
SF:src\domain\useCases\SignInUseCase\index.ts
FN:13,(anonymous_0)
FN:18,(anonymous_1)
FNF:2
FNH:2
FNDA:2,(anonymous_0)
FNDA:2,(anonymous_1)
DA:19,2
DA:21,2
DA:22,1
DA:25,1
LF:4
LH:4
BRDA:21,0,0,1
BRDA:21,0,1,1
BRDA:21,1,0,2
BRDA:21,1,1,1
BRF:4
BRH:4
end_of_record
TN:
SF:src\domain\useCases\SignOutUseCase\index.ts
FN:9,(anonymous_0)
FN:14,(anonymous_1)
FNF:2
FNH:2
FNDA:1,(anonymous_0)
FNDA:1,(anonymous_1)
DA:15,1
LF:1
LH:1
BRF:0
BRH:0
end_of_record
TN:
SF:src\domain\useCases\SignUpUseCase\index.ts
FN:13,(anonymous_0)
FN:18,(anonymous_1)
FNF:2
FNH:2
FNDA:3,(anonymous_0)
FNDA:3,(anonymous_1)
DA:19,3
DA:20,3
DA:22,3
DA:23,1
DA:25,2
DA:26,1
DA:29,1
LF:7
LH:7
BRDA:22,0,0,1
BRDA:22,0,1,2
BRDA:22,1,0,3
BRDA:22,1,1,2
BRDA:22,1,2,2
BRDA:25,2,0,1
BRDA:25,2,1,1
BRF:7
BRH:7
end_of_record
TN:
SF:src\domain\useCases\UpdateMotorcycleUseCase\index.ts
FN:13,(anonymous_0)
FN:18,(anonymous_1)
FNF:2
FNH:2
FNDA:2,(anonymous_0)
FNDA:2,(anonymous_1)
DA:19,2
DA:20,1
DA:22,1
LF:3
LH:3
BRDA:19,0,0,1
BRDA:19,0,1,1
BRF:2
BRH:2
end_of_record
TN:
SF:src\domain\useCases\UpdateRouteUseCase\index.ts
FN:10,(anonymous_0)
FN:15,(anonymous_1)
FNF:2
FNH:2
FNDA:2,(anonymous_0)
FNDA:2,(anonymous_1)
DA:16,2
DA:17,1
DA:19,1
LF:3
LH:3
BRDA:16,0,0,1
BRDA:16,0,1,1
BRF:2
BRH:2
end_of_record
TN:
SF:src\domain\useCases\WatchLocationUseCase\index.ts
FN:18,(anonymous_0)
FN:23,(anonymous_1)
FNF:2
FNH:2
FNDA:1,(anonymous_0)
FNDA:1,(anonymous_1)
DA:24,1
LF:1
LH:1
BRF:0
BRH:0
end_of_record
TN:
SF:src\ui\screens\Auth\AuthViewModel.ts
FN:25,(anonymous_0)
FN:36,(anonymous_1)
FN:40,(anonymous_2)
FN:46,(anonymous_3)
FN:47,(anonymous_4)
FN:52,(anonymous_5)
FN:53,(anonymous_6)
FN:58,(anonymous_7)
FN:59,(anonymous_8)
FN:66,(anonymous_9)
FN:73,(anonymous_10)
FN:84,(anonymous_11)
FN:92,(anonymous_12)
FN:103,(anonymous_13)
FN:104,(anonymous_14)
FN:116,(anonymous_15)
FN:121,(anonymous_16)
FN:127,(anonymous_17)
FN:135,(anonymous_18)
FNF:19
FNH:19
FNDA:5,(anonymous_0)
FNDA:4,(anonymous_1)
FNDA:2,(anonymous_2)
FNDA:3,(anonymous_3)
FNDA:3,(anonymous_4)
FNDA:3,(anonymous_5)
FNDA:3,(anonymous_6)
FNDA:2,(anonymous_7)
FNDA:2,(anonymous_8)
FNDA:2,(anonymous_9)
FNDA:1,(anonymous_10)
FNDA:2,(anonymous_11)
FNDA:1,(anonymous_12)
FNDA:1,(anonymous_13)
FNDA:1,(anonymous_14)
FNDA:8,(anonymous_15)
FNDA:8,(anonymous_16)
FNDA:2,(anonymous_17)
FNDA:2,(anonymous_18)
DA:14,5
DA:15,5
DA:16,5
DA:19,5
DA:20,5
DA:21,5
DA:23,5
DA:31,5
DA:37,4
DA:41,2
DA:47,3
DA:48,3
DA:53,3
DA:54,3
DA:59,2
DA:60,2
DA:67,2
DA:68,2
DA:69,2
DA:73,1
DA:74,1
DA:76,1
DA:77,1
DA:79,1
DA:80,1
DA:85,2
DA:86,2
DA:87,2
DA:92,1
DA:93,1
DA:95,1
DA:96,1
DA:98,1
DA:99,1
DA:104,1
DA:105,1
DA:106,1
DA:107,1
DA:108,1
DA:109,1
DA:110,1
DA:121,8
DA:122,8
DA:123,8
DA:128,2
DA:131,2
DA:132,2
DA:136,2
DA:137,2
DA:138,1
DA:140,1
DA:141,1
DA:143,0
DA:144,0
DA:146,0
DA:147,0
DA:149,0
LF:57
LH:52
BRDA:37,0,0,4
BRDA:37,0,1,3
BRDA:41,1,0,2
BRDA:41,1,1,2
BRDA:129,2,0,2
BRDA:129,2,1,0
BRDA:136,3,0,2
BRDA:136,3,1,0
BRDA:137,4,0,1
BRDA:137,4,1,1
BRDA:140,5,0,1
BRDA:140,5,1,0
BRDA:143,6,0,0
BRDA:143,6,1,0
BRDA:146,7,0,0
BRDA:146,7,1,0
BRF:16
BRH:9
end_of_record
TN:
SF:src\ui\screens\Garage\GarageViewModel.ts
FN:24,(anonymous_0)
FN:35,(anonymous_1)
FN:39,(anonymous_2)
FN:43,(anonymous_3)
FN:51,(anonymous_4)
FN:60,(anonymous_5)
FN:64,(anonymous_6)
FN:66,(anonymous_7)
FN:76,(anonymous_8)
FN:77,(anonymous_9)
FN:86,(anonymous_10)
FN:91,(anonymous_11)
FN:105,(anonymous_12)
FNF:13
FNH:11
FNDA:4,(anonymous_0)
FNDA:3,(anonymous_1)
FNDA:2,(anonymous_2)
FNDA:4,(anonymous_3)
FNDA:3,(anonymous_4)
FNDA:1,(anonymous_5)
FNDA:1,(anonymous_6)
FNDA:1,(anonymous_7)
FNDA:0,(anonymous_8)
FNDA:0,(anonymous_9)
FNDA:10,(anonymous_10)
FNDA:10,(anonymous_11)
FNDA:1,(anonymous_12)
DA:15,4
DA:16,4
DA:17,4
DA:19,4
DA:20,4
DA:22,4
DA:32,4
DA:36,3
DA:40,2
DA:44,4
DA:45,4
DA:46,4
DA:47,4
DA:48,1
DA:50,3
DA:51,3
DA:52,3
DA:54,3
DA:56,1
DA:61,1
DA:62,1
DA:63,1
DA:64,1
DA:65,1
DA:66,1
DA:68,1
DA:69,1
DA:71,0
DA:72,0
DA:77,0
DA:78,0
DA:79,0
DA:80,0
DA:81,0
DA:82,0
DA:91,10
DA:92,10
DA:94,8
DA:95,8
DA:96,8
DA:98,2
DA:99,2
DA:100,2
DA:106,1
DA:109,1
DA:110,1
LF:46
LH:38
BRDA:36,0,0,3
BRDA:36,0,1,3
BRDA:40,1,0,2
BRDA:40,1,1,2
BRDA:40,2,0,2
BRDA:40,2,1,0
BRDA:47,3,0,1
BRDA:47,3,1,3
BRDA:66,4,0,1
BRDA:66,4,1,0
BRDA:92,5,0,8
BRDA:92,5,1,2
BRDA:107,6,0,1
BRDA:107,6,1,0
BRF:14
BRH:11
end_of_record
TN:
SF:src\ui\screens\Garage\MotorcycleFormViewModel.ts
FN:47,(anonymous_0)
FN:64,(anonymous_1)
FN:68,(anonymous_2)
FN:72,(anonymous_3)
FN:80,(anonymous_4)
FN:90,(anonymous_5)
FN:94,(anonymous_6)
FN:98,(anonymous_7)
FN:102,(anonymous_8)
FN:106,(anonymous_9)
FN:113,(anonymous_10)
FN:114,(anonymous_11)
FN:119,(anonymous_12)
FN:120,(anonymous_13)
FN:125,(anonymous_14)
FN:126,(anonymous_15)
FN:131,(anonymous_16)
FN:132,(anonymous_17)
FN:137,(anonymous_18)
FN:138,(anonymous_19)
FN:143,(anonymous_20)
FN:144,(anonymous_21)
FN:149,(anonymous_22)
FN:150,(anonymous_23)
FN:155,(anonymous_24)
FN:156,(anonymous_25)
FN:163,(anonymous_26)
FN:170,(anonymous_27)
FN:186,(anonymous_28)
FN:188,(anonymous_29)
FN:198,(anonymous_30)
FN:212,(anonymous_31)
FN:237,(anonymous_32)
FN:248,(anonymous_33)
FN:249,(anonymous_34)
FN:255,(anonymous_35)
FN:256,(anonymous_36)
FN:277,(anonymous_37)
FN:278,(anonymous_38)
FN:294,(anonymous_39)
FN:305,(anonymous_40)
FN:310,(anonymous_41)
FN:328,(anonymous_42)
FNF:43
FNH:31
FNDA:5,(anonymous_0)
FNDA:4,(anonymous_1)
FNDA:1,(anonymous_2)
FNDA:0,(anonymous_3)
FNDA:2,(anonymous_4)
FNDA:1,(anonymous_5)
FNDA:5,(anonymous_6)
FNDA:4,(anonymous_7)
FNDA:4,(anonymous_8)
FNDA:2,(anonymous_9)
FNDA:4,(anonymous_10)
FNDA:4,(anonymous_11)
FNDA:4,(anonymous_12)
FNDA:4,(anonymous_13)
FNDA:4,(anonymous_14)
FNDA:4,(anonymous_15)
FNDA:0,(anonymous_16)
FNDA:0,(anonymous_17)
FNDA:0,(anonymous_18)
FNDA:0,(anonymous_19)
FNDA:2,(anonymous_20)
FNDA:2,(anonymous_21)
FNDA:2,(anonymous_22)
FNDA:2,(anonymous_23)
FNDA:0,(anonymous_24)
FNDA:0,(anonymous_25)
FNDA:5,(anonymous_26)
FNDA:5,(anonymous_27)
FNDA:2,(anonymous_28)
FNDA:2,(anonymous_29)
FNDA:2,(anonymous_30)
FNDA:2,(anonymous_31)
FNDA:2,(anonymous_32)
FNDA:0,(anonymous_33)
FNDA:0,(anonymous_34)
FNDA:0,(anonymous_35)
FNDA:0,(anonymous_36)
FNDA:1,(anonymous_37)
FNDA:1,(anonymous_38)
FNDA:1,(anonymous_39)
FNDA:18,(anonymous_40)
FNDA:18,(anonymous_41)
FNDA:0,(anonymous_42)
DA:20,5
DA:21,5
DA:22,5
DA:23,5
DA:24,5
DA:25,5
DA:26,5
DA:27,5
DA:30,5
DA:31,5
DA:33,5
DA:34,5
DA:35,5
DA:36,5
DA:38,5
DA:39,5
DA:40,5
DA:42,5
DA:43,5
DA:44,5
DA:45,5
DA:59,5
DA:65,4
DA:69,1
DA:73,0
DA:81,2
DA:91,1
DA:95,5
DA:99,4
DA:103,4
DA:107,2
DA:108,2
DA:114,4
DA:115,4
DA:120,4
DA:121,4
DA:126,4
DA:127,4
DA:132,0
DA:133,0
DA:138,0
DA:139,0
DA:144,2
DA:145,2
DA:150,2
DA:151,2
DA:156,0
DA:157,0
DA:164,5
DA:165,5
DA:166,5
DA:167,5
DA:168,0
DA:170,5
DA:171,5
DA:174,5
DA:175,1
DA:176,1
DA:177,1
DA:180,5
DA:182,0
DA:187,2
DA:188,2
DA:189,2
DA:190,2
DA:192,2
DA:193,2
DA:198,2
DA:199,2
DA:200,1
DA:201,1
DA:203,1
DA:206,2
DA:208,0
DA:213,2
DA:214,2
DA:215,2
DA:216,0
DA:218,2
DA:231,2
DA:232,1
DA:234,1
DA:237,2
DA:238,2
DA:240,2
DA:241,2
DA:243,0
DA:244,0
DA:249,0
DA:250,0
DA:251,0
DA:256,0
DA:257,0
DA:258,0
DA:259,0
DA:260,0
DA:261,0
DA:262,0
DA:263,0
DA:264,0
DA:265,0
DA:266,0
DA:267,0
DA:268,0
DA:269,0
DA:270,0
DA:271,0
DA:278,1
DA:279,1
DA:280,1
DA:281,1
DA:282,1
DA:283,1
DA:284,1
DA:285,1
DA:286,1
DA:287,1
DA:288,1
DA:295,1
DA:296,1
DA:297,1
DA:298,1
DA:300,1
DA:301,1
DA:310,18
DA:311,18
DA:313,10
DA:314,10
DA:315,10
DA:317,4
DA:318,4
DA:319,4
DA:321,4
DA:322,4
DA:323,4
DA:329,0
DA:332,0
DA:333,0
LF:138
LH:103
BRDA:69,0,0,1
BRDA:69,0,1,0
BRDA:74,1,0,0
BRDA:74,1,1,0
BRDA:74,1,2,0
BRDA:82,2,0,2
BRDA:82,2,1,1
BRDA:82,2,2,1
BRDA:82,2,3,1
BRDA:82,2,4,1
BRDA:95,3,0,5
BRDA:95,3,1,0
BRDA:99,4,0,4
BRDA:99,4,1,0
BRDA:103,5,0,4
BRDA:103,5,1,0
BRDA:108,6,0,1
BRDA:108,6,1,1
BRDA:108,7,0,2
BRDA:108,7,1,1
BRDA:167,8,0,0
BRDA:167,8,1,5
BRDA:174,9,0,1
BRDA:174,9,1,4
BRDA:176,10,0,1
BRDA:176,10,1,0
BRDA:199,11,0,1
BRDA:199,11,1,1
BRDA:215,12,0,0
BRDA:215,12,1,2
BRDA:219,13,0,2
BRDA:219,13,1,1
BRDA:224,14,0,2
BRDA:224,14,1,2
BRDA:231,15,0,1
BRDA:231,15,1,1
BRDA:284,16,0,1
BRDA:284,16,1,1
BRDA:288,17,0,1
BRDA:288,17,1,0
BRDA:297,18,0,1
BRDA:297,18,1,0
BRDA:300,19,0,1
BRDA:300,19,1,0
BRDA:311,20,0,10
BRDA:311,20,1,4
BRDA:311,20,2,4
BRDA:330,21,0,0
BRDA:330,21,1,0
BRF:49
BRH:34
end_of_record
TN:
SF:src\ui\screens\Routes\RouteDetailViewModel.ts
FN:49,(anonymous_0)
FN:68,(anonymous_1)
FN:70,(anonymous_2)
FN:74,(anonymous_3)
FN:78,(anonymous_4)
FN:84,(anonymous_5)
FN:98,(anonymous_6)
FN:109,(anonymous_7)
FN:110,(anonymous_8)
FN:117,(anonymous_9)
FN:118,(anonymous_10)
FN:125,(anonymous_11)
FN:126,(anonymous_12)
FN:133,(anonymous_13)
FN:134,(anonymous_14)
FN:141,(anonymous_15)
FN:164,(anonymous_16)
FN:174,(anonymous_17)
FN:180,(anonymous_18)
FN:191,(anonymous_19)
FN:192,(anonymous_20)
FN:212,(anonymous_21)
FN:215,(anonymous_22)
FN:223,(anonymous_23)
FN:232,(anonymous_24)
FN:237,(anonymous_25)
FN:259,(anonymous_26)
FNF:27
FNH:15
FNDA:4,(anonymous_0)
FNDA:5,(anonymous_1)
FNDA:4,(anonymous_2)
FNDA:1,(anonymous_3)
FNDA:2,(anonymous_4)
FNDA:4,(anonymous_5)
FNDA:4,(anonymous_6)
FNDA:0,(anonymous_7)
FNDA:0,(anonymous_8)
FNDA:1,(anonymous_9)
FNDA:1,(anonymous_10)
FNDA:0,(anonymous_11)
FNDA:0,(anonymous_12)
FNDA:0,(anonymous_13)
FNDA:0,(anonymous_14)
FNDA:2,(anonymous_15)
FNDA:2,(anonymous_16)
FNDA:0,(anonymous_17)
FNDA:0,(anonymous_18)
FNDA:0,(anonymous_19)
FNDA:0,(anonymous_20)
FNDA:2,(anonymous_21)
FNDA:2,(anonymous_22)
FNDA:0,(anonymous_23)
FNDA:12,(anonymous_24)
FNDA:12,(anonymous_25)
FNDA:0,(anonymous_26)
DA:23,4
DA:24,4
DA:25,4
DA:26,4
DA:27,4
DA:30,4
DA:31,4
DA:32,4
DA:35,4
DA:36,4
DA:37,4
DA:39,4
DA:40,4
DA:41,4
DA:43,4
DA:44,4
DA:45,4
DA:47,4
DA:63,4
DA:69,5
DA:70,4
DA:75,1
DA:79,2
DA:85,4
DA:86,4
DA:87,4
DA:88,4
DA:89,0
DA:91,4
DA:95,4
DA:96,0
DA:98,4
DA:99,4
DA:100,4
DA:101,4
DA:103,4
DA:105,0
DA:110,0
DA:111,0
DA:112,0
DA:113,0
DA:118,1
DA:119,1
DA:120,1
DA:121,1
DA:126,0
DA:127,0
DA:128,0
DA:129,0
DA:134,0
DA:135,0
DA:136,0
DA:137,0
DA:142,2
DA:143,2
DA:144,2
DA:145,0
DA:150,0
DA:153,2
DA:154,2
DA:155,2
DA:164,2
DA:165,2
DA:167,2
DA:168,2
DA:170,0
DA:175,0
DA:176,0
DA:177,0
DA:178,0
DA:179,0
DA:180,0
DA:181,0
DA:183,0
DA:184,0
DA:186,0
DA:187,0
DA:192,0
DA:193,0
DA:194,0
DA:195,0
DA:196,0
DA:197,0
DA:198,0
DA:199,0
DA:200,0
DA:201,0
DA:202,0
DA:203,0
DA:204,0
DA:205,0
DA:206,0
DA:213,2
DA:214,2
DA:215,2
DA:216,2
DA:218,2
DA:220,0
DA:221,0
DA:222,0
DA:223,0
DA:224,0
DA:226,0
DA:228,0
DA:237,12
DA:238,12
DA:240,8
DA:241,8
DA:242,8
DA:244,4
DA:245,4
DA:246,4
DA:248,0
DA:249,0
DA:250,0
DA:252,0
DA:253,0
DA:254,0
DA:260,0
DA:263,0
DA:264,0
LF:121
LH:61
BRDA:70,0,0,5
BRDA:70,0,1,1
BRDA:79,1,0,2
BRDA:79,1,1,2
BRDA:88,2,0,0
BRDA:88,2,1,4
BRDA:95,3,0,0
BRDA:95,3,1,4
BRDA:101,4,0,4
BRDA:101,4,1,1
BRDA:144,5,0,0
BRDA:144,5,1,2
BRDA:144,6,0,2
BRDA:144,6,1,2
BRDA:176,7,0,0
BRDA:176,7,1,0
BRDA:213,8,0,2
BRDA:213,8,1,0
BRDA:214,9,0,2
BRDA:214,9,1,0
BRDA:238,10,0,8
BRDA:238,10,1,4
BRDA:238,10,2,0
BRDA:238,10,3,0
BRDA:261,11,0,0
BRDA:261,11,1,0
BRF:26
BRH:15
end_of_record
TN:
SF:src\ui\screens\Routes\RoutePlannerViewModel.ts
FN:43,(anonymous_0)
FN:60,(anonymous_1)
FN:64,(anonymous_2)
FN:68,(anonymous_3)
FN:72,(anonymous_4)
FN:80,(anonymous_5)
FN:84,(anonymous_6)
FN:88,(anonymous_7)
FN:94,(anonymous_8)
FN:95,(anonymous_9)
FN:100,(anonymous_10)
FN:101,(anonymous_11)
FN:109,(anonymous_12)
FN:110,(anonymous_13)
FN:125,(anonymous_14)
FN:126,(anonymous_15)
FN:128,(anonymous_16)
FN:134,(anonymous_17)
FN:135,(anonymous_18)
FN:143,(anonymous_19)
FN:150,(anonymous_20)
FN:166,(anonymous_21)
FN:173,(anonymous_22)
FN:182,(anonymous_23)
FN:208,(anonymous_24)
FN:219,(anonymous_25)
FN:220,(anonymous_26)
FN:226,(anonymous_27)
FN:227,(anonymous_28)
FN:243,(anonymous_29)
FN:244,(anonymous_30)
FN:261,(anonymous_31)
FN:262,(anonymous_32)
FN:277,(anonymous_33)
FN:282,(anonymous_34)
FN:300,(anonymous_35)
FNF:36
FNH:21
FNDA:4,(anonymous_0)
FNDA:1,(anonymous_1)
FNDA:0,(anonymous_2)
FNDA:1,(anonymous_3)
FNDA:1,(anonymous_4)
FNDA:1,(anonymous_5)
FNDA:0,(anonymous_6)
FNDA:0,(anonymous_7)
FNDA:2,(anonymous_8)
FNDA:2,(anonymous_9)
FNDA:1,(anonymous_10)
FNDA:1,(anonymous_11)
FNDA:9,(anonymous_12)
FNDA:9,(anonymous_13)
FNDA:0,(anonymous_14)
FNDA:0,(anonymous_15)
FNDA:0,(anonymous_16)
FNDA:0,(anonymous_17)
FNDA:0,(anonymous_18)
FNDA:4,(anonymous_19)
FNDA:4,(anonymous_20)
FNDA:3,(anonymous_21)
FNDA:3,(anonymous_22)
FNDA:1,(anonymous_23)
FNDA:1,(anonymous_24)
FNDA:0,(anonymous_25)
FNDA:0,(anonymous_26)
FNDA:0,(anonymous_27)
FNDA:0,(anonymous_28)
FNDA:9,(anonymous_29)
FNDA:15,(anonymous_30)
FNDA:0,(anonymous_31)
FNDA:0,(anonymous_32)
FNDA:16,(anonymous_33)
FNDA:16,(anonymous_34)
FNDA:0,(anonymous_35)
DA:21,4
DA:22,4
DA:23,4
DA:24,4
DA:27,4
DA:28,4
DA:30,4
DA:31,4
DA:33,4
DA:34,4
DA:35,4
DA:37,4
DA:38,4
DA:39,4
DA:40,4
DA:41,4
DA:55,4
DA:61,1
DA:65,0
DA:69,1
DA:73,1
DA:81,1
DA:85,0
DA:89,0
DA:95,2
DA:96,2
DA:101,1
DA:102,1
DA:103,1
DA:110,9
DA:111,9
DA:112,9
DA:120,9
DA:121,9
DA:126,0
DA:127,0
DA:128,0
DA:130,0
DA:135,0
DA:136,0
DA:137,0
DA:144,4
DA:145,4
DA:146,4
DA:147,4
DA:148,0
DA:150,4
DA:151,4
DA:154,4
DA:155,0
DA:156,0
DA:157,0
DA:160,4
DA:162,0
DA:167,3
DA:168,3
DA:169,3
DA:173,3
DA:174,3
DA:176,3
DA:178,0
DA:183,1
DA:184,1
DA:185,1
DA:186,0
DA:188,1
DA:189,0
DA:191,1
DA:202,1
DA:203,0
DA:205,1
DA:208,1
DA:209,1
DA:211,1
DA:212,1
DA:214,0
DA:215,0
DA:220,0
DA:221,0
DA:222,0
DA:227,0
DA:228,0
DA:229,0
DA:230,0
DA:231,0
DA:232,0
DA:233,0
DA:234,0
DA:235,0
DA:236,0
DA:237,0
DA:244,9
DA:245,15
DA:246,15
DA:247,6
DA:248,5
DA:250,15
DA:262,0
DA:263,0
DA:264,0
DA:265,0
DA:266,0
DA:267,0
DA:268,0
DA:269,0
DA:282,16
DA:283,16
DA:285,8
DA:286,8
DA:287,8
DA:289,6
DA:290,6
DA:291,6
DA:293,2
DA:294,2
DA:295,2
DA:301,0
DA:304,0
DA:305,0
LF:119
LH:73
BRDA:65,0,0,0
BRDA:65,0,1,0
BRDA:74,1,0,1
BRDA:74,1,1,1
BRDA:74,1,2,1
BRDA:81,2,0,1
BRDA:81,2,1,0
BRDA:85,3,0,0
BRDA:85,3,1,0
BRDA:89,4,0,0
BRDA:89,4,1,0
BRDA:114,5,0,9
BRDA:114,5,1,9
BRDA:147,6,0,0
BRDA:147,6,1,4
BRDA:154,7,0,0
BRDA:154,7,1,4
BRDA:156,8,0,0
BRDA:156,8,1,0
BRDA:185,9,0,0
BRDA:185,9,1,1
BRDA:188,10,0,0
BRDA:188,10,1,1
BRDA:192,11,0,1
BRDA:192,11,1,1
BRDA:202,12,0,0
BRDA:202,12,1,1
BRDA:246,13,0,9
BRDA:246,13,1,6
BRDA:247,14,0,5
BRDA:247,14,1,1
BRDA:247,15,0,6
BRDA:247,15,1,5
BRDA:283,16,0,8
BRDA:283,16,1,6
BRDA:283,16,2,2
BRDA:302,17,0,0
BRDA:302,17,1,0
BRF:38
BRH:22
end_of_record
TN:
SF:src\ui\screens\Routes\RoutesViewModel.ts
FN:24,(anonymous_0)
FN:35,(anonymous_1)
FN:39,(anonymous_2)
FN:43,(anonymous_3)
FN:51,(anonymous_4)
FN:53,(anonymous_5)
FN:62,(anonymous_6)
FN:66,(anonymous_7)
FN:68,(anonymous_8)
FN:78,(anonymous_9)
FN:79,(anonymous_10)
FN:88,(anonymous_11)
FN:93,(anonymous_12)
FN:107,(anonymous_13)
FNF:14
FNH:10
FNDA:2,(anonymous_0)
FNDA:2,(anonymous_1)
FNDA:1,(anonymous_2)
FNDA:2,(anonymous_3)
FNDA:2,(anonymous_4)
FNDA:0,(anonymous_5)
FNDA:1,(anonymous_6)
FNDA:1,(anonymous_7)
FNDA:1,(anonymous_8)
FNDA:0,(anonymous_9)
FNDA:0,(anonymous_10)
FNDA:6,(anonymous_11)
FNDA:6,(anonymous_12)
FNDA:0,(anonymous_13)
DA:15,2
DA:16,2
DA:17,2
DA:19,2
DA:20,2
DA:22,2
DA:32,2
DA:36,2
DA:40,1
DA:44,2
DA:45,2
DA:46,2
DA:47,2
DA:48,0
DA:50,2
DA:51,2
DA:52,2
DA:53,0
DA:56,2
DA:58,0
DA:63,1
DA:64,1
DA:65,1
DA:66,1
DA:67,1
DA:68,1
DA:70,1
DA:71,1
DA:73,0
DA:74,0
DA:79,0
DA:80,0
DA:81,0
DA:82,0
DA:83,0
DA:84,0
DA:93,6
DA:94,6
DA:96,4
DA:97,4
DA:98,4
DA:100,2
DA:101,2
DA:102,2
DA:108,0
DA:111,0
DA:112,0
LF:47
LH:33
BRDA:36,0,0,2
BRDA:36,0,1,2
BRDA:40,1,0,1
BRDA:40,1,1,1
BRDA:40,2,0,1
BRDA:40,2,1,0
BRDA:47,3,0,0
BRDA:47,3,1,2
BRDA:68,4,0,1
BRDA:68,4,1,0
BRDA:94,5,0,4
BRDA:94,5,1,2
BRDA:109,6,0,0
BRDA:109,6,1,0
BRF:14
BRH:9
end_of_record
TN:
SF:src\ui\viewModels\LocationStore.ts
FN:34,(anonymous_0)
FN:47,(anonymous_1)
FN:51,(anonymous_2)
FN:56,(anonymous_3)
FN:63,(anonymous_4)
FN:72,(anonymous_5)
FN:76,(anonymous_6)
FN:88,(anonymous_7)
FN:92,(anonymous_8)
FN:102,(anonymous_9)
FN:107,(anonymous_10)
FN:108,(anonymous_11)
FN:120,(anonymous_12)
FN:122,(anonymous_13)
FN:123,(anonymous_14)
FN:132,(anonymous_15)
FN:137,(anonymous_16)
FN:151,(anonymous_17)
FNF:18
FNH:18
FNDA:9,(anonymous_0)
FNDA:3,(anonymous_1)
FNDA:3,(anonymous_2)
FNDA:3,(anonymous_3)
FNDA:9,(anonymous_4)
FNDA:8,(anonymous_5)
FNDA:7,(anonymous_6)
FNDA:6,(anonymous_7)
FNDA:5,(anonymous_8)
FNDA:1,(anonymous_9)
FNDA:1,(anonymous_10)
FNDA:1,(anonymous_11)
FNDA:6,(anonymous_12)
FNDA:1,(anonymous_13)
FNDA:1,(anonymous_14)
FNDA:29,(anonymous_15)
FNDA:29,(anonymous_16)
FNDA:3,(anonymous_17)
DA:22,9
DA:23,9
DA:24,9
DA:27,9
DA:28,9
DA:29,9
DA:31,9
DA:32,9
DA:42,9
DA:48,3
DA:52,3
DA:57,3
DA:64,9
DA:65,8
DA:66,8
DA:67,6
DA:68,6
DA:73,8
DA:74,8
DA:75,8
DA:76,7
DA:77,7
DA:79,7
DA:80,7
DA:82,1
DA:83,1
DA:89,6
DA:90,6
DA:91,6
DA:92,5
DA:93,5
DA:95,5
DA:97,1
DA:103,1
DA:104,1
DA:108,1
DA:109,1
DA:110,1
DA:111,1
DA:112,1
DA:113,1
DA:114,1
DA:121,6
DA:122,6
DA:123,1
DA:124,1
DA:128,1
DA:137,29
DA:138,29
DA:140,16
DA:141,16
DA:142,16
DA:144,13
DA:145,13
DA:146,13
DA:152,3
DA:155,3
DA:156,3
LF:58
LH:58
BRDA:57,0,0,2
BRDA:57,0,1,1
BRDA:64,1,0,1
BRDA:64,1,1,8
BRDA:66,2,0,2
BRDA:66,2,1,6
BRDA:138,3,0,16
BRDA:138,3,1,13
BRDA:153,4,0,3
BRDA:153,4,1,0
BRF:10
BRH:9
end_of_record
TN:
SF:src\ui\viewModels\SessionViewModel.ts
FN:28,(anonymous_0)
FN:37,(anonymous_1)
FN:41,(anonymous_2)
FN:45,(anonymous_3)
FN:49,(anonymous_4)
FN:50,(anonymous_5)
FN:60,(anonymous_6)
FN:72,(anonymous_7)
FN:77,(anonymous_8)
FN:82,(anonymous_9)
FN:96,(anonymous_10)
FNF:11
FNH:11
FNDA:5,(anonymous_0)
FNDA:2,(anonymous_1)
FNDA:2,(anonymous_2)
FNDA:2,(anonymous_3)
FNDA:1,(anonymous_4)
FNDA:1,(anonymous_5)
FNDA:2,(anonymous_6)
FNDA:1,(anonymous_7)
FNDA:7,(anonymous_8)
FNDA:7,(anonymous_9)
FNDA:2,(anonymous_10)
DA:18,5
DA:19,5
DA:20,5
DA:22,5
DA:23,5
DA:25,5
DA:26,5
DA:34,5
DA:38,2
DA:42,2
DA:46,2
DA:47,2
DA:48,2
DA:49,2
DA:50,1
DA:51,1
DA:52,1
DA:56,1
DA:61,2
DA:62,2
DA:63,2
DA:64,1
DA:65,1
DA:67,1
DA:68,1
DA:73,1
DA:74,1
DA:82,7
DA:83,7
DA:85,3
DA:86,3
DA:87,3
DA:89,4
DA:90,4
DA:91,4
DA:97,2
DA:100,2
DA:101,2
LF:38
LH:38
BRDA:46,0,0,0
BRDA:46,0,1,2
BRDA:83,1,0,3
BRDA:83,1,1,4
BRDA:98,2,0,2
BRDA:98,2,1,0
BRF:6
BRH:4
end_of_record
